15/10/2011 17:16:04 org.apache.catalina.core.AprLifecycleListener init
INFO: The APR based Apache Tomcat Native library which allows optimal performance in production environments was not found on the java.library.path: C:\Program Files\Java\jdk1.6.0_21\bin;.;C:\Windows\Sun\Java\bin;C:\Windows\system32;C:\Windows;C:\Program Files\ImageMagick-6.7.1-Q16;C:\Program Files (x86)\ImageMagick-6.7.1-Q16;C:\RailsInstaller\Git\cmd;C:\RailsInstaller\Ruby1.8.7\bin;C:\Program Files\Common Files\Microsoft Shared\Windows Live;C:\Program Files (x86)\Common Files\Microsoft Shared\Windows Live;C:\Program Files (x86)\NVIDIA Corporation\PhysX\Common;C:\Windows\system32;C:\Windows;C:\Windows\System32\Wbem;C:\Windows\System32\WindowsPowerShell\v1.0\;C:\Program Files (x86)\ATI Technologies\ATI.ACE\Core-Static;C:\Program Files (x86)\Windows Live\Shared;C:\Program Files\Intel\WiFi\bin\;C:\Program Files\Common Files\Intel\WirelessCommon\;C:\Program Files (x86)\QuickTime\QTSystem\;C:\Program Files\MATLAB\R2009b\runtime\win64;C:\Program Files\MATLAB\R2009b\bin;c:\altera\91sp2\quartus\bin
15/10/2011 17:16:06 org.apache.coyote.AbstractProtocol init
INFO: Initializing ProtocolHandler ["http-bio-8080"]
15/10/2011 17:16:07 org.apache.coyote.AbstractProtocol init
INFO: Initializing ProtocolHandler ["ajp-bio-8009"]
15/10/2011 17:16:07 org.apache.catalina.startup.Catalina load
INFO: Initialization processed in 4622 ms
15/10/2011 17:16:07 org.apache.catalina.core.StandardService startInternal
INFO: Starting service Catalina
15/10/2011 17:16:07 org.apache.catalina.core.StandardEngine startInternal
INFO: Starting Servlet Engine: Apache Tomcat/7.0.16
15/10/2011 17:16:07 org.apache.catalina.startup.HostConfig deployDescriptor
INFO: Deploying configuration descriptor Exame.xml from C:\Exame\lib\apache-tomcat-7.0.16\conf\Catalina\localhost
15/10/2011 17:16:12 org.apache.catalina.util.SessionIdGenerator createSecureRandom
INFO: Creation of SecureRandom instance for session ID generation using [SHA1PRNG] took [595] milliseconds.
15/10/2011 17:16:12 org.apache.catalina.startup.HostConfig deployDirectory
INFO: Deploying web application directory docs
15/10/2011 17:16:12 org.apache.catalina.startup.HostConfig deployDirectory
INFO: Deploying web application directory examples
15/10/2011 17:16:14 org.apache.catalina.startup.HostConfig deployDirectory
INFO: Deploying web application directory host-manager
15/10/2011 17:16:14 org.apache.catalina.startup.HostConfig deployDirectory
INFO: Deploying web application directory manager
15/10/2011 17:16:14 org.apache.catalina.startup.HostConfig deployDirectory
INFO: Deploying web application directory ROOT
15/10/2011 17:16:15 org.apache.coyote.AbstractProtocol start
INFO: Starting ProtocolHandler ["http-bio-8080"]
15/10/2011 17:16:15 org.apache.coyote.AbstractProtocol start
INFO: Starting ProtocolHandler ["ajp-bio-8009"]
15/10/2011 17:16:15 org.apache.catalina.startup.Catalina start
INFO: Server startup in 8074 ms
15/10/2011 17:16:17 org.apache.catalina.loader.WebappClassLoader clearReferencesJdbc
GRAVE: The web application [/Exame] registered the JDBC driver [org.postgresql.Driver] but failed to unregister it when the web application was stopped. To prevent a memory leak, the JDBC Driver has been forcibly unregistered.
15/10/2011 17:17:54 org.apache.catalina.core.StandardServer await
INFO: A valid shutdown command was received via the shutdown port. Stopping the Server instance.
15/10/2011 17:17:54 org.apache.coyote.AbstractProtocol pause
INFO: Pausing ProtocolHandler ["http-bio-8080"]
15/10/2011 17:17:55 org.apache.coyote.AbstractProtocol pause
INFO: Pausing ProtocolHandler ["ajp-bio-8009"]
15/10/2011 17:17:56 org.apache.catalina.core.StandardService stopInternal
INFO: Stopping service Catalina
15/10/2011 17:17:56 org.apache.coyote.AbstractProtocol stop
INFO: Stopping ProtocolHandler ["http-bio-8080"]
15/10/2011 17:17:56 org.apache.coyote.AbstractProtocol stop
INFO: Stopping ProtocolHandler ["ajp-bio-8009"]
15/10/2011 17:17:56 org.apache.coyote.AbstractProtocol destroy
INFO: Destroying ProtocolHandler ["http-bio-8080"]
15/10/2011 17:17:56 org.apache.coyote.AbstractProtocol destroy
INFO: Destroying ProtocolHandler ["ajp-bio-8009"]
15/10/2011 17:18:09 org.apache.catalina.core.AprLifecycleListener init
INFO: The APR based Apache Tomcat Native library which allows optimal performance in production environments was not found on the java.library.path: C:\Program Files\Java\jdk1.6.0_21\bin;.;C:\Windows\Sun\Java\bin;C:\Windows\system32;C:\Windows;C:\Program Files\ImageMagick-6.7.1-Q16;C:\Program Files (x86)\ImageMagick-6.7.1-Q16;C:\RailsInstaller\Git\cmd;C:\RailsInstaller\Ruby1.8.7\bin;C:\Program Files\Common Files\Microsoft Shared\Windows Live;C:\Program Files (x86)\Common Files\Microsoft Shared\Windows Live;C:\Program Files (x86)\NVIDIA Corporation\PhysX\Common;C:\Windows\system32;C:\Windows;C:\Windows\System32\Wbem;C:\Windows\System32\WindowsPowerShell\v1.0\;C:\Program Files (x86)\ATI Technologies\ATI.ACE\Core-Static;C:\Program Files (x86)\Windows Live\Shared;C:\Program Files\Intel\WiFi\bin\;C:\Program Files\Common Files\Intel\WirelessCommon\;C:\Program Files (x86)\QuickTime\QTSystem\;C:\Program Files\MATLAB\R2009b\runtime\win64;C:\Program Files\MATLAB\R2009b\bin;c:\altera\91sp2\quartus\bin
15/10/2011 17:18:09 org.apache.coyote.AbstractProtocol init
INFO: Initializing ProtocolHandler ["http-bio-8080"]
15/10/2011 17:18:09 org.apache.coyote.AbstractProtocol init
INFO: Initializing ProtocolHandler ["ajp-bio-8009"]
15/10/2011 17:18:09 org.apache.catalina.startup.Catalina load
INFO: Initialization processed in 977 ms
15/10/2011 17:18:09 org.apache.catalina.core.StandardService startInternal
INFO: Starting service Catalina
15/10/2011 17:18:09 org.apache.catalina.core.StandardEngine startInternal
INFO: Starting Servlet Engine: Apache Tomcat/7.0.16
15/10/2011 17:18:09 org.apache.catalina.startup.HostConfig deployDescriptor
INFO: Deploying configuration descriptor Exame.xml from C:\Exame\lib\apache-tomcat-7.0.16\conf\Catalina\localhost
15/10/2011 17:18:12 org.apache.catalina.startup.HostConfig deployDirectory
INFO: Deploying web application directory docs
15/10/2011 17:18:12 org.apache.catalina.startup.HostConfig deployDirectory
INFO: Deploying web application directory examples
15/10/2011 17:18:12 org.apache.catalina.startup.HostConfig deployDirectory
INFO: Deploying web application directory host-manager
15/10/2011 17:18:13 org.apache.catalina.startup.HostConfig deployDirectory
INFO: Deploying web application directory manager
15/10/2011 17:18:13 org.apache.catalina.startup.HostConfig deployDirectory
INFO: Deploying web application directory ROOT
15/10/2011 17:18:13 org.apache.coyote.AbstractProtocol start
INFO: Starting ProtocolHandler ["http-bio-8080"]
15/10/2011 17:18:13 org.apache.coyote.AbstractProtocol start
INFO: Starting ProtocolHandler ["ajp-bio-8009"]
15/10/2011 17:18:13 org.apache.catalina.startup.Catalina start
INFO: Server startup in 3611 ms
15/10/2011 17:18:16 org.apache.catalina.loader.WebappClassLoader clearReferencesJdbc
GRAVE: The web application [/Exame] registered the JDBC driver [org.postgresql.Driver] but failed to unregister it when the web application was stopped. To prevent a memory leak, the JDBC Driver has been forcibly unregistered.
15/10/2011 17:18:16 org.apache.catalina.startup.HostConfig checkResources
INFO: Undeploying context [/Exame]
15/10/2011 17:18:17 org.apache.catalina.startup.HostConfig deployDescriptor
INFO: Deploying configuration descriptor Exame.xml from C:\Exame\lib\apache-tomcat-7.0.16\conf\Catalina\localhost
15/10/2011 17:18:19 org.apache.catalina.util.LifecycleBase start
INFO: The start() method was called on component [StandardEngine[Catalina].StandardHost[localhost].StandardContext[/Exame]] after start() had already been called. The second call will be ignored.
15/10/2011 17:18:41 org.apache.catalina.core.StandardContext reload
INFO: Reloading Context with name [/Exame] has started
15/10/2011 17:18:43 org.apache.catalina.core.StandardContext reload
INFO: Reloading Context with name [/Exame] is completed
15/10/2011 17:19:23 org.apache.catalina.core.StandardContext reload
INFO: Reloading Context with name [/Exame] has started
15/10/2011 17:19:25 org.apache.catalina.core.StandardContext reload
INFO: Reloading Context with name [/Exame] is completed
15/10/2011 17:21:36 org.apache.catalina.core.StandardServer await
INFO: A valid shutdown command was received via the shutdown port. Stopping the Server instance.
15/10/2011 17:21:36 org.apache.coyote.AbstractProtocol pause
INFO: Pausing ProtocolHandler ["http-bio-8080"]
15/10/2011 17:21:37 org.apache.coyote.AbstractProtocol pause
INFO: Pausing ProtocolHandler ["ajp-bio-8009"]
15/10/2011 17:21:38 org.apache.catalina.core.StandardService stopInternal
INFO: Stopping service Catalina
15/10/2011 17:21:38 org.apache.coyote.AbstractProtocol stop
INFO: Stopping ProtocolHandler ["http-bio-8080"]
15/10/2011 17:21:38 org.apache.coyote.AbstractProtocol stop
INFO: Stopping ProtocolHandler ["ajp-bio-8009"]
15/10/2011 17:21:38 org.apache.coyote.AbstractProtocol destroy
INFO: Destroying ProtocolHandler ["http-bio-8080"]
15/10/2011 17:21:38 org.apache.coyote.AbstractProtocol destroy
INFO: Destroying ProtocolHandler ["ajp-bio-8009"]
15/10/2011 17:21:46 org.apache.catalina.core.AprLifecycleListener init
INFO: The APR based Apache Tomcat Native library which allows optimal performance in production environments was not found on the java.library.path: C:\Program Files\Java\jdk1.6.0_21\bin;.;C:\Windows\Sun\Java\bin;C:\Windows\system32;C:\Windows;C:\Program Files\ImageMagick-6.7.1-Q16;C:\Program Files (x86)\ImageMagick-6.7.1-Q16;C:\RailsInstaller\Git\cmd;C:\RailsInstaller\Ruby1.8.7\bin;C:\Program Files\Common Files\Microsoft Shared\Windows Live;C:\Program Files (x86)\Common Files\Microsoft Shared\Windows Live;C:\Program Files (x86)\NVIDIA Corporation\PhysX\Common;C:\Windows\system32;C:\Windows;C:\Windows\System32\Wbem;C:\Windows\System32\WindowsPowerShell\v1.0\;C:\Program Files (x86)\ATI Technologies\ATI.ACE\Core-Static;C:\Program Files (x86)\Windows Live\Shared;C:\Program Files\Intel\WiFi\bin\;C:\Program Files\Common Files\Intel\WirelessCommon\;C:\Program Files (x86)\QuickTime\QTSystem\;C:\Program Files\MATLAB\R2009b\runtime\win64;C:\Program Files\MATLAB\R2009b\bin;c:\altera\91sp2\quartus\bin
15/10/2011 17:21:46 org.apache.coyote.AbstractProtocol init
INFO: Initializing ProtocolHandler ["http-bio-8080"]
15/10/2011 17:21:46 org.apache.coyote.AbstractProtocol init
INFO: Initializing ProtocolHandler ["ajp-bio-8009"]
15/10/2011 17:21:46 org.apache.catalina.startup.Catalina load
INFO: Initialization processed in 852 ms
15/10/2011 17:21:46 org.apache.catalina.core.StandardService startInternal
INFO: Starting service Catalina
15/10/2011 17:21:46 org.apache.catalina.core.StandardEngine startInternal
INFO: Starting Servlet Engine: Apache Tomcat/7.0.16
15/10/2011 17:21:46 org.apache.catalina.startup.HostConfig deployDescriptor
INFO: Deploying configuration descriptor Exame.xml from C:\Exame\lib\apache-tomcat-7.0.16\conf\Catalina\localhost
15/10/2011 17:21:49 org.apache.catalina.startup.HostConfig deployDirectory
INFO: Deploying web application directory docs
15/10/2011 17:21:49 org.apache.catalina.startup.HostConfig deployDirectory
INFO: Deploying web application directory examples
15/10/2011 17:21:49 org.apache.catalina.startup.HostConfig deployDirectory
INFO: Deploying web application directory host-manager
15/10/2011 17:21:49 org.apache.catalina.startup.HostConfig deployDirectory
INFO: Deploying web application directory manager
15/10/2011 17:21:49 org.apache.catalina.startup.HostConfig deployDirectory
INFO: Deploying web application directory ROOT
15/10/2011 17:21:49 org.apache.coyote.AbstractProtocol start
INFO: Starting ProtocolHandler ["http-bio-8080"]
15/10/2011 17:21:49 org.apache.coyote.AbstractProtocol start
INFO: Starting ProtocolHandler ["ajp-bio-8009"]
15/10/2011 17:21:49 org.apache.catalina.startup.Catalina start
INFO: Server startup in 3341 ms
15/10/2011 17:21:50 org.apache.catalina.core.StandardContext reload
INFO: Reloading Context with name [/Exame] has started
15/10/2011 17:21:50 org.apache.catalina.loader.WebappClassLoader clearReferencesJdbc
GRAVE: The web application [/Exame] registered the JDBC driver [org.postgresql.Driver] but failed to unregister it when the web application was stopped. To prevent a memory leak, the JDBC Driver has been forcibly unregistered.
15/10/2011 17:21:52 org.apache.catalina.core.StandardContext reload
INFO: Reloading Context with name [/Exame] is completed
15/10/2011 17:23:09 org.apache.catalina.startup.HostConfig checkResources
INFO: Reloading context [/Exame]
15/10/2011 17:23:10 org.apache.catalina.util.LifecycleBase start
INFO: The start() method was called on component [StandardEngine[Catalina].StandardHost[localhost].StandardContext[/Exame]] after start() had already been called. The second call will be ignored.
15/10/2011 17:24:50 org.apache.catalina.startup.HostConfig checkResources
INFO: Reloading context [/Exame]
15/10/2011 17:24:52 org.apache.catalina.util.LifecycleBase start
INFO: The start() method was called on component [StandardEngine[Catalina].StandardHost[localhost].StandardContext[/Exame]] after start() had already been called. The second call will be ignored.
15/10/2011 17:24:52 org.apache.catalina.core.StandardContext reload
INFO: Reloading Context with name [/Exame] has started
15/10/2011 17:24:54 org.apache.catalina.core.StandardContext reload
INFO: Reloading Context with name [/Exame] is completed
15/10/2011 17:25:21 org.apache.catalina.core.StandardContext reload
INFO: Reloading Context with name [/Exame] has started
15/10/2011 17:25:24 org.apache.catalina.core.StandardContext reload
INFO: Reloading Context with name [/Exame] is completed
15/10/2011 17:29:34 org.apache.catalina.core.StandardContext reload
INFO: Reloading Context with name [/Exame] has started
15/10/2011 17:29:36 org.apache.catalina.core.StandardContext reload
INFO: Reloading Context with name [/Exame] is completed
15/10/2011 17:32:13 org.apache.catalina.core.StandardContext reload
INFO: Reloading Context with name [/Exame] has started
15/10/2011 17:32:16 org.apache.catalina.core.StandardContext reload
INFO: Reloading Context with name [/Exame] is completed
15/10/2011 17:32:18 org.apache.catalina.core.StandardContext reload
INFO: Reloading Context with name [/Exame] has started
15/10/2011 17:32:21 org.apache.catalina.core.StandardContext reload
INFO: Reloading Context with name [/Exame] is completed
15/10/2011 17:32:59 org.apache.catalina.core.StandardContext reload
INFO: Reloading Context with name [/Exame] has started
15/10/2011 17:33:02 org.apache.catalina.core.StandardContext reload
INFO: Reloading Context with name [/Exame] is completed
15/10/2011 17:33:02 org.apache.catalina.core.StandardContext reload
INFO: Reloading Context with name [/Exame] has started
15/10/2011 17:33:04 org.apache.catalina.core.StandardContext reload
INFO: Reloading Context with name [/Exame] is completed
15/10/2011 17:33:29 org.apache.catalina.core.StandardContext reload
INFO: Reloading Context with name [/Exame] has started
15/10/2011 17:33:31 org.apache.catalina.core.StandardContext reload
INFO: Reloading Context with name [/Exame] is completed
15/10/2011 17:34:29 org.apache.catalina.core.StandardContext reload
INFO: Reloading Context with name [/Exame] has started
15/10/2011 17:34:32 org.apache.catalina.core.StandardContext reload
INFO: Reloading Context with name [/Exame] is completed
15/10/2011 17:34:55 org.apache.catalina.core.StandardContext reload
INFO: Reloading Context with name [/Exame] has started
15/10/2011 17:34:57 org.apache.catalina.core.StandardContext reload
INFO: Reloading Context with name [/Exame] is completed
15/10/2011 17:35:19 org.apache.catalina.core.StandardContext reload
INFO: Reloading Context with name [/Exame] has started
15/10/2011 17:35:22 org.apache.catalina.core.StandardContext reload
INFO: Reloading Context with name [/Exame] is completed
15/10/2011 17:35:42 org.apache.catalina.core.StandardContext reload
INFO: Reloading Context with name [/Exame] has started
15/10/2011 17:35:44 org.apache.catalina.core.StandardContext reload
INFO: Reloading Context with name [/Exame] is completed
15/10/2011 18:15:53 org.apache.catalina.core.StandardContext reload
INFO: Reloading Context with name [/Exame] has started
15/10/2011 18:15:53 org.apache.catalina.loader.WebappClassLoader clearReferencesJdbc
GRAVE: The web application [/Exame] registered the JDBC driver [org.postgresql.Driver] but failed to unregister it when the web application was stopped. To prevent a memory leak, the JDBC Driver has been forcibly unregistered.
15/10/2011 18:15:55 org.apache.catalina.core.StandardContext reload
INFO: Reloading Context with name [/Exame] is completed
15/10/2011 18:16:16 org.apache.catalina.core.StandardContext reload
INFO: Reloading Context with name [/Exame] has started
15/10/2011 18:16:18 org.apache.catalina.core.StandardContext reload
INFO: Reloading Context with name [/Exame] is completed
15/10/2011 18:16:18 org.apache.catalina.core.StandardContext reload
INFO: Reloading Context with name [/Exame] has started
15/10/2011 18:16:21 org.apache.catalina.core.StandardContext reload
INFO: Reloading Context with name [/Exame] is completed
15/10/2011 18:16:21 org.apache.catalina.core.StandardContext reload
INFO: Reloading Context with name [/Exame] has started
15/10/2011 18:16:23 org.apache.catalina.core.StandardContext reload
INFO: Reloading Context with name [/Exame] is completed
15/10/2011 18:16:25 org.apache.catalina.core.StandardContext reload
INFO: Reloading Context with name [/Exame] has started
15/10/2011 18:16:27 org.apache.catalina.core.StandardContext reload
INFO: Reloading Context with name [/Exame] is completed
15/10/2011 18:18:11 org.apache.catalina.core.StandardContext reload
INFO: Reloading Context with name [/Exame] has started
15/10/2011 18:18:13 org.apache.catalina.core.StandardContext reload
INFO: Reloading Context with name [/Exame] is completed
15/10/2011 18:20:17 org.apache.catalina.core.StandardContext reload
INFO: Reloading Context with name [/Exame] has started
15/10/2011 18:20:20 org.apache.catalina.core.StandardContext reload
INFO: Reloading Context with name [/Exame] is completed
15/10/2011 18:20:20 org.apache.catalina.core.StandardContext reload
INFO: Reloading Context with name [/Exame] has started
15/10/2011 18:20:22 org.apache.catalina.core.StandardContext reload
INFO: Reloading Context with name [/Exame] is completed
15/10/2011 18:21:41 org.apache.catalina.core.StandardContext reload
INFO: Reloading Context with name [/Exame] has started
15/10/2011 18:21:44 org.apache.catalina.core.StandardContext reload
INFO: Reloading Context with name [/Exame] is completed
15/10/2011 18:21:56 org.apache.catalina.core.StandardContext reload
INFO: Reloading Context with name [/Exame] has started
15/10/2011 18:21:58 org.apache.catalina.core.StandardContext reload
INFO: Reloading Context with name [/Exame] is completed
15/10/2011 18:21:59 org.apache.catalina.core.StandardContext reload
INFO: Reloading Context with name [/Exame] has started
15/10/2011 18:22:01 org.apache.catalina.core.StandardContext reload
INFO: Reloading Context with name [/Exame] is completed
15/10/2011 18:22:05 org.apache.catalina.core.StandardContext reload
INFO: Reloading Context with name [/Exame] has started
15/10/2011 18:22:07 org.apache.catalina.core.StandardContext reload
INFO: Reloading Context with name [/Exame] is completed
15/10/2011 18:22:32 org.apache.catalina.core.StandardContext reload
INFO: Reloading Context with name [/Exame] has started
15/10/2011 18:22:34 org.apache.catalina.core.StandardContext reload
INFO: Reloading Context with name [/Exame] is completed
15/10/2011 18:23:26 org.apache.catalina.core.StandardContext reload
INFO: Reloading Context with name [/Exame] has started
15/10/2011 18:23:28 org.apache.catalina.core.StandardContext reload
INFO: Reloading Context with name [/Exame] is completed
15/10/2011 18:23:32 org.apache.catalina.core.StandardContext reload
INFO: Reloading Context with name [/Exame] has started
15/10/2011 18:23:34 org.apache.catalina.core.StandardContext reload
INFO: Reloading Context with name [/Exame] is completed
15/10/2011 18:27:19 org.apache.catalina.core.StandardServer await
INFO: A valid shutdown command was received via the shutdown port. Stopping the Server instance.
15/10/2011 18:27:19 org.apache.coyote.AbstractProtocol pause
INFO: Pausing ProtocolHandler ["http-bio-8080"]
15/10/2011 18:27:20 org.apache.coyote.AbstractProtocol pause
INFO: Pausing ProtocolHandler ["ajp-bio-8009"]
15/10/2011 18:27:21 org.apache.catalina.core.StandardService stopInternal
INFO: Stopping service Catalina
15/10/2011 18:27:26 org.apache.coyote.AbstractProtocol stop
INFO: Stopping ProtocolHandler ["http-bio-8080"]
15/10/2011 18:27:26 org.apache.coyote.AbstractProtocol stop
INFO: Stopping ProtocolHandler ["ajp-bio-8009"]
15/10/2011 18:27:26 org.apache.coyote.AbstractProtocol destroy
INFO: Destroying ProtocolHandler ["http-bio-8080"]
15/10/2011 18:27:26 org.apache.coyote.AbstractProtocol destroy
INFO: Destroying ProtocolHandler ["ajp-bio-8009"]
15/10/2011 18:27:30 org.apache.catalina.core.AprLifecycleListener init
INFO: The APR based Apache Tomcat Native library which allows optimal performance in production environments was not found on the java.library.path: C:\Program Files\Java\jdk1.6.0_21\bin;.;C:\Windows\Sun\Java\bin;C:\Windows\system32;C:\Windows;C:\Program Files\ImageMagick-6.7.1-Q16;C:\Program Files (x86)\ImageMagick-6.7.1-Q16;C:\RailsInstaller\Git\cmd;C:\RailsInstaller\Ruby1.8.7\bin;C:\Program Files\Common Files\Microsoft Shared\Windows Live;C:\Program Files (x86)\Common Files\Microsoft Shared\Windows Live;C:\Program Files (x86)\NVIDIA Corporation\PhysX\Common;C:\Windows\system32;C:\Windows;C:\Windows\System32\Wbem;C:\Windows\System32\WindowsPowerShell\v1.0\;C:\Program Files (x86)\ATI Technologies\ATI.ACE\Core-Static;C:\Program Files (x86)\Windows Live\Shared;C:\Program Files\Intel\WiFi\bin\;C:\Program Files\Common Files\Intel\WirelessCommon\;C:\Program Files (x86)\QuickTime\QTSystem\;C:\Program Files\MATLAB\R2009b\runtime\win64;C:\Program Files\MATLAB\R2009b\bin;c:\altera\91sp2\quartus\bin
15/10/2011 18:27:30 org.apache.coyote.AbstractProtocol init
INFO: Initializing ProtocolHandler ["http-bio-8080"]
15/10/2011 18:27:30 org.apache.coyote.AbstractProtocol init
INFO: Initializing ProtocolHandler ["ajp-bio-8009"]
15/10/2011 18:27:30 org.apache.catalina.startup.Catalina load
INFO: Initialization processed in 1101 ms
15/10/2011 18:27:30 org.apache.catalina.core.StandardService startInternal
INFO: Starting service Catalina
15/10/2011 18:27:30 org.apache.catalina.core.StandardEngine startInternal
INFO: Starting Servlet Engine: Apache Tomcat/7.0.16
15/10/2011 18:27:31 org.apache.catalina.startup.HostConfig deployDescriptor
INFO: Deploying configuration descriptor Exame.xml from C:\Exame\lib\apache-tomcat-7.0.16\conf\Catalina\localhost
15/10/2011 18:27:34 org.apache.catalina.startup.HostConfig deployDirectory
INFO: Deploying web application directory docs
15/10/2011 18:27:34 org.apache.catalina.startup.HostConfig deployDirectory
INFO: Deploying web application directory examples
15/10/2011 18:27:34 org.apache.catalina.startup.HostConfig deployDirectory
INFO: Deploying web application directory host-manager
15/10/2011 18:27:34 org.apache.catalina.startup.HostConfig deployDirectory
INFO: Deploying web application directory manager
15/10/2011 18:27:34 org.apache.catalina.startup.HostConfig deployDirectory
INFO: Deploying web application directory ROOT
15/10/2011 18:27:34 org.apache.coyote.AbstractProtocol start
INFO: Starting ProtocolHandler ["http-bio-8080"]
15/10/2011 18:27:34 org.apache.coyote.AbstractProtocol start
INFO: Starting ProtocolHandler ["ajp-bio-8009"]
15/10/2011 18:27:34 org.apache.catalina.startup.Catalina start
INFO: Server startup in 3953 ms
15/10/2011 18:27:35 org.apache.catalina.loader.WebappClassLoader clearReferencesJdbc
GRAVE: The web application [/Exame] registered the JDBC driver [org.postgresql.Driver] but failed to unregister it when the web application was stopped. To prevent a memory leak, the JDBC Driver has been forcibly unregistered.
15/10/2011 18:27:36 org.apache.catalina.startup.HostConfig checkResources
INFO: Undeploying context [/Exame]
15/10/2011 18:27:36 org.apache.catalina.startup.HostConfig deployDescriptor
INFO: Deploying configuration descriptor Exame.xml from C:\Exame\lib\apache-tomcat-7.0.16\conf\Catalina\localhost
15/10/2011 18:27:38 org.apache.catalina.util.LifecycleBase start
INFO: The start() method was called on component [StandardEngine[Catalina].StandardHost[localhost].StandardContext[/Exame]] after start() had already been called. The second call will be ignored.
15/10/2011 18:29:42 org.apache.catalina.core.StandardContext reload
INFO: Reloading Context with name [/Exame] has started
15/10/2011 18:29:49 org.apache.catalina.core.StandardContext reload
INFO: Reloading Context with name [/Exame] is completed
15/10/2011 18:29:49 org.apache.catalina.core.StandardContext reload
INFO: Reloading Context with name [/Exame] has started
15/10/2011 18:29:52 org.apache.catalina.core.StandardContext reload
INFO: Reloading Context with name [/Exame] is completed
15/10/2011 18:30:37 org.apache.catalina.core.StandardContext reload
INFO: Reloading Context with name [/Exame] has started
15/10/2011 18:30:40 org.apache.catalina.core.StandardContext reload
INFO: Reloading Context with name [/Exame] is completed
15/10/2011 18:37:12 org.apache.catalina.core.StandardContext reload
INFO: Reloading Context with name [/Exame] has started
15/10/2011 18:37:14 org.apache.catalina.core.StandardContext reload
INFO: Reloading Context with name [/Exame] is completed
15/10/2011 18:37:15 org.apache.catalina.startup.HostConfig checkResources
INFO: Reloading context [/Exame]
15/10/2011 18:37:27 org.apache.catalina.core.StandardContext reload
INFO: Reloading Context with name [/Exame] has started
15/10/2011 18:37:29 org.apache.catalina.core.StandardContext reload
INFO: Reloading Context with name [/Exame] is completed
15/10/2011 18:39:06 org.apache.catalina.core.StandardContext reload
INFO: Reloading Context with name [/Exame] has started
15/10/2011 18:39:09 org.apache.catalina.core.StandardContext reload
INFO: Reloading Context with name [/Exame] is completed
15/10/2011 18:39:40 org.apache.catalina.core.StandardContext reload
INFO: Reloading Context with name [/Exame] has started
15/10/2011 18:39:43 org.apache.catalina.core.StandardContext reload
INFO: Reloading Context with name [/Exame] is completed
15/10/2011 18:39:53 org.apache.catalina.core.StandardContext reload
INFO: Reloading Context with name [/Exame] has started
15/10/2011 18:39:56 org.apache.catalina.core.StandardContext reload
INFO: Reloading Context with name [/Exame] is completed
15/10/2011 18:40:46 org.apache.catalina.core.StandardContext reload
INFO: Reloading Context with name [/Exame] has started
15/10/2011 18:40:49 org.apache.catalina.core.StandardContext reload
INFO: Reloading Context with name [/Exame] is completed
15/10/2011 18:41:08 org.apache.catalina.core.StandardContext reload
INFO: Reloading Context with name [/Exame] has started
15/10/2011 18:41:11 org.apache.catalina.core.StandardContext reload
INFO: Reloading Context with name [/Exame] is completed
15/10/2011 18:45:27 org.apache.catalina.startup.HostConfig checkResources
INFO: Reloading context [/Exame]
15/10/2011 18:51:23 org.apache.catalina.core.StandardContext reload
INFO: Reloading Context with name [/Exame] has started
15/10/2011 18:51:26 org.apache.catalina.core.StandardContext reload
INFO: Reloading Context with name [/Exame] is completed
15/10/2011 18:53:04 org.apache.catalina.core.StandardContext reload
INFO: Reloading Context with name [/Exame] has started
15/10/2011 18:53:06 org.apache.catalina.core.StandardContext reload
INFO: Reloading Context with name [/Exame] is completed
15/10/2011 18:53:29 org.apache.catalina.core.StandardContext reload
INFO: Reloading Context with name [/Exame] has started
15/10/2011 18:53:32 org.apache.catalina.core.StandardContext reload
INFO: Reloading Context with name [/Exame] is completed
15/10/2011 18:54:50 org.apache.catalina.core.StandardContext reload
INFO: Reloading Context with name [/Exame] has started
15/10/2011 18:54:52 org.apache.catalina.core.StandardContext reload
INFO: Reloading Context with name [/Exame] is completed
15/10/2011 18:55:09 org.apache.catalina.core.StandardContext reload
INFO: Reloading Context with name [/Exame] has started
15/10/2011 18:55:11 org.apache.catalina.core.StandardContext reload
INFO: Reloading Context with name [/Exame] is completed
15/10/2011 19:00:22 org.apache.catalina.core.StandardContext reload
INFO: Reloading Context with name [/Exame] has started
15/10/2011 19:00:24 org.apache.catalina.core.StandardContext reload
INFO: Reloading Context with name [/Exame] is completed
15/10/2011 19:00:34 org.apache.catalina.core.StandardContext reload
INFO: Reloading Context with name [/Exame] has started
15/10/2011 19:00:36 org.apache.catalina.core.StandardContext reload
INFO: Reloading Context with name [/Exame] is completed
15/10/2011 19:02:34 org.apache.catalina.core.StandardContext reload
INFO: Reloading Context with name [/Exame] has started
15/10/2011 19:02:37 org.apache.catalina.core.StandardContext reload
INFO: Reloading Context with name [/Exame] is completed
15/10/2011 19:03:16 org.apache.catalina.core.StandardContext reload
INFO: Reloading Context with name [/Exame] has started
15/10/2011 19:03:19 org.apache.catalina.core.StandardContext reload
INFO: Reloading Context with name [/Exame] is completed
15/10/2011 19:03:42 org.apache.catalina.core.StandardContext reload
INFO: Reloading Context with name [/Exame] has started
15/10/2011 19:03:44 org.apache.catalina.core.StandardContext reload
INFO: Reloading Context with name [/Exame] is completed
15/10/2011 19:07:37 org.apache.catalina.core.StandardContext reload
INFO: Reloading Context with name [/Exame] has started
15/10/2011 19:07:37 org.apache.catalina.loader.WebappClassLoader clearReferencesJdbc
GRAVE: The web application [/Exame] registered the JDBC driver [org.postgresql.Driver] but failed to unregister it when the web application was stopped. To prevent a memory leak, the JDBC Driver has been forcibly unregistered.
15/10/2011 19:07:39 org.apache.catalina.core.StandardContext reload
INFO: Reloading Context with name [/Exame] is completed
15/10/2011 19:11:15 org.apache.catalina.core.StandardContext reload
INFO: Reloading Context with name [/Exame] has started
15/10/2011 19:11:17 org.apache.catalina.core.StandardContext reload
INFO: Reloading Context with name [/Exame] is completed
15/10/2011 19:13:19 org.apache.catalina.core.StandardContext reload
INFO: Reloading Context with name [/Exame] has started
15/10/2011 19:13:21 org.apache.catalina.core.StandardContext reload
INFO: Reloading Context with name [/Exame] is completed
15/10/2011 19:15:06 org.apache.catalina.core.StandardContext reload
INFO: Reloading Context with name [/Exame] has started
15/10/2011 19:15:08 org.apache.catalina.core.StandardContext reload
INFO: Reloading Context with name [/Exame] is completed
15/10/2011 19:15:10 org.apache.catalina.core.StandardContext reload
INFO: Reloading Context with name [/Exame] has started
15/10/2011 19:15:13 org.apache.catalina.core.StandardContext reload
INFO: Reloading Context with name [/Exame] is completed
15/10/2011 19:16:40 org.apache.catalina.core.StandardContext reload
INFO: Reloading Context with name [/Exame] has started
15/10/2011 19:16:42 org.apache.catalina.core.StandardContext reload
INFO: Reloading Context with name [/Exame] is completed
15/10/2011 19:18:10 org.apache.catalina.core.StandardContext reload
INFO: Reloading Context with name [/Exame] has started
15/10/2011 19:18:12 org.apache.catalina.core.StandardContext reload
INFO: Reloading Context with name [/Exame] is completed
15/10/2011 19:19:03 org.apache.catalina.core.StandardContext reload
INFO: Reloading Context with name [/Exame] has started
15/10/2011 19:19:06 org.apache.catalina.core.StandardContext reload
INFO: Reloading Context with name [/Exame] is completed
15/10/2011 19:19:35 org.apache.catalina.core.StandardContext reload
INFO: Reloading Context with name [/Exame] has started
15/10/2011 19:19:38 org.apache.catalina.core.StandardContext reload
INFO: Reloading Context with name [/Exame] is completed
15/10/2011 19:20:54 org.apache.catalina.core.StandardContext reload
INFO: Reloading Context with name [/Exame] has started
15/10/2011 19:20:57 org.apache.catalina.core.StandardContext reload
INFO: Reloading Context with name [/Exame] is completed
15/10/2011 19:21:00 org.apache.catalina.startup.HostConfig checkResources
INFO: Reloading context [/Exame]
15/10/2011 19:21:43 org.apache.catalina.startup.HostConfig checkResources
INFO: Reloading context [/Exame]
