14/10/2011 00:39:53 org.apache.catalina.core.AprLifecycleListener init
INFO: The APR based Apache Tomcat Native library which allows optimal performance in production environments was not found on the java.library.path: C:\Program Files\Java\jdk1.6.0_21\bin;.;C:\Windows\Sun\Java\bin;C:\Windows\system32;C:\Windows;C:\Program Files\ImageMagick-6.7.1-Q16;C:\Program Files (x86)\ImageMagick-6.7.1-Q16;C:\RailsInstaller\Git\cmd;C:\RailsInstaller\Ruby1.8.7\bin;C:\Program Files\Common Files\Microsoft Shared\Windows Live;C:\Program Files (x86)\Common Files\Microsoft Shared\Windows Live;C:\Program Files (x86)\NVIDIA Corporation\PhysX\Common;C:\Windows\system32;C:\Windows;C:\Windows\System32\Wbem;C:\Windows\System32\WindowsPowerShell\v1.0\;C:\Program Files (x86)\ATI Technologies\ATI.ACE\Core-Static;C:\Program Files (x86)\Windows Live\Shared;C:\Program Files\Intel\WiFi\bin\;C:\Program Files\Common Files\Intel\WirelessCommon\;C:\Program Files (x86)\QuickTime\QTSystem\;C:\Program Files\MATLAB\R2009b\runtime\win64;C:\Program Files\MATLAB\R2009b\bin;c:\altera\91sp2\quartus\bin
14/10/2011 00:39:53 org.apache.coyote.AbstractProtocol init
INFO: Initializing ProtocolHandler ["http-bio-8080"]
14/10/2011 00:39:53 org.apache.coyote.AbstractProtocol init
INFO: Initializing ProtocolHandler ["ajp-bio-8009"]
14/10/2011 00:39:53 org.apache.catalina.startup.Catalina load
INFO: Initialization processed in 1804 ms
14/10/2011 00:39:54 org.apache.catalina.core.StandardService startInternal
INFO: Starting service Catalina
14/10/2011 00:39:54 org.apache.catalina.core.StandardEngine startInternal
INFO: Starting Servlet Engine: Apache Tomcat/7.0.16
14/10/2011 00:39:54 org.apache.catalina.startup.HostConfig deployDirectory
INFO: Deploying web application directory docs
14/10/2011 00:39:54 org.apache.catalina.startup.HostConfig deployDirectory
INFO: Deploying web application directory examples
14/10/2011 00:39:55 org.apache.catalina.startup.HostConfig deployDirectory
INFO: Deploying web application directory host-manager
14/10/2011 00:39:55 org.apache.catalina.startup.HostConfig deployDirectory
INFO: Deploying web application directory manager
14/10/2011 00:39:55 org.apache.catalina.startup.HostConfig deployDirectory
INFO: Deploying web application directory ROOT
14/10/2011 00:39:55 org.apache.coyote.AbstractProtocol start
INFO: Starting ProtocolHandler ["http-bio-8080"]
14/10/2011 00:39:55 org.apache.coyote.AbstractProtocol start
INFO: Starting ProtocolHandler ["ajp-bio-8009"]
14/10/2011 00:39:55 org.apache.catalina.startup.Catalina start
INFO: Server startup in 1661 ms
14/10/2011 00:39:55 org.apache.catalina.startup.HostConfig deployDescriptor
INFO: Deploying configuration descriptor Exame.xml from C:\Exame\lib\apache-tomcat-7.0.16\conf\Catalina\localhost
14/10/2011 00:39:59 org.apache.catalina.util.LifecycleBase start
INFO: The start() method was called on component [StandardEngine[Catalina].StandardHost[localhost].StandardContext[/Exame]] after start() had already been called. The second call will be ignored.
14/10/2011 00:40:55 org.apache.catalina.core.StandardContext reload
INFO: Reloading Context with name [/Exame] has started
14/10/2011 00:40:55 org.apache.catalina.loader.WebappClassLoader clearReferencesJdbc
GRAVE: The web application [/Exame] registered the JDBC driver [org.postgresql.Driver] but failed to unregister it when the web application was stopped. To prevent a memory leak, the JDBC Driver has been forcibly unregistered.
14/10/2011 00:40:58 org.apache.catalina.core.StandardContext reload
INFO: Reloading Context with name [/Exame] is completed
14/10/2011 00:47:10 org.apache.catalina.core.StandardContext reload
INFO: Reloading Context with name [/Exame] has started
14/10/2011 00:47:13 org.apache.catalina.core.StandardContext reload
INFO: Reloading Context with name [/Exame] is completed
14/10/2011 00:54:28 org.apache.catalina.core.StandardContext reload
INFO: Reloading Context with name [/Exame] has started
14/10/2011 00:54:31 org.apache.catalina.core.StandardContext reload
INFO: Reloading Context with name [/Exame] is completed
14/10/2011 00:54:34 org.apache.catalina.core.StandardContext reload
INFO: Reloading Context with name [/Exame] has started
14/10/2011 00:54:37 org.apache.catalina.core.StandardContext reload
INFO: Reloading Context with name [/Exame] is completed
14/10/2011 00:54:37 org.apache.catalina.core.StandardContext reload
INFO: Reloading Context with name [/Exame] has started
14/10/2011 00:54:40 org.apache.catalina.core.StandardContext reload
INFO: Reloading Context with name [/Exame] is completed
14/10/2011 00:54:40 org.apache.catalina.core.StandardContext reload
INFO: Reloading Context with name [/Exame] has started
14/10/2011 00:54:43 org.apache.catalina.core.StandardContext reload
INFO: Reloading Context with name [/Exame] is completed
14/10/2011 00:54:48 org.apache.catalina.core.StandardContext reload
INFO: Reloading Context with name [/Exame] has started
14/10/2011 00:54:51 org.apache.catalina.core.StandardContext reload
INFO: Reloading Context with name [/Exame] is completed
14/10/2011 00:54:51 org.apache.catalina.core.StandardContext reload
INFO: Reloading Context with name [/Exame] has started
14/10/2011 00:54:54 org.apache.catalina.core.StandardContext reload
INFO: Reloading Context with name [/Exame] is completed
14/10/2011 00:55:00 org.apache.catalina.core.StandardContext reload
INFO: Reloading Context with name [/Exame] has started
14/10/2011 00:55:03 org.apache.catalina.core.StandardContext reload
INFO: Reloading Context with name [/Exame] is completed
14/10/2011 00:55:10 org.apache.catalina.core.StandardContext reload
INFO: Reloading Context with name [/Exame] has started
14/10/2011 00:55:12 org.apache.catalina.core.StandardContext reload
INFO: Reloading Context with name [/Exame] is completed
14/10/2011 00:55:14 org.apache.catalina.core.StandardContext reload
INFO: Reloading Context with name [/Exame] has started
14/10/2011 00:55:17 org.apache.catalina.core.StandardContext reload
INFO: Reloading Context with name [/Exame] is completed
14/10/2011 00:55:23 org.apache.catalina.core.StandardContext reload
INFO: Reloading Context with name [/Exame] has started
14/10/2011 00:55:26 org.apache.catalina.core.StandardContext reload
INFO: Reloading Context with name [/Exame] is completed
14/10/2011 00:59:39 org.apache.catalina.core.StandardContext reload
INFO: Reloading Context with name [/Exame] has started
14/10/2011 00:59:42 org.apache.catalina.core.StandardContext reload
INFO: Reloading Context with name [/Exame] is completed
14/10/2011 01:00:03 org.apache.catalina.core.StandardContext reload
INFO: Reloading Context with name [/Exame] has started
14/10/2011 01:00:06 org.apache.catalina.core.StandardContext reload
INFO: Reloading Context with name [/Exame] is completed
14/10/2011 01:00:06 org.apache.catalina.core.StandardContext reload
INFO: Reloading Context with name [/Exame] has started
14/10/2011 01:00:08 org.apache.catalina.core.StandardContext reload
INFO: Reloading Context with name [/Exame] is completed
14/10/2011 01:00:22 org.apache.catalina.core.StandardContext reload
INFO: Reloading Context with name [/Exame] has started
14/10/2011 01:00:25 org.apache.catalina.core.StandardContext reload
INFO: Reloading Context with name [/Exame] is completed
14/10/2011 01:00:34 org.apache.catalina.core.StandardContext reload
INFO: Reloading Context with name [/Exame] has started
14/10/2011 01:00:36 org.apache.catalina.core.StandardContext reload
INFO: Reloading Context with name [/Exame] is completed
14/10/2011 01:03:55 org.apache.catalina.core.StandardContext reload
INFO: Reloading Context with name [/Exame] has started
14/10/2011 01:03:58 org.apache.catalina.core.StandardContext reload
INFO: Reloading Context with name [/Exame] is completed
14/10/2011 01:03:58 org.apache.catalina.core.StandardContext reload
INFO: Reloading Context with name [/Exame] has started
14/10/2011 01:04:01 org.apache.catalina.core.StandardContext reload
INFO: Reloading Context with name [/Exame] is completed
14/10/2011 01:04:08 org.apache.catalina.core.StandardContext reload
INFO: Reloading Context with name [/Exame] has started
14/10/2011 01:04:10 org.apache.catalina.core.StandardContext reload
INFO: Reloading Context with name [/Exame] is completed
14/10/2011 01:05:59 org.apache.catalina.core.StandardContext reload
INFO: Reloading Context with name [/Exame] has started
14/10/2011 01:06:01 org.apache.catalina.core.StandardContext reload
INFO: Reloading Context with name [/Exame] is completed
14/10/2011 01:07:23 org.apache.catalina.core.StandardContext reload
INFO: Reloading Context with name [/Exame] has started
14/10/2011 01:07:25 org.apache.catalina.core.StandardContext reload
INFO: Reloading Context with name [/Exame] is completed
14/10/2011 01:08:11 org.apache.catalina.core.StandardContext reload
INFO: Reloading Context with name [/Exame] has started
14/10/2011 01:08:14 org.apache.catalina.core.StandardContext reload
INFO: Reloading Context with name [/Exame] is completed
14/10/2011 01:09:57 org.apache.catalina.core.StandardContext reload
INFO: Reloading Context with name [/Exame] has started
14/10/2011 01:10:00 org.apache.catalina.core.StandardContext reload
INFO: Reloading Context with name [/Exame] is completed
14/10/2011 01:14:26 org.apache.catalina.core.StandardContext reload
INFO: Reloading Context with name [/Exame] has started
14/10/2011 01:14:29 org.apache.catalina.core.StandardContext reload
INFO: Reloading Context with name [/Exame] is completed
14/10/2011 01:16:01 org.apache.catalina.core.StandardContext reload
INFO: Reloading Context with name [/Exame] has started
14/10/2011 01:16:04 org.apache.catalina.core.StandardContext reload
INFO: Reloading Context with name [/Exame] is completed
