Out 17, 2011 12:00:07 AM org.apache.catalina.core.StandardContext reload
Informações: Reloading Context with name [/Exame] has started
Out 17, 2011 12:00:07 AM org.apache.catalina.loader.WebappClassLoader clearReferencesJdbc
Grave: The web application [/Exame] registered the JDBC driver [org.postgresql.Driver] but failed to unregister it when the web application was stopped. To prevent a memory leak, the JDBC Driver has been forcibly unregistered.
Out 17, 2011 12:00:12 AM org.apache.catalina.core.StandardContext reload
Informações: Reloading Context with name [/Exame] is completed
Out 17, 2011 12:00:12 AM org.apache.catalina.core.StandardContext reload
Informações: Reloading Context with name [/Exame] has started
Out 17, 2011 12:00:18 AM org.apache.catalina.core.StandardContext reload
Informações: Reloading Context with name [/Exame] is completed
Out 17, 2011 12:01:13 AM org.apache.catalina.loader.WebappClassLoader loadClass
Informações: Illegal access: this web application instance has been stopped already.  Could not load org.eclipse.persistence.internal.localization.i18n.LoggingLocalizationResource.  The eventual following stack trace is caused by an error thrown for debugging purposes as well as to attempt to terminate the thread which caused the illegal access, and has no functional impact.
java.lang.IllegalStateException
	at org.apache.catalina.loader.WebappClassLoader.loadClass(WebappClassLoader.java:1562)
	at org.apache.catalina.loader.WebappClassLoader.loadClass(WebappClassLoader.java:1521)
	at java.util.ResourceBundle$Control.newBundle(ResourceBundle.java:2565)
	at java.util.ResourceBundle.loadBundle(ResourceBundle.java:1436)
	at java.util.ResourceBundle.findBundle(ResourceBundle.java:1400)
	at java.util.ResourceBundle.findBundle(ResourceBundle.java:1354)
	at java.util.ResourceBundle.findBundle(ResourceBundle.java:1354)
	at java.util.ResourceBundle.getBundleImpl(ResourceBundle.java:1296)
	at java.util.ResourceBundle.getBundle(ResourceBundle.java:796)
	at org.eclipse.persistence.internal.localization.EclipseLinkLocalization.buildMessage(EclipseLinkLocalization.java:60)
	at org.eclipse.persistence.internal.localization.EclipseLinkLocalization.buildMessage(EclipseLinkLocalization.java:34)
	at org.eclipse.persistence.internal.localization.LoggingLocalization.buildMessage(LoggingLocalization.java:25)
	at org.eclipse.persistence.logging.AbstractSessionLog.formatMessage(AbstractSessionLog.java:850)
	at org.eclipse.persistence.logging.DefaultSessionLog.log(DefaultSessionLog.java:156)
	at org.eclipse.persistence.internal.sessions.AbstractSession.log(AbstractSession.java:3069)
	at org.eclipse.persistence.internal.sessions.AbstractSession.log(AbstractSession.java:4185)
	at org.eclipse.persistence.internal.sessions.AbstractSession.log(AbstractSession.java:4157)
	at org.eclipse.persistence.internal.sessions.AbstractSession.log(AbstractSession.java:4133)
	at org.eclipse.persistence.internal.sessions.AbstractSession.log(AbstractSession.java:4055)
	at org.eclipse.persistence.internal.sessions.DatabaseSessionImpl.logout(DatabaseSessionImpl.java:759)
	at org.eclipse.persistence.sessions.server.ServerSession.logout(ServerSession.java:741)
	at org.eclipse.persistence.internal.jpa.EntityManagerSetupImpl.removeSessionFromGlobalSessionManager(EntityManagerSetupImpl.java:284)
	at org.eclipse.persistence.internal.jpa.EntityManagerSetupImpl.undeploy(EntityManagerSetupImpl.java:1798)
	at org.eclipse.persistence.internal.jpa.EntityManagerFactoryImpl.close(EntityManagerFactoryImpl.java:214)
	at org.eclipse.persistence.internal.jpa.EntityManagerFactoryImpl.finalize(EntityManagerFactoryImpl.java:264)
	at java.lang.ref.Finalizer.invokeFinalizeMethod(Native Method)
	at java.lang.ref.Finalizer.runFinalizer(Finalizer.java:101)
	at java.lang.ref.Finalizer.access$100(Finalizer.java:32)
	at java.lang.ref.Finalizer$FinalizerThread.run(Finalizer.java:178)

Out 17, 2011 12:01:13 AM org.apache.catalina.loader.WebappClassLoader loadClass
Informações: Illegal access: this web application instance has been stopped already.  Could not load org.eclipse.persistence.internal.localization.i18n.LoggingLocalizationResource_pt.  The eventual following stack trace is caused by an error thrown for debugging purposes as well as to attempt to terminate the thread which caused the illegal access, and has no functional impact.
java.lang.IllegalStateException
	at org.apache.catalina.loader.WebappClassLoader.loadClass(WebappClassLoader.java:1562)
	at org.apache.catalina.loader.WebappClassLoader.loadClass(WebappClassLoader.java:1521)
	at java.util.ResourceBundle$Control.newBundle(ResourceBundle.java:2565)
	at java.util.ResourceBundle.loadBundle(ResourceBundle.java:1436)
	at java.util.ResourceBundle.findBundle(ResourceBundle.java:1400)
	at java.util.ResourceBundle.findBundle(ResourceBundle.java:1354)
	at java.util.ResourceBundle.getBundleImpl(ResourceBundle.java:1296)
	at java.util.ResourceBundle.getBundle(ResourceBundle.java:796)
	at org.eclipse.persistence.internal.localization.EclipseLinkLocalization.buildMessage(EclipseLinkLocalization.java:60)
	at org.eclipse.persistence.internal.localization.EclipseLinkLocalization.buildMessage(EclipseLinkLocalization.java:34)
	at org.eclipse.persistence.internal.localization.LoggingLocalization.buildMessage(LoggingLocalization.java:25)
	at org.eclipse.persistence.logging.AbstractSessionLog.formatMessage(AbstractSessionLog.java:850)
	at org.eclipse.persistence.logging.DefaultSessionLog.log(DefaultSessionLog.java:156)
	at org.eclipse.persistence.internal.sessions.AbstractSession.log(AbstractSession.java:3069)
	at org.eclipse.persistence.internal.sessions.AbstractSession.log(AbstractSession.java:4185)
	at org.eclipse.persistence.internal.sessions.AbstractSession.log(AbstractSession.java:4157)
	at org.eclipse.persistence.internal.sessions.AbstractSession.log(AbstractSession.java:4133)
	at org.eclipse.persistence.internal.sessions.AbstractSession.log(AbstractSession.java:4055)
	at org.eclipse.persistence.internal.sessions.DatabaseSessionImpl.logout(DatabaseSessionImpl.java:759)
	at org.eclipse.persistence.sessions.server.ServerSession.logout(ServerSession.java:741)
	at org.eclipse.persistence.internal.jpa.EntityManagerSetupImpl.removeSessionFromGlobalSessionManager(EntityManagerSetupImpl.java:284)
	at org.eclipse.persistence.internal.jpa.EntityManagerSetupImpl.undeploy(EntityManagerSetupImpl.java:1798)
	at org.eclipse.persistence.internal.jpa.EntityManagerFactoryImpl.close(EntityManagerFactoryImpl.java:214)
	at org.eclipse.persistence.internal.jpa.EntityManagerFactoryImpl.finalize(EntityManagerFactoryImpl.java:264)
	at java.lang.ref.Finalizer.invokeFinalizeMethod(Native Method)
	at java.lang.ref.Finalizer.runFinalizer(Finalizer.java:101)
	at java.lang.ref.Finalizer.access$100(Finalizer.java:32)
	at java.lang.ref.Finalizer$FinalizerThread.run(Finalizer.java:178)

Out 17, 2011 12:01:13 AM org.apache.catalina.loader.WebappClassLoader findResourceInternal
Informações: Illegal access: this web application instance has been stopped already.  Could not load org/eclipse/persistence/internal/localization/i18n/LoggingLocalizationResource_pt.properties.  The eventual following stack trace is caused by an error thrown for debugging purposes as well as to attempt to terminate the thread which caused the illegal access, and has no functional impact.
Out 17, 2011 12:01:13 AM org.apache.catalina.loader.WebappClassLoader loadClass
Informações: Illegal access: this web application instance has been stopped already.  Could not load org.eclipse.persistence.internal.localization.i18n.LoggingLocalizationResource_pt_BR.  The eventual following stack trace is caused by an error thrown for debugging purposes as well as to attempt to terminate the thread which caused the illegal access, and has no functional impact.
java.lang.IllegalStateException
	at org.apache.catalina.loader.WebappClassLoader.loadClass(WebappClassLoader.java:1562)
	at org.apache.catalina.loader.WebappClassLoader.loadClass(WebappClassLoader.java:1521)
	at java.util.ResourceBundle$Control.newBundle(ResourceBundle.java:2565)
	at java.util.ResourceBundle.loadBundle(ResourceBundle.java:1436)
	at java.util.ResourceBundle.findBundle(ResourceBundle.java:1400)
	at java.util.ResourceBundle.getBundleImpl(ResourceBundle.java:1296)
	at java.util.ResourceBundle.getBundle(ResourceBundle.java:796)
	at org.eclipse.persistence.internal.localization.EclipseLinkLocalization.buildMessage(EclipseLinkLocalization.java:60)
	at org.eclipse.persistence.internal.localization.EclipseLinkLocalization.buildMessage(EclipseLinkLocalization.java:34)
	at org.eclipse.persistence.internal.localization.LoggingLocalization.buildMessage(LoggingLocalization.java:25)
	at org.eclipse.persistence.logging.AbstractSessionLog.formatMessage(AbstractSessionLog.java:850)
	at org.eclipse.persistence.logging.DefaultSessionLog.log(DefaultSessionLog.java:156)
	at org.eclipse.persistence.internal.sessions.AbstractSession.log(AbstractSession.java:3069)
	at org.eclipse.persistence.internal.sessions.AbstractSession.log(AbstractSession.java:4185)
	at org.eclipse.persistence.internal.sessions.AbstractSession.log(AbstractSession.java:4157)
	at org.eclipse.persistence.internal.sessions.AbstractSession.log(AbstractSession.java:4133)
	at org.eclipse.persistence.internal.sessions.AbstractSession.log(AbstractSession.java:4055)
	at org.eclipse.persistence.internal.sessions.DatabaseSessionImpl.logout(DatabaseSessionImpl.java:759)
	at org.eclipse.persistence.sessions.server.ServerSession.logout(ServerSession.java:741)
	at org.eclipse.persistence.internal.jpa.EntityManagerSetupImpl.removeSessionFromGlobalSessionManager(EntityManagerSetupImpl.java:284)
	at org.eclipse.persistence.internal.jpa.EntityManagerSetupImpl.undeploy(EntityManagerSetupImpl.java:1798)
	at org.eclipse.persistence.internal.jpa.EntityManagerFactoryImpl.close(EntityManagerFactoryImpl.java:214)
	at org.eclipse.persistence.internal.jpa.EntityManagerFactoryImpl.finalize(EntityManagerFactoryImpl.java:264)
	at java.lang.ref.Finalizer.invokeFinalizeMethod(Native Method)
	at java.lang.ref.Finalizer.runFinalizer(Finalizer.java:101)
	at java.lang.ref.Finalizer.access$100(Finalizer.java:32)
	at java.lang.ref.Finalizer$FinalizerThread.run(Finalizer.java:178)

Out 17, 2011 12:01:13 AM org.apache.catalina.loader.WebappClassLoader findResourceInternal
Informações: Illegal access: this web application instance has been stopped already.  Could not load org/eclipse/persistence/internal/localization/i18n/LoggingLocalizationResource_pt_BR.properties.  The eventual following stack trace is caused by an error thrown for debugging purposes as well as to attempt to terminate the thread which caused the illegal access, and has no functional impact.
Out 17, 2011 12:04:48 AM org.apache.catalina.core.StandardServer await
Informações: A valid shutdown command was received via the shutdown port. Stopping the Server instance.
Out 17, 2011 12:04:48 AM org.apache.coyote.AbstractProtocol pause
Informações: Pausing ProtocolHandler ["http-apr-8080"]
Out 17, 2011 12:04:49 AM org.apache.coyote.AbstractProtocol pause
Informações: Pausing ProtocolHandler ["ajp-apr-8009"]
Out 17, 2011 12:04:51 AM org.apache.catalina.core.StandardService stopInternal
Informações: Stopping service Catalina
Out 17, 2011 12:04:51 AM org.apache.catalina.loader.WebappClassLoader clearReferencesJdbc
Grave: The web application [/Exame] registered the JDBC driver [org.postgresql.Driver] but failed to unregister it when the web application was stopped. To prevent a memory leak, the JDBC Driver has been forcibly unregistered.
Out 17, 2011 12:04:51 AM org.apache.coyote.AbstractProtocol stop
Informações: Stopping ProtocolHandler ["http-apr-8080"]
Out 17, 2011 12:04:51 AM org.apache.coyote.AbstractProtocol stop
Informações: Stopping ProtocolHandler ["ajp-apr-8009"]
Out 17, 2011 12:04:51 AM org.apache.coyote.AbstractProtocol destroy
Informações: Destroying ProtocolHandler ["http-apr-8080"]
Out 17, 2011 12:04:51 AM org.apache.coyote.AbstractProtocol destroy
Informações: Destroying ProtocolHandler ["ajp-apr-8009"]
Out 17, 2011 12:27:15 AM org.apache.catalina.core.AprLifecycleListener init
Informações: Loaded APR based Apache Tomcat Native library 1.1.20.
Out 17, 2011 12:27:15 AM org.apache.catalina.core.AprLifecycleListener init
Informações: APR capabilities: IPv6 [true], sendfile [true], accept filters [false], random [true].
Out 17, 2011 12:27:17 AM org.apache.coyote.AbstractProtocol init
Informações: Initializing ProtocolHandler ["http-apr-8080"]
Out 17, 2011 12:27:17 AM org.apache.coyote.AbstractProtocol init
Informações: Initializing ProtocolHandler ["ajp-apr-8009"]
Out 17, 2011 12:27:17 AM org.apache.catalina.startup.Catalina load
Informações: Initialization processed in 2434 ms
Out 17, 2011 12:27:17 AM org.apache.catalina.core.StandardService startInternal
Informações: Starting service Catalina
Out 17, 2011 12:27:17 AM org.apache.catalina.core.StandardEngine startInternal
Informações: Starting Servlet Engine: Apache Tomcat/7.0.16
Out 17, 2011 12:27:17 AM org.apache.catalina.startup.HostConfig deployDescriptor
Informações: Deploying configuration descriptor Exame.xml from C:\Users\Luisa\NetBeans\Exame\lib\apache-tomcat-7.0.16\conf\Catalina\localhost
Out 17, 2011 12:27:22 AM org.apache.catalina.startup.HostConfig deployDirectory
Informações: Deploying web application directory docs
Out 17, 2011 12:27:22 AM org.apache.catalina.startup.HostConfig deployDirectory
Informações: Deploying web application directory examples
Out 17, 2011 12:27:22 AM org.apache.catalina.startup.HostConfig deployDirectory
Informações: Deploying web application directory host-manager
Out 17, 2011 12:27:22 AM org.apache.catalina.startup.HostConfig deployDirectory
Informações: Deploying web application directory manager
Out 17, 2011 12:27:22 AM org.apache.catalina.startup.HostConfig deployDirectory
Informações: Deploying web application directory ROOT
Out 17, 2011 12:27:22 AM org.apache.coyote.AbstractProtocol start
Informações: Starting ProtocolHandler ["http-apr-8080"]
Out 17, 2011 12:27:22 AM org.apache.coyote.AbstractProtocol start
Informações: Starting ProtocolHandler ["ajp-apr-8009"]
Out 17, 2011 12:27:22 AM org.apache.catalina.startup.Catalina start
Informações: Server startup in 4935 ms
Out 17, 2011 12:27:23 AM org.apache.catalina.loader.WebappClassLoader clearReferencesJdbc
Grave: The web application [/Exame] registered the JDBC driver [org.postgresql.Driver] but failed to unregister it when the web application was stopped. To prevent a memory leak, the JDBC Driver has been forcibly unregistered.
Out 17, 2011 12:27:24 AM org.apache.catalina.startup.HostConfig checkResources
Informações: Undeploying context [/Exame]
Out 17, 2011 12:27:24 AM org.apache.catalina.startup.HostConfig deployDescriptor
Informações: Deploying configuration descriptor Exame.xml from C:\Users\Luisa\NetBeans\Exame\lib\apache-tomcat-7.0.16\conf\Catalina\localhost
Out 17, 2011 12:27:24 AM org.apache.catalina.loader.WebappClassLoader validateJarFile
Informações: validateJarFile(C:\Users\Luisa\NetBeans\Exame1\build\web\WEB-INF\lib\servlet-api.jar) - jar not loaded. See Servlet Spec 2.3, section 9.7.2. Offending class: javax/servlet/Servlet.class
Out 17, 2011 12:27:24 AM org.apache.tomcat.util.digester.Digester endElement
Grave: End event threw exception
java.lang.NoSuchMethodException: org.apache.catalina.deploy.WebXml addServlet
	at org.apache.tomcat.util.IntrospectionUtils.callMethod1(IntrospectionUtils.java:802)
	at org.apache.tomcat.util.digester.SetNextRule.end(SetNextRule.java:201)
	at org.apache.tomcat.util.digester.Digester.endElement(Digester.java:1057)
	at com.sun.org.apache.xerces.internal.parsers.AbstractSAXParser.endElement(AbstractSAXParser.java:606)
	at com.sun.org.apache.xerces.internal.impl.XMLDocumentFragmentScannerImpl.scanEndElement(XMLDocumentFragmentScannerImpl.java:1741)
	at com.sun.org.apache.xerces.internal.impl.XMLDocumentFragmentScannerImpl$FragmentContentDriver.next(XMLDocumentFragmentScannerImpl.java:2898)
	at com.sun.org.apache.xerces.internal.impl.XMLDocumentScannerImpl.next(XMLDocumentScannerImpl.java:607)
	at com.sun.org.apache.xerces.internal.impl.XMLDocumentFragmentScannerImpl.scanDocument(XMLDocumentFragmentScannerImpl.java:488)
	at com.sun.org.apache.xerces.internal.parsers.XML11Configuration.parse(XML11Configuration.java:835)
	at com.sun.org.apache.xerces.internal.parsers.XML11Configuration.parse(XML11Configuration.java:764)
	at com.sun.org.apache.xerces.internal.parsers.XMLParser.parse(XMLParser.java:123)
	at com.sun.org.apache.xerces.internal.parsers.AbstractSAXParser.parse(AbstractSAXParser.java:1210)
	at com.sun.org.apache.xerces.internal.jaxp.SAXParserImpl$JAXPSAXParser.parse(SAXParserImpl.java:568)
	at org.apache.tomcat.util.digester.Digester.parse(Digester.java:1543)
	at org.apache.catalina.startup.ContextConfig.parseWebXml(ContextConfig.java:1701)
	at org.apache.catalina.startup.ContextConfig.webConfig(ContextConfig.java:1212)
	at org.apache.catalina.startup.ContextConfig.configureStart(ContextConfig.java:881)
	at org.apache.catalina.startup.ContextConfig.lifecycleEvent(ContextConfig.java:316)
	at org.apache.catalina.util.LifecycleSupport.fireLifecycleEvent(LifecycleSupport.java:119)
	at org.apache.catalina.util.LifecycleBase.fireLifecycleEvent(LifecycleBase.java:89)
	at org.apache.catalina.core.StandardContext.startInternal(StandardContext.java:5103)
	at org.apache.catalina.util.LifecycleBase.start(LifecycleBase.java:145)
	at org.apache.catalina.core.ContainerBase.addChildInternal(ContainerBase.java:812)
	at org.apache.catalina.core.ContainerBase.addChild(ContainerBase.java:787)
	at org.apache.catalina.core.StandardHost.addChild(StandardHost.java:607)
	at org.apache.catalina.startup.HostConfig.deployDescriptor(HostConfig.java:633)
	at org.apache.catalina.startup.HostConfig.deployApps(HostConfig.java:525)
	at org.apache.catalina.startup.HostConfig.check(HostConfig.java:1377)
	at sun.reflect.NativeMethodAccessorImpl.invoke0(Native Method)
	at sun.reflect.NativeMethodAccessorImpl.invoke(NativeMethodAccessorImpl.java:57)
	at sun.reflect.DelegatingMethodAccessorImpl.invoke(DelegatingMethodAccessorImpl.java:43)
	at java.lang.reflect.Method.invoke(Method.java:601)
	at org.apache.tomcat.util.modeler.BaseModelMBean.invoke(BaseModelMBean.java:301)
	at com.sun.jmx.interceptor.DefaultMBeanServerInterceptor.invoke(DefaultMBeanServerInterceptor.java:819)
	at com.sun.jmx.mbeanserver.JmxMBeanServer.invoke(JmxMBeanServer.java:791)
	at org.apache.catalina.manager.ManagerServlet.check(ManagerServlet.java:1436)
	at org.apache.catalina.manager.ManagerServlet.deploy(ManagerServlet.java:856)
	at org.apache.catalina.manager.ManagerServlet.doGet(ManagerServlet.java:353)
	at javax.servlet.http.HttpServlet.service(HttpServlet.java:621)
	at javax.servlet.http.HttpServlet.service(HttpServlet.java:722)
	at org.apache.catalina.core.ApplicationFilterChain.internalDoFilter(ApplicationFilterChain.java:304)
	at org.apache.catalina.core.ApplicationFilterChain.doFilter(ApplicationFilterChain.java:210)
	at org.apache.catalina.core.StandardWrapperValve.invoke(StandardWrapperValve.java:240)
	at org.apache.catalina.core.StandardContextValve.invoke(StandardContextValve.java:164)
	at org.apache.catalina.authenticator.AuthenticatorBase.invoke(AuthenticatorBase.java:572)
	at org.apache.catalina.core.StandardHostValve.invoke(StandardHostValve.java:164)
	at org.apache.catalina.valves.ErrorReportValve.invoke(ErrorReportValve.java:100)
	at org.apache.catalina.valves.AccessLogValve.invoke(AccessLogValve.java:563)
	at org.apache.catalina.core.StandardEngineValve.invoke(StandardEngineValve.java:118)
	at org.apache.catalina.connector.CoyoteAdapter.service(CoyoteAdapter.java:403)
	at org.apache.coyote.http11.Http11AprProcessor.process(Http11AprProcessor.java:286)
	at org.apache.coyote.http11.Http11AprProtocol$Http11ConnectionHandler.process(Http11AprProtocol.java:272)
	at org.apache.tomcat.util.net.AprEndpoint$SocketProcessor.run(AprEndpoint.java:1730)
	at java.util.concurrent.ThreadPoolExecutor.runWorker(ThreadPoolExecutor.java:1110)
	at java.util.concurrent.ThreadPoolExecutor$Worker.run(ThreadPoolExecutor.java:603)
	at java.lang.Thread.run(Thread.java:722)

Out 17, 2011 12:27:25 AM org.apache.catalina.startup.ContextConfig parseWebXml
Grave: Parse error in application web.xml file at file://C:\Users\Luisa\NetBeans\Exame\lib\apache-tomcat-7.0.16\conf\web.xml
org.xml.sax.SAXParseException; systemId: file://C/Users/Luisa/NetBeans/Exame/lib/apache-tomcat-7.0.16/conf/web.xml; lineNumber: 98; columnNumber: 13; Error at (98, 13) : org.apache.catalina.deploy.WebXml addServlet
	at org.apache.tomcat.util.digester.Digester.createSAXException(Digester.java:2687)
	at org.apache.tomcat.util.digester.Digester.createSAXException(Digester.java:2713)
	at org.apache.tomcat.util.digester.Digester.endElement(Digester.java:1060)
	at com.sun.org.apache.xerces.internal.parsers.AbstractSAXParser.endElement(AbstractSAXParser.java:606)
	at com.sun.org.apache.xerces.internal.impl.XMLDocumentFragmentScannerImpl.scanEndElement(XMLDocumentFragmentScannerImpl.java:1741)
	at com.sun.org.apache.xerces.internal.impl.XMLDocumentFragmentScannerImpl$FragmentContentDriver.next(XMLDocumentFragmentScannerImpl.java:2898)
	at com.sun.org.apache.xerces.internal.impl.XMLDocumentScannerImpl.next(XMLDocumentScannerImpl.java:607)
	at com.sun.org.apache.xerces.internal.impl.XMLDocumentFragmentScannerImpl.scanDocument(XMLDocumentFragmentScannerImpl.java:488)
	at com.sun.org.apache.xerces.internal.parsers.XML11Configuration.parse(XML11Configuration.java:835)
	at com.sun.org.apache.xerces.internal.parsers.XML11Configuration.parse(XML11Configuration.java:764)
	at com.sun.org.apache.xerces.internal.parsers.XMLParser.parse(XMLParser.java:123)
	at com.sun.org.apache.xerces.internal.parsers.AbstractSAXParser.parse(AbstractSAXParser.java:1210)
	at com.sun.org.apache.xerces.internal.jaxp.SAXParserImpl$JAXPSAXParser.parse(SAXParserImpl.java:568)
	at org.apache.tomcat.util.digester.Digester.parse(Digester.java:1543)
	at org.apache.catalina.startup.ContextConfig.parseWebXml(ContextConfig.java:1701)
	at org.apache.catalina.startup.ContextConfig.webConfig(ContextConfig.java:1212)
	at org.apache.catalina.startup.ContextConfig.configureStart(ContextConfig.java:881)
	at org.apache.catalina.startup.ContextConfig.lifecycleEvent(ContextConfig.java:316)
	at org.apache.catalina.util.LifecycleSupport.fireLifecycleEvent(LifecycleSupport.java:119)
	at org.apache.catalina.util.LifecycleBase.fireLifecycleEvent(LifecycleBase.java:89)
	at org.apache.catalina.core.StandardContext.startInternal(StandardContext.java:5103)
	at org.apache.catalina.util.LifecycleBase.start(LifecycleBase.java:145)
	at org.apache.catalina.core.ContainerBase.addChildInternal(ContainerBase.java:812)
	at org.apache.catalina.core.ContainerBase.addChild(ContainerBase.java:787)
	at org.apache.catalina.core.StandardHost.addChild(StandardHost.java:607)
	at org.apache.catalina.startup.HostConfig.deployDescriptor(HostConfig.java:633)
	at org.apache.catalina.startup.HostConfig.deployApps(HostConfig.java:525)
	at org.apache.catalina.startup.HostConfig.check(HostConfig.java:1377)
	at sun.reflect.NativeMethodAccessorImpl.invoke0(Native Method)
	at sun.reflect.NativeMethodAccessorImpl.invoke(NativeMethodAccessorImpl.java:57)
	at sun.reflect.DelegatingMethodAccessorImpl.invoke(DelegatingMethodAccessorImpl.java:43)
	at java.lang.reflect.Method.invoke(Method.java:601)
	at org.apache.tomcat.util.modeler.BaseModelMBean.invoke(BaseModelMBean.java:301)
	at com.sun.jmx.interceptor.DefaultMBeanServerInterceptor.invoke(DefaultMBeanServerInterceptor.java:819)
	at com.sun.jmx.mbeanserver.JmxMBeanServer.invoke(JmxMBeanServer.java:791)
	at org.apache.catalina.manager.ManagerServlet.check(ManagerServlet.java:1436)
	at org.apache.catalina.manager.ManagerServlet.deploy(ManagerServlet.java:856)
	at org.apache.catalina.manager.ManagerServlet.doGet(ManagerServlet.java:353)
	at javax.servlet.http.HttpServlet.service(HttpServlet.java:621)
	at javax.servlet.http.HttpServlet.service(HttpServlet.java:722)
	at org.apache.catalina.core.ApplicationFilterChain.internalDoFilter(ApplicationFilterChain.java:304)
	at org.apache.catalina.core.ApplicationFilterChain.doFilter(ApplicationFilterChain.java:210)
	at org.apache.catalina.core.StandardWrapperValve.invoke(StandardWrapperValve.java:240)
	at org.apache.catalina.core.StandardContextValve.invoke(StandardContextValve.java:164)
	at org.apache.catalina.authenticator.AuthenticatorBase.invoke(AuthenticatorBase.java:572)
	at org.apache.catalina.core.StandardHostValve.invoke(StandardHostValve.java:164)
	at org.apache.catalina.valves.ErrorReportValve.invoke(ErrorReportValve.java:100)
	at org.apache.catalina.valves.AccessLogValve.invoke(AccessLogValve.java:563)
	at org.apache.catalina.core.StandardEngineValve.invoke(StandardEngineValve.java:118)
	at org.apache.catalina.connector.CoyoteAdapter.service(CoyoteAdapter.java:403)
	at org.apache.coyote.http11.Http11AprProcessor.process(Http11AprProcessor.java:286)
	at org.apache.coyote.http11.Http11AprProtocol$Http11ConnectionHandler.process(Http11AprProtocol.java:272)
	at org.apache.tomcat.util.net.AprEndpoint$SocketProcessor.run(AprEndpoint.java:1730)
	at java.util.concurrent.ThreadPoolExecutor.runWorker(ThreadPoolExecutor.java:1110)
	at java.util.concurrent.ThreadPoolExecutor$Worker.run(ThreadPoolExecutor.java:603)
	at java.lang.Thread.run(Thread.java:722)
Caused by: java.lang.NoSuchMethodException: org.apache.catalina.deploy.WebXml addServlet
	at org.apache.tomcat.util.IntrospectionUtils.callMethod1(IntrospectionUtils.java:802)
	at org.apache.tomcat.util.digester.SetNextRule.end(SetNextRule.java:201)
	at org.apache.tomcat.util.digester.Digester.endElement(Digester.java:1057)
	... 53 more

Out 17, 2011 12:27:25 AM org.apache.catalina.startup.ContextConfig parseWebXml
Grave: Occurred at line 98 column 13
Out 17, 2011 12:27:25 AM org.apache.tomcat.util.digester.Digester endElement
Grave: End event threw exception
java.lang.NoSuchMethodException: org.apache.catalina.deploy.WebXml addServlet
	at org.apache.tomcat.util.IntrospectionUtils.callMethod1(IntrospectionUtils.java:802)
	at org.apache.tomcat.util.digester.SetNextRule.end(SetNextRule.java:201)
	at org.apache.tomcat.util.digester.Digester.endElement(Digester.java:1057)
	at com.sun.org.apache.xerces.internal.parsers.AbstractSAXParser.endElement(AbstractSAXParser.java:606)
	at com.sun.org.apache.xerces.internal.impl.XMLDocumentFragmentScannerImpl.scanEndElement(XMLDocumentFragmentScannerImpl.java:1741)
	at com.sun.org.apache.xerces.internal.impl.XMLDocumentFragmentScannerImpl$FragmentContentDriver.next(XMLDocumentFragmentScannerImpl.java:2898)
	at com.sun.org.apache.xerces.internal.impl.XMLDocumentScannerImpl.next(XMLDocumentScannerImpl.java:607)
	at com.sun.org.apache.xerces.internal.impl.XMLDocumentFragmentScannerImpl.scanDocument(XMLDocumentFragmentScannerImpl.java:488)
	at com.sun.org.apache.xerces.internal.parsers.XML11Configuration.parse(XML11Configuration.java:835)
	at com.sun.org.apache.xerces.internal.parsers.XML11Configuration.parse(XML11Configuration.java:764)
	at com.sun.org.apache.xerces.internal.parsers.XMLParser.parse(XMLParser.java:123)
	at com.sun.org.apache.xerces.internal.parsers.AbstractSAXParser.parse(AbstractSAXParser.java:1210)
	at com.sun.org.apache.xerces.internal.jaxp.SAXParserImpl$JAXPSAXParser.parse(SAXParserImpl.java:568)
	at org.apache.tomcat.util.digester.Digester.parse(Digester.java:1543)
	at org.apache.catalina.startup.ContextConfig.parseWebXml(ContextConfig.java:1701)
	at org.apache.catalina.startup.ContextConfig.webConfig(ContextConfig.java:1226)
	at org.apache.catalina.startup.ContextConfig.configureStart(ContextConfig.java:881)
	at org.apache.catalina.startup.ContextConfig.lifecycleEvent(ContextConfig.java:316)
	at org.apache.catalina.util.LifecycleSupport.fireLifecycleEvent(LifecycleSupport.java:119)
	at org.apache.catalina.util.LifecycleBase.fireLifecycleEvent(LifecycleBase.java:89)
	at org.apache.catalina.core.StandardContext.startInternal(StandardContext.java:5103)
	at org.apache.catalina.util.LifecycleBase.start(LifecycleBase.java:145)
	at org.apache.catalina.core.ContainerBase.addChildInternal(ContainerBase.java:812)
	at org.apache.catalina.core.ContainerBase.addChild(ContainerBase.java:787)
	at org.apache.catalina.core.StandardHost.addChild(StandardHost.java:607)
	at org.apache.catalina.startup.HostConfig.deployDescriptor(HostConfig.java:633)
	at org.apache.catalina.startup.HostConfig.deployApps(HostConfig.java:525)
	at org.apache.catalina.startup.HostConfig.check(HostConfig.java:1377)
	at sun.reflect.NativeMethodAccessorImpl.invoke0(Native Method)
	at sun.reflect.NativeMethodAccessorImpl.invoke(NativeMethodAccessorImpl.java:57)
	at sun.reflect.DelegatingMethodAccessorImpl.invoke(DelegatingMethodAccessorImpl.java:43)
	at java.lang.reflect.Method.invoke(Method.java:601)
	at org.apache.tomcat.util.modeler.BaseModelMBean.invoke(BaseModelMBean.java:301)
	at com.sun.jmx.interceptor.DefaultMBeanServerInterceptor.invoke(DefaultMBeanServerInterceptor.java:819)
	at com.sun.jmx.mbeanserver.JmxMBeanServer.invoke(JmxMBeanServer.java:791)
	at org.apache.catalina.manager.ManagerServlet.check(ManagerServlet.java:1436)
	at org.apache.catalina.manager.ManagerServlet.deploy(ManagerServlet.java:856)
	at org.apache.catalina.manager.ManagerServlet.doGet(ManagerServlet.java:353)
	at javax.servlet.http.HttpServlet.service(HttpServlet.java:621)
	at javax.servlet.http.HttpServlet.service(HttpServlet.java:722)
	at org.apache.catalina.core.ApplicationFilterChain.internalDoFilter(ApplicationFilterChain.java:304)
	at org.apache.catalina.core.ApplicationFilterChain.doFilter(ApplicationFilterChain.java:210)
	at org.apache.catalina.core.StandardWrapperValve.invoke(StandardWrapperValve.java:240)
	at org.apache.catalina.core.StandardContextValve.invoke(StandardContextValve.java:164)
	at org.apache.catalina.authenticator.AuthenticatorBase.invoke(AuthenticatorBase.java:572)
	at org.apache.catalina.core.StandardHostValve.invoke(StandardHostValve.java:164)
	at org.apache.catalina.valves.ErrorReportValve.invoke(ErrorReportValve.java:100)
	at org.apache.catalina.valves.AccessLogValve.invoke(AccessLogValve.java:563)
	at org.apache.catalina.core.StandardEngineValve.invoke(StandardEngineValve.java:118)
	at org.apache.catalina.connector.CoyoteAdapter.service(CoyoteAdapter.java:403)
	at org.apache.coyote.http11.Http11AprProcessor.process(Http11AprProcessor.java:286)
	at org.apache.coyote.http11.Http11AprProtocol$Http11ConnectionHandler.process(Http11AprProtocol.java:272)
	at org.apache.tomcat.util.net.AprEndpoint$SocketProcessor.run(AprEndpoint.java:1730)
	at java.util.concurrent.ThreadPoolExecutor.runWorker(ThreadPoolExecutor.java:1110)
	at java.util.concurrent.ThreadPoolExecutor$Worker.run(ThreadPoolExecutor.java:603)
	at java.lang.Thread.run(Thread.java:722)

Out 17, 2011 12:27:25 AM org.apache.catalina.startup.ContextConfig parseWebXml
Grave: Parse error in application web.xml file at jndi:/localhost/Exame/WEB-INF/web.xml
org.xml.sax.SAXParseException; systemId: jndi:/localhost/Exame/WEB-INF/web.xml; lineNumber: 6; columnNumber: 15; Error at (6, 15) : org.apache.catalina.deploy.WebXml addServlet
	at org.apache.tomcat.util.digester.Digester.createSAXException(Digester.java:2687)
	at org.apache.tomcat.util.digester.Digester.createSAXException(Digester.java:2713)
	at org.apache.tomcat.util.digester.Digester.endElement(Digester.java:1060)
	at com.sun.org.apache.xerces.internal.parsers.AbstractSAXParser.endElement(AbstractSAXParser.java:606)
	at com.sun.org.apache.xerces.internal.impl.XMLDocumentFragmentScannerImpl.scanEndElement(XMLDocumentFragmentScannerImpl.java:1741)
	at com.sun.org.apache.xerces.internal.impl.XMLDocumentFragmentScannerImpl$FragmentContentDriver.next(XMLDocumentFragmentScannerImpl.java:2898)
	at com.sun.org.apache.xerces.internal.impl.XMLDocumentScannerImpl.next(XMLDocumentScannerImpl.java:607)
	at com.sun.org.apache.xerces.internal.impl.XMLDocumentFragmentScannerImpl.scanDocument(XMLDocumentFragmentScannerImpl.java:488)
	at com.sun.org.apache.xerces.internal.parsers.XML11Configuration.parse(XML11Configuration.java:835)
	at com.sun.org.apache.xerces.internal.parsers.XML11Configuration.parse(XML11Configuration.java:764)
	at com.sun.org.apache.xerces.internal.parsers.XMLParser.parse(XMLParser.java:123)
	at com.sun.org.apache.xerces.internal.parsers.AbstractSAXParser.parse(AbstractSAXParser.java:1210)
	at com.sun.org.apache.xerces.internal.jaxp.SAXParserImpl$JAXPSAXParser.parse(SAXParserImpl.java:568)
	at org.apache.tomcat.util.digester.Digester.parse(Digester.java:1543)
	at org.apache.catalina.startup.ContextConfig.parseWebXml(ContextConfig.java:1701)
	at org.apache.catalina.startup.ContextConfig.webConfig(ContextConfig.java:1226)
	at org.apache.catalina.startup.ContextConfig.configureStart(ContextConfig.java:881)
	at org.apache.catalina.startup.ContextConfig.lifecycleEvent(ContextConfig.java:316)
	at org.apache.catalina.util.LifecycleSupport.fireLifecycleEvent(LifecycleSupport.java:119)
	at org.apache.catalina.util.LifecycleBase.fireLifecycleEvent(LifecycleBase.java:89)
	at org.apache.catalina.core.StandardContext.startInternal(StandardContext.java:5103)
	at org.apache.catalina.util.LifecycleBase.start(LifecycleBase.java:145)
	at org.apache.catalina.core.ContainerBase.addChildInternal(ContainerBase.java:812)
	at org.apache.catalina.core.ContainerBase.addChild(ContainerBase.java:787)
	at org.apache.catalina.core.StandardHost.addChild(StandardHost.java:607)
	at org.apache.catalina.startup.HostConfig.deployDescriptor(HostConfig.java:633)
	at org.apache.catalina.startup.HostConfig.deployApps(HostConfig.java:525)
	at org.apache.catalina.startup.HostConfig.check(HostConfig.java:1377)
	at sun.reflect.NativeMethodAccessorImpl.invoke0(Native Method)
	at sun.reflect.NativeMethodAccessorImpl.invoke(NativeMethodAccessorImpl.java:57)
	at sun.reflect.DelegatingMethodAccessorImpl.invoke(DelegatingMethodAccessorImpl.java:43)
	at java.lang.reflect.Method.invoke(Method.java:601)
	at org.apache.tomcat.util.modeler.BaseModelMBean.invoke(BaseModelMBean.java:301)
	at com.sun.jmx.interceptor.DefaultMBeanServerInterceptor.invoke(DefaultMBeanServerInterceptor.java:819)
	at com.sun.jmx.mbeanserver.JmxMBeanServer.invoke(JmxMBeanServer.java:791)
	at org.apache.catalina.manager.ManagerServlet.check(ManagerServlet.java:1436)
	at org.apache.catalina.manager.ManagerServlet.deploy(ManagerServlet.java:856)
	at org.apache.catalina.manager.ManagerServlet.doGet(ManagerServlet.java:353)
	at javax.servlet.http.HttpServlet.service(HttpServlet.java:621)
	at javax.servlet.http.HttpServlet.service(HttpServlet.java:722)
	at org.apache.catalina.core.ApplicationFilterChain.internalDoFilter(ApplicationFilterChain.java:304)
	at org.apache.catalina.core.ApplicationFilterChain.doFilter(ApplicationFilterChain.java:210)
	at org.apache.catalina.core.StandardWrapperValve.invoke(StandardWrapperValve.java:240)
	at org.apache.catalina.core.StandardContextValve.invoke(StandardContextValve.java:164)
	at org.apache.catalina.authenticator.AuthenticatorBase.invoke(AuthenticatorBase.java:572)
	at org.apache.catalina.core.StandardHostValve.invoke(StandardHostValve.java:164)
	at org.apache.catalina.valves.ErrorReportValve.invoke(ErrorReportValve.java:100)
	at org.apache.catalina.valves.AccessLogValve.invoke(AccessLogValve.java:563)
	at org.apache.catalina.core.StandardEngineValve.invoke(StandardEngineValve.java:118)
	at org.apache.catalina.connector.CoyoteAdapter.service(CoyoteAdapter.java:403)
	at org.apache.coyote.http11.Http11AprProcessor.process(Http11AprProcessor.java:286)
	at org.apache.coyote.http11.Http11AprProtocol$Http11ConnectionHandler.process(Http11AprProtocol.java:272)
	at org.apache.tomcat.util.net.AprEndpoint$SocketProcessor.run(AprEndpoint.java:1730)
	at java.util.concurrent.ThreadPoolExecutor.runWorker(ThreadPoolExecutor.java:1110)
	at java.util.concurrent.ThreadPoolExecutor$Worker.run(ThreadPoolExecutor.java:603)
	at java.lang.Thread.run(Thread.java:722)
Caused by: java.lang.NoSuchMethodException: org.apache.catalina.deploy.WebXml addServlet
	at org.apache.tomcat.util.IntrospectionUtils.callMethod1(IntrospectionUtils.java:802)
	at org.apache.tomcat.util.digester.SetNextRule.end(SetNextRule.java:201)
	at org.apache.tomcat.util.digester.Digester.endElement(Digester.java:1057)
	... 53 more

Out 17, 2011 12:27:25 AM org.apache.catalina.startup.ContextConfig parseWebXml
Grave: Occurred at line 6 column 15
Out 17, 2011 12:27:25 AM org.apache.catalina.startup.ContextConfig configureStart
Grave: Marking this application unavailable due to previous error(s)
Out 17, 2011 12:27:26 AM org.apache.catalina.core.StandardContext startInternal
Grave: Error getConfigured
Out 17, 2011 12:27:26 AM org.apache.catalina.core.StandardContext startInternal
Grave: Context [/Exame] startup failed due to previous errors
Out 17, 2011 12:28:44 AM org.apache.catalina.util.LifecycleBase stop
Informações: The stop() method was called on component [StandardEngine[Catalina].StandardHost[localhost].StandardContext[/Exame]] after stop() had already been called. The second call will be ignored.
Out 17, 2011 12:28:45 AM org.apache.catalina.startup.HostConfig checkResources
Informações: Undeploying context [/Exame]
Out 17, 2011 12:29:08 AM org.apache.catalina.startup.HostConfig deployDescriptor
Informações: Deploying configuration descriptor Exame.xml from C:\Users\Luisa\NetBeans\Exame\lib\apache-tomcat-7.0.16\conf\Catalina\localhost
Out 17, 2011 12:29:13 AM org.apache.catalina.util.LifecycleBase start
Informações: The start() method was called on component [StandardEngine[Catalina].StandardHost[localhost].StandardContext[/Exame]] after start() had already been called. The second call will be ignored.
Out 17, 2011 9:08:28 AM org.apache.catalina.core.AprLifecycleListener init
Informações: Loaded APR based Apache Tomcat Native library 1.1.20.
Out 17, 2011 9:08:28 AM org.apache.catalina.core.AprLifecycleListener init
Informações: APR capabilities: IPv6 [true], sendfile [true], accept filters [false], random [true].
Out 17, 2011 9:08:30 AM org.apache.coyote.AbstractProtocol init
Informações: Initializing ProtocolHandler ["http-apr-8080"]
Out 17, 2011 9:08:30 AM org.apache.coyote.AbstractProtocol init
Informações: Initializing ProtocolHandler ["ajp-apr-8009"]
Out 17, 2011 9:08:30 AM org.apache.catalina.startup.Catalina load
Informações: Initialization processed in 2652 ms
Out 17, 2011 9:08:30 AM org.apache.catalina.core.StandardService startInternal
Informações: Starting service Catalina
Out 17, 2011 9:08:30 AM org.apache.catalina.core.StandardEngine startInternal
Informações: Starting Servlet Engine: Apache Tomcat/7.0.16
Out 17, 2011 9:08:30 AM org.apache.catalina.startup.HostConfig deployDescriptor
Informações: Deploying configuration descriptor Exame.xml from C:\Users\Luisa\NetBeans\Exame\lib\apache-tomcat-7.0.16\conf\Catalina\localhost
Out 17, 2011 9:08:35 AM org.apache.catalina.startup.HostConfig deployDirectory
Informações: Deploying web application directory docs
Out 17, 2011 9:08:35 AM org.apache.catalina.startup.HostConfig deployDirectory
Informações: Deploying web application directory examples
Out 17, 2011 9:08:35 AM org.apache.catalina.startup.HostConfig deployDirectory
Informações: Deploying web application directory host-manager
Out 17, 2011 9:08:36 AM org.apache.catalina.startup.HostConfig deployDirectory
Informações: Deploying web application directory manager
Out 17, 2011 9:08:36 AM org.apache.catalina.startup.HostConfig deployDirectory
Informações: Deploying web application directory ROOT
Out 17, 2011 9:08:36 AM org.apache.coyote.AbstractProtocol start
Informações: Starting ProtocolHandler ["http-apr-8080"]
Out 17, 2011 9:08:36 AM org.apache.coyote.AbstractProtocol start
Informações: Starting ProtocolHandler ["ajp-apr-8009"]
Out 17, 2011 9:08:36 AM org.apache.catalina.startup.Catalina start
Informações: Server startup in 5483 ms
Out 17, 2011 9:08:37 AM org.apache.catalina.loader.WebappClassLoader clearReferencesJdbc
Grave: The web application [/Exame] registered the JDBC driver [org.postgresql.Driver] but failed to unregister it when the web application was stopped. To prevent a memory leak, the JDBC Driver has been forcibly unregistered.
Out 17, 2011 9:08:38 AM org.apache.catalina.startup.HostConfig checkResources
Informações: Undeploying context [/Exame]
Out 17, 2011 9:08:38 AM org.apache.catalina.startup.HostConfig deployDescriptor
Informações: Deploying configuration descriptor Exame.xml from C:\Users\Luisa\NetBeans\Exame\lib\apache-tomcat-7.0.16\conf\Catalina\localhost
Out 17, 2011 9:08:42 AM org.apache.catalina.util.LifecycleBase start
Informações: The start() method was called on component [StandardEngine[Catalina].StandardHost[localhost].StandardContext[/Exame]] after start() had already been called. The second call will be ignored.
Out 17, 2011 9:14:39 AM org.apache.catalina.core.StandardServer await
Informações: A valid shutdown command was received via the shutdown port. Stopping the Server instance.
Out 17, 2011 9:14:39 AM org.apache.coyote.AbstractProtocol pause
Informações: Pausing ProtocolHandler ["http-apr-8080"]
Out 17, 2011 9:14:40 AM org.apache.coyote.AbstractProtocol pause
Informações: Pausing ProtocolHandler ["ajp-apr-8009"]
Out 17, 2011 9:14:41 AM org.apache.catalina.core.StandardService stopInternal
Informações: Stopping service Catalina
Out 17, 2011 9:14:41 AM org.apache.coyote.AbstractProtocol stop
Informações: Stopping ProtocolHandler ["http-apr-8080"]
Out 17, 2011 9:14:41 AM org.apache.coyote.AbstractProtocol stop
Informações: Stopping ProtocolHandler ["ajp-apr-8009"]
Out 17, 2011 9:14:41 AM org.apache.coyote.AbstractProtocol destroy
Informações: Destroying ProtocolHandler ["http-apr-8080"]
Out 17, 2011 9:14:41 AM org.apache.coyote.AbstractProtocol destroy
Informações: Destroying ProtocolHandler ["ajp-apr-8009"]
Out 17, 2011 10:23:18 AM org.apache.catalina.core.AprLifecycleListener init
Informações: Loaded APR based Apache Tomcat Native library 1.1.20.
Out 17, 2011 10:23:18 AM org.apache.catalina.core.AprLifecycleListener init
Informações: APR capabilities: IPv6 [true], sendfile [true], accept filters [false], random [true].
Out 17, 2011 10:23:19 AM org.apache.coyote.AbstractProtocol init
Informações: Initializing ProtocolHandler ["http-apr-8080"]
Out 17, 2011 10:23:19 AM org.apache.coyote.AbstractProtocol init
Informações: Initializing ProtocolHandler ["ajp-apr-8009"]
Out 17, 2011 10:23:19 AM org.apache.catalina.startup.Catalina load
Informações: Initialization processed in 2241 ms
Out 17, 2011 10:23:19 AM org.apache.catalina.core.StandardService startInternal
Informações: Starting service Catalina
Out 17, 2011 10:23:19 AM org.apache.catalina.core.StandardEngine startInternal
Informações: Starting Servlet Engine: Apache Tomcat/7.0.16
Out 17, 2011 10:23:19 AM org.apache.catalina.startup.HostConfig deployDescriptor
Informações: Deploying configuration descriptor Exame.xml from C:\Users\Luisa\NetBeans\Exame\lib\apache-tomcat-7.0.16\conf\Catalina\localhost
Out 17, 2011 10:23:25 AM org.apache.catalina.startup.HostConfig deployDirectory
Informações: Deploying web application directory docs
Out 17, 2011 10:23:25 AM org.apache.catalina.startup.HostConfig deployDirectory
Informações: Deploying web application directory examples
Out 17, 2011 10:23:25 AM org.apache.catalina.startup.HostConfig deployDirectory
Informações: Deploying web application directory host-manager
Out 17, 2011 10:23:25 AM org.apache.catalina.startup.HostConfig deployDirectory
Informações: Deploying web application directory manager
Out 17, 2011 10:23:26 AM org.apache.catalina.startup.HostConfig deployDirectory
Informações: Deploying web application directory ROOT
Out 17, 2011 10:23:26 AM org.apache.coyote.AbstractProtocol start
Informações: Starting ProtocolHandler ["http-apr-8080"]
Out 17, 2011 10:23:26 AM org.apache.coyote.AbstractProtocol start
Informações: Starting ProtocolHandler ["ajp-apr-8009"]
Out 17, 2011 10:23:26 AM org.apache.catalina.startup.Catalina start
Informações: Server startup in 6366 ms
Out 17, 2011 10:23:26 AM org.apache.catalina.loader.WebappClassLoader clearReferencesJdbc
Grave: The web application [/Exame] registered the JDBC driver [org.postgresql.Driver] but failed to unregister it when the web application was stopped. To prevent a memory leak, the JDBC Driver has been forcibly unregistered.
Out 17, 2011 10:23:27 AM org.apache.catalina.startup.HostConfig checkResources
Informações: Undeploying context [/Exame]
Out 17, 2011 10:23:27 AM org.apache.catalina.startup.HostConfig deployDescriptor
Informações: Deploying configuration descriptor Exame.xml from C:\Users\Luisa\NetBeans\Exame\lib\apache-tomcat-7.0.16\conf\Catalina\localhost
Out 17, 2011 10:23:32 AM org.apache.catalina.util.LifecycleBase start
Informações: The start() method was called on component [StandardEngine[Catalina].StandardHost[localhost].StandardContext[/Exame]] after start() had already been called. The second call will be ignored.
Out 17, 2011 10:23:46 AM org.apache.catalina.core.StandardServer await
Informações: A valid shutdown command was received via the shutdown port. Stopping the Server instance.
Out 17, 2011 10:23:46 AM org.apache.coyote.AbstractProtocol pause
Informações: Pausing ProtocolHandler ["http-apr-8080"]
Out 17, 2011 10:23:47 AM org.apache.coyote.AbstractProtocol pause
Informações: Pausing ProtocolHandler ["ajp-apr-8009"]
Out 17, 2011 10:23:48 AM org.apache.catalina.core.StandardService stopInternal
Informações: Stopping service Catalina
Out 17, 2011 10:23:48 AM org.apache.coyote.AbstractProtocol stop
Informações: Stopping ProtocolHandler ["http-apr-8080"]
Out 17, 2011 10:23:48 AM org.apache.coyote.AbstractProtocol stop
Informações: Stopping ProtocolHandler ["ajp-apr-8009"]
Out 17, 2011 10:23:48 AM org.apache.coyote.AbstractProtocol destroy
Informações: Destroying ProtocolHandler ["http-apr-8080"]
Out 17, 2011 10:23:48 AM org.apache.coyote.AbstractProtocol destroy
Informações: Destroying ProtocolHandler ["ajp-apr-8009"]
Out 17, 2011 10:24:04 AM org.apache.catalina.core.AprLifecycleListener init
Informações: Loaded APR based Apache Tomcat Native library 1.1.20.
Out 17, 2011 10:24:04 AM org.apache.catalina.core.AprLifecycleListener init
Informações: APR capabilities: IPv6 [true], sendfile [true], accept filters [false], random [true].
Out 17, 2011 10:24:06 AM org.apache.coyote.AbstractProtocol init
Informações: Initializing ProtocolHandler ["http-apr-8080"]
Out 17, 2011 10:24:06 AM org.apache.coyote.AbstractProtocol init
Informações: Initializing ProtocolHandler ["ajp-apr-8009"]
Out 17, 2011 10:24:06 AM org.apache.catalina.startup.Catalina load
Informações: Initialization processed in 2298 ms
Out 17, 2011 10:24:06 AM org.apache.catalina.core.StandardService startInternal
Informações: Starting service Catalina
Out 17, 2011 10:24:06 AM org.apache.catalina.core.StandardEngine startInternal
Informações: Starting Servlet Engine: Apache Tomcat/7.0.16
Out 17, 2011 10:24:06 AM org.apache.catalina.startup.HostConfig deployDescriptor
Informações: Deploying configuration descriptor Exame.xml from C:\Users\Luisa\NetBeans\Exame\lib\apache-tomcat-7.0.16\conf\Catalina\localhost
Out 17, 2011 10:24:10 AM org.apache.catalina.startup.HostConfig deployDirectory
Informações: Deploying web application directory docs
Out 17, 2011 10:24:10 AM org.apache.catalina.startup.HostConfig deployDirectory
Informações: Deploying web application directory examples
Out 17, 2011 10:24:11 AM org.apache.catalina.startup.HostConfig deployDirectory
Informações: Deploying web application directory host-manager
Out 17, 2011 10:24:11 AM org.apache.catalina.startup.HostConfig deployDirectory
Informações: Deploying web application directory manager
Out 17, 2011 10:24:11 AM org.apache.catalina.startup.HostConfig deployDirectory
Informações: Deploying web application directory ROOT
Out 17, 2011 10:24:11 AM org.apache.coyote.AbstractProtocol start
Informações: Starting ProtocolHandler ["http-apr-8080"]
Out 17, 2011 10:24:11 AM org.apache.coyote.AbstractProtocol start
Informações: Starting ProtocolHandler ["ajp-apr-8009"]
Out 17, 2011 10:24:11 AM org.apache.catalina.startup.Catalina start
Informações: Server startup in 4964 ms
Out 17, 2011 10:24:11 AM org.apache.catalina.loader.WebappClassLoader clearReferencesJdbc
Grave: The web application [/Exame] registered the JDBC driver [org.postgresql.Driver] but failed to unregister it when the web application was stopped. To prevent a memory leak, the JDBC Driver has been forcibly unregistered.
Out 17, 2011 10:24:12 AM org.apache.catalina.startup.HostConfig checkResources
Informações: Undeploying context [/Exame]
Out 17, 2011 10:24:12 AM org.apache.catalina.startup.HostConfig deployDescriptor
Informações: Deploying configuration descriptor Exame.xml from C:\Users\Luisa\NetBeans\Exame\lib\apache-tomcat-7.0.16\conf\Catalina\localhost
Out 17, 2011 10:24:17 AM org.apache.catalina.util.LifecycleBase start
Informações: The start() method was called on component [StandardEngine[Catalina].StandardHost[localhost].StandardContext[/Exame]] after start() had already been called. The second call will be ignored.
Out 17, 2011 10:28:09 AM org.apache.catalina.core.AprLifecycleListener init
Informações: Loaded APR based Apache Tomcat Native library 1.1.20.
Out 17, 2011 10:28:09 AM org.apache.catalina.core.AprLifecycleListener init
Informações: APR capabilities: IPv6 [true], sendfile [true], accept filters [false], random [true].
Out 17, 2011 10:28:11 AM org.apache.coyote.AbstractProtocol init
Informações: Initializing ProtocolHandler ["http-apr-8080"]
Out 17, 2011 10:28:11 AM org.apache.coyote.AbstractProtocol init
Informações: Initializing ProtocolHandler ["ajp-apr-8009"]
Out 17, 2011 10:28:11 AM org.apache.catalina.startup.Catalina load
Informações: Initialization processed in 2044 ms
Out 17, 2011 10:28:11 AM org.apache.catalina.core.StandardService startInternal
Informações: Starting service Catalina
Out 17, 2011 10:28:11 AM org.apache.catalina.core.StandardEngine startInternal
Informações: Starting Servlet Engine: Apache Tomcat/7.0.16
Out 17, 2011 10:28:11 AM org.apache.catalina.startup.HostConfig deployDescriptor
Informações: Deploying configuration descriptor Exame.xml from C:\Users\Luisa\NetBeans\ExameLu\Exame\lib\apache-tomcat-7.0.16\conf\Catalina\localhost
Out 17, 2011 10:28:15 AM org.apache.catalina.startup.HostConfig deployDirectory
Informações: Deploying web application directory docs
Out 17, 2011 10:28:16 AM org.apache.catalina.startup.HostConfig deployDirectory
Informações: Deploying web application directory examples
Out 17, 2011 10:28:16 AM org.apache.catalina.startup.HostConfig deployDirectory
Informações: Deploying web application directory host-manager
Out 17, 2011 10:28:16 AM org.apache.catalina.startup.HostConfig deployDirectory
Informações: Deploying web application directory manager
Out 17, 2011 10:28:16 AM org.apache.catalina.startup.HostConfig deployDirectory
Informações: Deploying web application directory ROOT
Out 17, 2011 10:28:16 AM org.apache.coyote.AbstractProtocol start
Informações: Starting ProtocolHandler ["http-apr-8080"]
Out 17, 2011 10:28:16 AM org.apache.coyote.AbstractProtocol start
Informações: Starting ProtocolHandler ["ajp-apr-8009"]
Out 17, 2011 10:28:16 AM org.apache.catalina.startup.Catalina start
Informações: Server startup in 5482 ms
Out 17, 2011 10:29:02 AM org.apache.catalina.loader.WebappClassLoader clearReferencesJdbc
Grave: The web application [/Exame] registered the JDBC driver [org.postgresql.Driver] but failed to unregister it when the web application was stopped. To prevent a memory leak, the JDBC Driver has been forcibly unregistered.
Out 17, 2011 10:29:03 AM org.apache.catalina.startup.HostConfig checkResources
Informações: Undeploying context [/Exame]
Out 17, 2011 10:29:14 AM org.apache.catalina.core.StandardServer await
Informações: A valid shutdown command was received via the shutdown port. Stopping the Server instance.
Out 17, 2011 10:29:14 AM org.apache.coyote.AbstractProtocol pause
Informações: Pausing ProtocolHandler ["http-apr-8080"]
Out 17, 2011 10:29:15 AM org.apache.coyote.AbstractProtocol pause
Informações: Pausing ProtocolHandler ["ajp-apr-8009"]
Out 17, 2011 10:29:16 AM org.apache.catalina.core.StandardService stopInternal
Informações: Stopping service Catalina
Out 17, 2011 10:29:16 AM org.apache.coyote.AbstractProtocol stop
Informações: Stopping ProtocolHandler ["http-apr-8080"]
Out 17, 2011 10:29:16 AM org.apache.coyote.AbstractProtocol stop
Informações: Stopping ProtocolHandler ["ajp-apr-8009"]
Out 17, 2011 10:29:16 AM org.apache.coyote.AbstractProtocol destroy
Informações: Destroying ProtocolHandler ["http-apr-8080"]
Out 17, 2011 10:29:16 AM org.apache.coyote.AbstractProtocol destroy
Informações: Destroying ProtocolHandler ["ajp-apr-8009"]
Out 17, 2011 10:29:38 AM org.apache.catalina.core.AprLifecycleListener init
Informações: Loaded APR based Apache Tomcat Native library 1.1.20.
Out 17, 2011 10:29:38 AM org.apache.catalina.core.AprLifecycleListener init
Informações: APR capabilities: IPv6 [true], sendfile [true], accept filters [false], random [true].
Out 17, 2011 10:29:40 AM org.apache.coyote.AbstractProtocol init
Informações: Initializing ProtocolHandler ["http-apr-8080"]
Out 17, 2011 10:29:40 AM org.apache.coyote.AbstractProtocol init
Informações: Initializing ProtocolHandler ["ajp-apr-8009"]
Out 17, 2011 10:29:40 AM org.apache.catalina.startup.Catalina load
Informações: Initialization processed in 2553 ms
Out 17, 2011 10:29:40 AM org.apache.catalina.core.StandardService startInternal
Informações: Starting service Catalina
Out 17, 2011 10:29:40 AM org.apache.catalina.core.StandardEngine startInternal
Informações: Starting Servlet Engine: Apache Tomcat/7.0.16
Out 17, 2011 10:29:40 AM org.apache.catalina.startup.HostConfig deployDirectory
Informações: Deploying web application directory docs
Out 17, 2011 10:29:40 AM org.apache.catalina.startup.HostConfig deployDirectory
Informações: Deploying web application directory examples
Out 17, 2011 10:29:41 AM org.apache.catalina.startup.HostConfig deployDirectory
Informações: Deploying web application directory host-manager
Out 17, 2011 10:29:41 AM org.apache.catalina.startup.HostConfig deployDirectory
Informações: Deploying web application directory manager
Out 17, 2011 10:29:41 AM org.apache.catalina.startup.HostConfig deployDirectory
Informações: Deploying web application directory ROOT
Out 17, 2011 10:29:41 AM org.apache.coyote.AbstractProtocol start
Informações: Starting ProtocolHandler ["http-apr-8080"]
Out 17, 2011 10:29:41 AM org.apache.coyote.AbstractProtocol start
Informações: Starting ProtocolHandler ["ajp-apr-8009"]
Out 17, 2011 10:29:41 AM org.apache.catalina.startup.Catalina start
Informações: Server startup in 1398 ms
Out 17, 2011 10:29:41 AM org.apache.catalina.startup.HostConfig deployDescriptor
Informações: Deploying configuration descriptor Exame.xml from C:\Users\Luisa\NetBeans\ExameLu\Exame\lib\apache-tomcat-7.0.16\conf\Catalina\localhost
Out 17, 2011 10:29:46 AM org.apache.catalina.util.LifecycleBase start
Informações: The start() method was called on component [StandardEngine[Catalina].StandardHost[localhost].StandardContext[/Exame]] after start() had already been called. The second call will be ignored.
Out 17, 2011 10:34:33 AM org.apache.catalina.core.StandardServer await
Informações: A valid shutdown command was received via the shutdown port. Stopping the Server instance.
Out 17, 2011 10:34:33 AM org.apache.coyote.AbstractProtocol pause
Informações: Pausing ProtocolHandler ["http-apr-8080"]
Out 17, 2011 10:34:34 AM org.apache.coyote.AbstractProtocol pause
Informações: Pausing ProtocolHandler ["ajp-apr-8009"]
Out 17, 2011 10:34:35 AM org.apache.catalina.core.StandardService stopInternal
Informações: Stopping service Catalina
Out 17, 2011 10:34:35 AM org.apache.coyote.AbstractProtocol stop
Informações: Stopping ProtocolHandler ["http-apr-8080"]
Out 17, 2011 10:34:35 AM org.apache.coyote.AbstractProtocol stop
Informações: Stopping ProtocolHandler ["ajp-apr-8009"]
Out 17, 2011 10:34:35 AM org.apache.coyote.AbstractProtocol destroy
Informações: Destroying ProtocolHandler ["http-apr-8080"]
Out 17, 2011 10:34:35 AM org.apache.coyote.AbstractProtocol destroy
Informações: Destroying ProtocolHandler ["ajp-apr-8009"]
Out 17, 2011 10:34:49 AM org.apache.catalina.core.AprLifecycleListener init
Informações: Loaded APR based Apache Tomcat Native library 1.1.20.
Out 17, 2011 10:34:49 AM org.apache.catalina.core.AprLifecycleListener init
Informações: APR capabilities: IPv6 [true], sendfile [true], accept filters [false], random [true].
Out 17, 2011 10:34:51 AM org.apache.coyote.AbstractProtocol init
Informações: Initializing ProtocolHandler ["http-apr-8080"]
Out 17, 2011 10:34:51 AM org.apache.coyote.AbstractProtocol init
Informações: Initializing ProtocolHandler ["ajp-apr-8009"]
Out 17, 2011 10:34:51 AM org.apache.catalina.startup.Catalina load
Informações: Initialization processed in 2332 ms
Out 17, 2011 10:34:51 AM org.apache.catalina.core.StandardService startInternal
Informações: Starting service Catalina
Out 17, 2011 10:34:51 AM org.apache.catalina.core.StandardEngine startInternal
Informações: Starting Servlet Engine: Apache Tomcat/7.0.16
Out 17, 2011 10:34:51 AM org.apache.catalina.startup.HostConfig deployDescriptor
Informações: Deploying configuration descriptor Exame.xml from C:\Users\Luisa\NetBeans\ExameLu\Exame\lib\apache-tomcat-7.0.16\conf\Catalina\localhost
Out 17, 2011 10:34:55 AM org.apache.catalina.startup.HostConfig deployDirectory
Informações: Deploying web application directory docs
Out 17, 2011 10:34:55 AM org.apache.catalina.startup.HostConfig deployDirectory
Informações: Deploying web application directory examples
Out 17, 2011 10:34:56 AM org.apache.catalina.startup.HostConfig deployDirectory
Informações: Deploying web application directory host-manager
Out 17, 2011 10:34:56 AM org.apache.catalina.startup.HostConfig deployDirectory
Informações: Deploying web application directory manager
Out 17, 2011 10:34:56 AM org.apache.catalina.startup.HostConfig deployDirectory
Informações: Deploying web application directory ROOT
Out 17, 2011 10:34:56 AM org.apache.coyote.AbstractProtocol start
Informações: Starting ProtocolHandler ["http-apr-8080"]
Out 17, 2011 10:34:56 AM org.apache.coyote.AbstractProtocol start
Informações: Starting ProtocolHandler ["ajp-apr-8009"]
Out 17, 2011 10:34:56 AM org.apache.catalina.startup.Catalina start
Informações: Server startup in 5008 ms
Out 17, 2011 10:34:57 AM org.apache.catalina.loader.WebappClassLoader clearReferencesJdbc
Grave: The web application [/Exame] registered the JDBC driver [org.postgresql.Driver] but failed to unregister it when the web application was stopped. To prevent a memory leak, the JDBC Driver has been forcibly unregistered.
Out 17, 2011 10:34:58 AM org.apache.catalina.startup.HostConfig checkResources
Informações: Undeploying context [/Exame]
Out 17, 2011 10:34:58 AM org.apache.catalina.startup.HostConfig deployDescriptor
Informações: Deploying configuration descriptor Exame.xml from C:\Users\Luisa\NetBeans\ExameLu\Exame\lib\apache-tomcat-7.0.16\conf\Catalina\localhost
Out 17, 2011 10:37:16 AM org.apache.catalina.core.StandardContext reload
Informações: Reloading Context with name [/Exame] has started
Out 17, 2011 10:37:22 AM org.apache.catalina.core.StandardContext reload
Informações: Reloading Context with name [/Exame] is completed
Out 17, 2011 10:37:22 AM org.apache.catalina.core.StandardContext reload
Informações: Reloading Context with name [/Exame] has started
Out 17, 2011 10:37:26 AM org.apache.catalina.core.StandardContext reload
Informações: Reloading Context with name [/Exame] is completed
