16/10/2011 15:01:18 org.apache.catalina.core.ApplicationContext log
INFO: ContextListener: contextInitialized()
16/10/2011 15:01:18 org.apache.catalina.core.ApplicationContext log
INFO: SessionListener: contextInitialized()
16/10/2011 15:01:18 org.apache.catalina.core.ApplicationContext log
INFO: ContextListener: attributeAdded('org.apache.jasper.compiler.TldLocationsCache', 'org.apache.jasper.compiler.TldLocationsCache@1958015a')
16/10/2011 19:16:49 org.apache.catalina.core.ApplicationContext log
INFO: SessionListener: contextDestroyed()
16/10/2011 19:16:49 org.apache.catalina.core.ApplicationContext log
INFO: ContextListener: contextDestroyed()
16/10/2011 19:18:17 org.apache.catalina.core.StandardContext listenerStart
GRAVE: Error configuring application listener of class com.sun.faces.config.ConfigureListener
java.lang.ClassNotFoundException: com.sun.faces.config.ConfigureListener
	at org.apache.catalina.loader.WebappClassLoader.loadClass(WebappClassLoader.java:1676)
	at org.apache.catalina.loader.WebappClassLoader.loadClass(WebappClassLoader.java:1521)
	at org.apache.catalina.core.DefaultInstanceManager.loadClass(DefaultInstanceManager.java:415)
	at org.apache.catalina.core.DefaultInstanceManager.loadClassMaybePrivileged(DefaultInstanceManager.java:397)
	at org.apache.catalina.core.DefaultInstanceManager.newInstance(DefaultInstanceManager.java:118)
	at org.apache.catalina.core.StandardContext.listenerStart(StandardContext.java:4660)
	at org.apache.catalina.core.StandardContext$1.call(StandardContext.java:5226)
	at org.apache.catalina.core.StandardContext$1.call(StandardContext.java:5221)
	at java.util.concurrent.FutureTask$Sync.innerRun(FutureTask.java:303)
	at java.util.concurrent.FutureTask.run(FutureTask.java:138)
	at java.util.concurrent.ThreadPoolExecutor$Worker.runTask(ThreadPoolExecutor.java:886)
	at java.util.concurrent.ThreadPoolExecutor$Worker.run(ThreadPoolExecutor.java:908)
	at java.lang.Thread.run(Thread.java:619)
16/10/2011 19:18:17 org.apache.catalina.core.StandardContext listenerStart
GRAVE: Skipped installing application listeners due to previous error(s)
16/10/2011 19:18:17 org.apache.catalina.core.ApplicationContext log
INFO: ContextListener: contextInitialized()
16/10/2011 19:18:17 org.apache.catalina.core.ApplicationContext log
INFO: SessionListener: contextInitialized()
16/10/2011 19:18:17 org.apache.catalina.core.ApplicationContext log
INFO: ContextListener: attributeAdded('org.apache.jasper.compiler.TldLocationsCache', 'org.apache.jasper.compiler.TldLocationsCache@56f449b8')
16/10/2011 19:18:20 org.apache.catalina.core.StandardContext listenerStart
GRAVE: Error configuring application listener of class com.sun.faces.config.ConfigureListener
java.lang.ClassNotFoundException: com.sun.faces.config.ConfigureListener
	at org.apache.catalina.loader.WebappClassLoader.loadClass(WebappClassLoader.java:1676)
	at org.apache.catalina.loader.WebappClassLoader.loadClass(WebappClassLoader.java:1521)
	at org.apache.catalina.core.DefaultInstanceManager.loadClass(DefaultInstanceManager.java:415)
	at org.apache.catalina.core.DefaultInstanceManager.loadClassMaybePrivileged(DefaultInstanceManager.java:397)
	at org.apache.catalina.core.DefaultInstanceManager.newInstance(DefaultInstanceManager.java:118)
	at org.apache.catalina.core.StandardContext.listenerStart(StandardContext.java:4660)
	at org.apache.catalina.core.StandardContext$1.call(StandardContext.java:5226)
	at org.apache.catalina.core.StandardContext$1.call(StandardContext.java:5221)
	at java.util.concurrent.FutureTask$Sync.innerRun(FutureTask.java:303)
	at java.util.concurrent.FutureTask.run(FutureTask.java:138)
	at java.util.concurrent.ThreadPoolExecutor$Worker.runTask(ThreadPoolExecutor.java:886)
	at java.util.concurrent.ThreadPoolExecutor$Worker.run(ThreadPoolExecutor.java:908)
	at java.lang.Thread.run(Thread.java:619)
16/10/2011 19:18:20 org.apache.catalina.core.StandardContext listenerStart
GRAVE: Skipped installing application listeners due to previous error(s)
16/10/2011 19:19:59 org.apache.catalina.core.StandardContext listenerStart
GRAVE: Error configuring application listener of class com.sun.faces.config.ConfigureListener
java.lang.ClassNotFoundException: com.sun.faces.config.ConfigureListener
	at org.apache.catalina.loader.WebappClassLoader.loadClass(WebappClassLoader.java:1676)
	at org.apache.catalina.loader.WebappClassLoader.loadClass(WebappClassLoader.java:1521)
	at org.apache.catalina.core.DefaultInstanceManager.loadClass(DefaultInstanceManager.java:415)
	at org.apache.catalina.core.DefaultInstanceManager.loadClassMaybePrivileged(DefaultInstanceManager.java:397)
	at org.apache.catalina.core.DefaultInstanceManager.newInstance(DefaultInstanceManager.java:118)
	at org.apache.catalina.core.StandardContext.listenerStart(StandardContext.java:4660)
	at org.apache.catalina.core.StandardContext$1.call(StandardContext.java:5226)
	at org.apache.catalina.core.StandardContext$1.call(StandardContext.java:5221)
	at java.util.concurrent.FutureTask$Sync.innerRun(FutureTask.java:303)
	at java.util.concurrent.FutureTask.run(FutureTask.java:138)
	at java.util.concurrent.ThreadPoolExecutor$Worker.runTask(ThreadPoolExecutor.java:886)
	at java.util.concurrent.ThreadPoolExecutor$Worker.run(ThreadPoolExecutor.java:908)
	at java.lang.Thread.run(Thread.java:619)
16/10/2011 19:19:59 org.apache.catalina.core.StandardContext listenerStart
GRAVE: Skipped installing application listeners due to previous error(s)
16/10/2011 19:21:28 org.apache.catalina.core.StandardContext listenerStart
GRAVE: Error configuring application listener of class com.sun.faces.config.ConfigureListener
java.lang.ClassNotFoundException: com.sun.faces.config.ConfigureListener
	at org.apache.catalina.loader.WebappClassLoader.loadClass(WebappClassLoader.java:1676)
	at org.apache.catalina.loader.WebappClassLoader.loadClass(WebappClassLoader.java:1521)
	at org.apache.catalina.core.DefaultInstanceManager.loadClass(DefaultInstanceManager.java:415)
	at org.apache.catalina.core.DefaultInstanceManager.loadClassMaybePrivileged(DefaultInstanceManager.java:397)
	at org.apache.catalina.core.DefaultInstanceManager.newInstance(DefaultInstanceManager.java:118)
	at org.apache.catalina.core.StandardContext.listenerStart(StandardContext.java:4660)
	at org.apache.catalina.core.StandardContext$1.call(StandardContext.java:5226)
	at org.apache.catalina.core.StandardContext$1.call(StandardContext.java:5221)
	at java.util.concurrent.FutureTask$Sync.innerRun(FutureTask.java:303)
	at java.util.concurrent.FutureTask.run(FutureTask.java:138)
	at java.util.concurrent.ThreadPoolExecutor$Worker.runTask(ThreadPoolExecutor.java:886)
	at java.util.concurrent.ThreadPoolExecutor$Worker.run(ThreadPoolExecutor.java:908)
	at java.lang.Thread.run(Thread.java:619)
16/10/2011 19:21:28 org.apache.catalina.core.StandardContext listenerStart
GRAVE: Skipped installing application listeners due to previous error(s)
16/10/2011 19:21:36 org.apache.catalina.core.ApplicationContext log
INFO: SessionListener: contextDestroyed()
16/10/2011 19:21:36 org.apache.catalina.core.ApplicationContext log
INFO: ContextListener: contextDestroyed()
16/10/2011 19:21:59 org.apache.catalina.core.StandardContext listenerStart
GRAVE: Error configuring application listener of class com.sun.faces.config.ConfigureListener
java.lang.ClassNotFoundException: com.sun.faces.config.ConfigureListener
	at org.apache.catalina.loader.WebappClassLoader.loadClass(WebappClassLoader.java:1676)
	at org.apache.catalina.loader.WebappClassLoader.loadClass(WebappClassLoader.java:1521)
	at org.apache.catalina.core.DefaultInstanceManager.loadClass(DefaultInstanceManager.java:415)
	at org.apache.catalina.core.DefaultInstanceManager.loadClassMaybePrivileged(DefaultInstanceManager.java:397)
	at org.apache.catalina.core.DefaultInstanceManager.newInstance(DefaultInstanceManager.java:118)
	at org.apache.catalina.core.StandardContext.listenerStart(StandardContext.java:4660)
	at org.apache.catalina.core.StandardContext$1.call(StandardContext.java:5226)
	at org.apache.catalina.core.StandardContext$1.call(StandardContext.java:5221)
	at java.util.concurrent.FutureTask$Sync.innerRun(FutureTask.java:303)
	at java.util.concurrent.FutureTask.run(FutureTask.java:138)
	at java.util.concurrent.ThreadPoolExecutor$Worker.runTask(ThreadPoolExecutor.java:886)
	at java.util.concurrent.ThreadPoolExecutor$Worker.run(ThreadPoolExecutor.java:908)
	at java.lang.Thread.run(Thread.java:619)
16/10/2011 19:21:59 org.apache.catalina.core.StandardContext listenerStart
GRAVE: Skipped installing application listeners due to previous error(s)
16/10/2011 19:21:59 org.apache.catalina.core.ApplicationContext log
INFO: ContextListener: contextInitialized()
16/10/2011 19:22:00 org.apache.catalina.core.ApplicationContext log
INFO: SessionListener: contextInitialized()
16/10/2011 19:22:00 org.apache.catalina.core.ApplicationContext log
INFO: ContextListener: attributeAdded('org.apache.jasper.compiler.TldLocationsCache', 'org.apache.jasper.compiler.TldLocationsCache@410d3f0d')
16/10/2011 19:22:03 org.apache.catalina.core.StandardContext listenerStart
GRAVE: Error configuring application listener of class com.sun.faces.config.ConfigureListener
java.lang.ClassNotFoundException: com.sun.faces.config.ConfigureListener
	at org.apache.catalina.loader.WebappClassLoader.loadClass(WebappClassLoader.java:1676)
	at org.apache.catalina.loader.WebappClassLoader.loadClass(WebappClassLoader.java:1521)
	at org.apache.catalina.core.DefaultInstanceManager.loadClass(DefaultInstanceManager.java:415)
	at org.apache.catalina.core.DefaultInstanceManager.loadClassMaybePrivileged(DefaultInstanceManager.java:397)
	at org.apache.catalina.core.DefaultInstanceManager.newInstance(DefaultInstanceManager.java:118)
	at org.apache.catalina.core.StandardContext.listenerStart(StandardContext.java:4660)
	at org.apache.catalina.core.StandardContext$1.call(StandardContext.java:5226)
	at org.apache.catalina.core.StandardContext$1.call(StandardContext.java:5221)
	at java.util.concurrent.FutureTask$Sync.innerRun(FutureTask.java:303)
	at java.util.concurrent.FutureTask.run(FutureTask.java:138)
	at java.util.concurrent.ThreadPoolExecutor$Worker.runTask(ThreadPoolExecutor.java:886)
	at java.util.concurrent.ThreadPoolExecutor$Worker.run(ThreadPoolExecutor.java:908)
	at java.lang.Thread.run(Thread.java:619)
16/10/2011 19:22:03 org.apache.catalina.core.StandardContext listenerStart
GRAVE: Skipped installing application listeners due to previous error(s)
16/10/2011 19:23:48 org.apache.catalina.core.ApplicationContext log
INFO: SessionListener: contextDestroyed()
16/10/2011 19:23:48 org.apache.catalina.core.ApplicationContext log
INFO: ContextListener: contextDestroyed()
16/10/2011 19:24:11 org.apache.catalina.core.ApplicationContext log
INFO: ContextListener: contextInitialized()
16/10/2011 19:24:11 org.apache.catalina.core.ApplicationContext log
INFO: SessionListener: contextInitialized()
16/10/2011 19:24:11 org.apache.catalina.core.ApplicationContext log
INFO: ContextListener: attributeAdded('org.apache.jasper.compiler.TldLocationsCache', 'org.apache.jasper.compiler.TldLocationsCache@1278dc4c')
16/10/2011 19:24:22 org.apache.catalina.core.ApplicationContext log
INFO: SessionListener: contextDestroyed()
16/10/2011 19:24:22 org.apache.catalina.core.ApplicationContext log
INFO: ContextListener: contextDestroyed()
16/10/2011 19:24:37 org.apache.catalina.core.ApplicationContext log
INFO: ContextListener: contextInitialized()
16/10/2011 19:24:37 org.apache.catalina.core.ApplicationContext log
INFO: SessionListener: contextInitialized()
16/10/2011 19:24:37 org.apache.catalina.core.ApplicationContext log
INFO: ContextListener: attributeAdded('org.apache.jasper.compiler.TldLocationsCache', 'org.apache.jasper.compiler.TldLocationsCache@2658dd2d')
16/10/2011 19:26:52 org.apache.catalina.core.ApplicationContext log
INFO: SessionListener: contextDestroyed()
16/10/2011 19:26:52 org.apache.catalina.core.ApplicationContext log
INFO: ContextListener: contextDestroyed()
16/10/2011 19:27:45 org.apache.catalina.core.StandardContext listenerStart
GRAVE: Error configuring application listener of class com.sun.faces.config.ConfigureListener
java.lang.ClassNotFoundException: com.sun.faces.config.ConfigureListener
	at org.apache.catalina.loader.WebappClassLoader.loadClass(WebappClassLoader.java:1676)
	at org.apache.catalina.loader.WebappClassLoader.loadClass(WebappClassLoader.java:1521)
	at org.apache.catalina.core.DefaultInstanceManager.loadClass(DefaultInstanceManager.java:415)
	at org.apache.catalina.core.DefaultInstanceManager.loadClassMaybePrivileged(DefaultInstanceManager.java:397)
	at org.apache.catalina.core.DefaultInstanceManager.newInstance(DefaultInstanceManager.java:118)
	at org.apache.catalina.core.StandardContext.listenerStart(StandardContext.java:4660)
	at org.apache.catalina.core.StandardContext$1.call(StandardContext.java:5226)
	at org.apache.catalina.core.StandardContext$1.call(StandardContext.java:5221)
	at java.util.concurrent.FutureTask$Sync.innerRun(FutureTask.java:303)
	at java.util.concurrent.FutureTask.run(FutureTask.java:138)
	at java.util.concurrent.ThreadPoolExecutor$Worker.runTask(ThreadPoolExecutor.java:886)
	at java.util.concurrent.ThreadPoolExecutor$Worker.run(ThreadPoolExecutor.java:908)
	at java.lang.Thread.run(Thread.java:619)
16/10/2011 19:27:45 org.apache.catalina.core.StandardContext listenerStart
GRAVE: Skipped installing application listeners due to previous error(s)
16/10/2011 19:27:45 org.apache.catalina.core.ApplicationContext log
INFO: ContextListener: contextInitialized()
16/10/2011 19:27:45 org.apache.catalina.core.ApplicationContext log
INFO: SessionListener: contextInitialized()
16/10/2011 19:27:45 org.apache.catalina.core.ApplicationContext log
INFO: ContextListener: attributeAdded('org.apache.jasper.compiler.TldLocationsCache', 'org.apache.jasper.compiler.TldLocationsCache@410d3f0d')
16/10/2011 19:27:48 org.apache.catalina.core.StandardContext listenerStart
GRAVE: Error configuring application listener of class com.sun.faces.config.ConfigureListener
java.lang.ClassNotFoundException: com.sun.faces.config.ConfigureListener
	at org.apache.catalina.loader.WebappClassLoader.loadClass(WebappClassLoader.java:1676)
	at org.apache.catalina.loader.WebappClassLoader.loadClass(WebappClassLoader.java:1521)
	at org.apache.catalina.core.DefaultInstanceManager.loadClass(DefaultInstanceManager.java:415)
	at org.apache.catalina.core.DefaultInstanceManager.loadClassMaybePrivileged(DefaultInstanceManager.java:397)
	at org.apache.catalina.core.DefaultInstanceManager.newInstance(DefaultInstanceManager.java:118)
	at org.apache.catalina.core.StandardContext.listenerStart(StandardContext.java:4660)
	at org.apache.catalina.core.StandardContext$1.call(StandardContext.java:5226)
	at org.apache.catalina.core.StandardContext$1.call(StandardContext.java:5221)
	at java.util.concurrent.FutureTask$Sync.innerRun(FutureTask.java:303)
	at java.util.concurrent.FutureTask.run(FutureTask.java:138)
	at java.util.concurrent.ThreadPoolExecutor$Worker.runTask(ThreadPoolExecutor.java:886)
	at java.util.concurrent.ThreadPoolExecutor$Worker.run(ThreadPoolExecutor.java:908)
	at java.lang.Thread.run(Thread.java:619)
16/10/2011 19:27:48 org.apache.catalina.core.StandardContext listenerStart
GRAVE: Skipped installing application listeners due to previous error(s)
16/10/2011 19:28:53 org.apache.catalina.core.StandardContext listenerStart
GRAVE: Error configuring application listener of class com.sun.faces.config.ConfigureListener
java.lang.ClassNotFoundException: com.sun.faces.config.ConfigureListener
	at org.apache.catalina.loader.WebappClassLoader.loadClass(WebappClassLoader.java:1676)
	at org.apache.catalina.loader.WebappClassLoader.loadClass(WebappClassLoader.java:1521)
	at org.apache.catalina.core.DefaultInstanceManager.loadClass(DefaultInstanceManager.java:415)
	at org.apache.catalina.core.DefaultInstanceManager.loadClassMaybePrivileged(DefaultInstanceManager.java:397)
	at org.apache.catalina.core.DefaultInstanceManager.newInstance(DefaultInstanceManager.java:118)
	at org.apache.catalina.core.StandardContext.listenerStart(StandardContext.java:4660)
	at org.apache.catalina.core.StandardContext$1.call(StandardContext.java:5226)
	at org.apache.catalina.core.StandardContext$1.call(StandardContext.java:5221)
	at java.util.concurrent.FutureTask$Sync.innerRun(FutureTask.java:303)
	at java.util.concurrent.FutureTask.run(FutureTask.java:138)
	at java.util.concurrent.ThreadPoolExecutor$Worker.runTask(ThreadPoolExecutor.java:886)
	at java.util.concurrent.ThreadPoolExecutor$Worker.run(ThreadPoolExecutor.java:908)
	at java.lang.Thread.run(Thread.java:619)
16/10/2011 19:28:53 org.apache.catalina.core.StandardContext listenerStart
GRAVE: Skipped installing application listeners due to previous error(s)
16/10/2011 19:29:26 org.apache.catalina.core.StandardContext listenerStart
GRAVE: Error configuring application listener of class com.sun.faces.config.ConfigureListener
java.lang.ClassNotFoundException: com.sun.faces.config.ConfigureListener
	at org.apache.catalina.loader.WebappClassLoader.loadClass(WebappClassLoader.java:1676)
	at org.apache.catalina.loader.WebappClassLoader.loadClass(WebappClassLoader.java:1521)
	at org.apache.catalina.core.DefaultInstanceManager.loadClass(DefaultInstanceManager.java:415)
	at org.apache.catalina.core.DefaultInstanceManager.loadClassMaybePrivileged(DefaultInstanceManager.java:397)
	at org.apache.catalina.core.DefaultInstanceManager.newInstance(DefaultInstanceManager.java:118)
	at org.apache.catalina.core.StandardContext.listenerStart(StandardContext.java:4660)
	at org.apache.catalina.core.StandardContext$1.call(StandardContext.java:5226)
	at org.apache.catalina.core.StandardContext$1.call(StandardContext.java:5221)
	at java.util.concurrent.FutureTask$Sync.innerRun(FutureTask.java:303)
	at java.util.concurrent.FutureTask.run(FutureTask.java:138)
	at java.util.concurrent.ThreadPoolExecutor$Worker.runTask(ThreadPoolExecutor.java:886)
	at java.util.concurrent.ThreadPoolExecutor$Worker.run(ThreadPoolExecutor.java:908)
	at java.lang.Thread.run(Thread.java:619)
16/10/2011 19:29:26 org.apache.catalina.core.StandardContext listenerStart
GRAVE: Skipped installing application listeners due to previous error(s)
16/10/2011 19:33:14 org.apache.catalina.core.ApplicationContext log
INFO: SessionListener: contextDestroyed()
16/10/2011 19:33:14 org.apache.catalina.core.ApplicationContext log
INFO: ContextListener: contextDestroyed()
16/10/2011 19:34:56 org.apache.catalina.core.ApplicationContext log
INFO: ContextListener: contextInitialized()
16/10/2011 19:34:56 org.apache.catalina.core.ApplicationContext log
INFO: SessionListener: contextInitialized()
16/10/2011 19:34:56 org.apache.catalina.core.ApplicationContext log
INFO: ContextListener: attributeAdded('org.apache.jasper.compiler.TldLocationsCache', 'org.apache.jasper.compiler.TldLocationsCache@36eb7331')
16/10/2011 19:34:58 org.apache.catalina.core.ApplicationContext log
INFO: ContextListener: contextInitialized()
16/10/2011 19:34:58 org.apache.catalina.core.ApplicationContext log
INFO: SessionListener: contextInitialized()
16/10/2011 19:34:58 org.apache.catalina.core.ApplicationContext log
INFO: ContextListener: attributeAdded('org.apache.jasper.compiler.TldLocationsCache', 'org.apache.jasper.compiler.TldLocationsCache@4013fba1')
16/10/2011 19:34:58 org.apache.catalina.core.ApplicationContext log
INFO: SessionListener: contextDestroyed()
16/10/2011 19:34:58 org.apache.catalina.core.ApplicationContext log
INFO: ContextListener: contextDestroyed()
16/10/2011 20:01:07 org.apache.catalina.core.StandardContext listenerStart
GRAVE: Error configuring application listener of class com.sun.faces.config.ConfigureListener
java.lang.ClassNotFoundException: com.sun.faces.config.ConfigureListener
	at org.apache.catalina.loader.WebappClassLoader.loadClass(WebappClassLoader.java:1676)
	at org.apache.catalina.loader.WebappClassLoader.loadClass(WebappClassLoader.java:1521)
	at org.apache.catalina.core.DefaultInstanceManager.loadClass(DefaultInstanceManager.java:415)
	at org.apache.catalina.core.DefaultInstanceManager.loadClassMaybePrivileged(DefaultInstanceManager.java:397)
	at org.apache.catalina.core.DefaultInstanceManager.newInstance(DefaultInstanceManager.java:118)
	at org.apache.catalina.core.StandardContext.listenerStart(StandardContext.java:4660)
	at org.apache.catalina.core.StandardContext$1.call(StandardContext.java:5226)
	at org.apache.catalina.core.StandardContext$1.call(StandardContext.java:5221)
	at java.util.concurrent.FutureTask$Sync.innerRun(FutureTask.java:303)
	at java.util.concurrent.FutureTask.run(FutureTask.java:138)
	at java.util.concurrent.ThreadPoolExecutor$Worker.runTask(ThreadPoolExecutor.java:886)
	at java.util.concurrent.ThreadPoolExecutor$Worker.run(ThreadPoolExecutor.java:908)
	at java.lang.Thread.run(Thread.java:619)
16/10/2011 20:01:07 org.apache.catalina.core.StandardContext listenerStart
GRAVE: Skipped installing application listeners due to previous error(s)
16/10/2011 20:01:12 org.apache.catalina.core.StandardContext listenerStart
GRAVE: Error configuring application listener of class com.sun.faces.config.ConfigureListener
java.lang.ClassNotFoundException: com.sun.faces.config.ConfigureListener
	at org.apache.catalina.loader.WebappClassLoader.loadClass(WebappClassLoader.java:1676)
	at org.apache.catalina.loader.WebappClassLoader.loadClass(WebappClassLoader.java:1521)
	at org.apache.catalina.core.DefaultInstanceManager.loadClass(DefaultInstanceManager.java:415)
	at org.apache.catalina.core.DefaultInstanceManager.loadClassMaybePrivileged(DefaultInstanceManager.java:397)
	at org.apache.catalina.core.DefaultInstanceManager.newInstance(DefaultInstanceManager.java:118)
	at org.apache.catalina.core.StandardContext.listenerStart(StandardContext.java:4660)
	at org.apache.catalina.core.StandardContext$1.call(StandardContext.java:5226)
	at org.apache.catalina.core.StandardContext$1.call(StandardContext.java:5221)
	at java.util.concurrent.FutureTask$Sync.innerRun(FutureTask.java:303)
	at java.util.concurrent.FutureTask.run(FutureTask.java:138)
	at java.util.concurrent.ThreadPoolExecutor$Worker.runTask(ThreadPoolExecutor.java:886)
	at java.util.concurrent.ThreadPoolExecutor$Worker.run(ThreadPoolExecutor.java:908)
	at java.lang.Thread.run(Thread.java:619)
16/10/2011 20:01:12 org.apache.catalina.core.StandardContext listenerStart
GRAVE: Skipped installing application listeners due to previous error(s)
16/10/2011 20:01:35 org.apache.catalina.core.StandardContext listenerStart
GRAVE: Error configuring application listener of class com.sun.faces.config.ConfigureListener
java.lang.ClassNotFoundException: com.sun.faces.config.ConfigureListener
	at org.apache.catalina.loader.WebappClassLoader.loadClass(WebappClassLoader.java:1676)
	at org.apache.catalina.loader.WebappClassLoader.loadClass(WebappClassLoader.java:1521)
	at org.apache.catalina.core.DefaultInstanceManager.loadClass(DefaultInstanceManager.java:415)
	at org.apache.catalina.core.DefaultInstanceManager.loadClassMaybePrivileged(DefaultInstanceManager.java:397)
	at org.apache.catalina.core.DefaultInstanceManager.newInstance(DefaultInstanceManager.java:118)
	at org.apache.catalina.core.StandardContext.listenerStart(StandardContext.java:4660)
	at org.apache.catalina.core.StandardContext$1.call(StandardContext.java:5226)
	at org.apache.catalina.core.StandardContext$1.call(StandardContext.java:5221)
	at java.util.concurrent.FutureTask$Sync.innerRun(FutureTask.java:303)
	at java.util.concurrent.FutureTask.run(FutureTask.java:138)
	at java.util.concurrent.ThreadPoolExecutor$Worker.runTask(ThreadPoolExecutor.java:886)
	at java.util.concurrent.ThreadPoolExecutor$Worker.run(ThreadPoolExecutor.java:908)
	at java.lang.Thread.run(Thread.java:619)
16/10/2011 20:01:35 org.apache.catalina.core.StandardContext listenerStart
GRAVE: Skipped installing application listeners due to previous error(s)
16/10/2011 20:01:38 org.apache.catalina.core.StandardContext listenerStart
GRAVE: Error configuring application listener of class com.sun.faces.config.ConfigureListener
java.lang.ClassNotFoundException: com.sun.faces.config.ConfigureListener
	at org.apache.catalina.loader.WebappClassLoader.loadClass(WebappClassLoader.java:1676)
	at org.apache.catalina.loader.WebappClassLoader.loadClass(WebappClassLoader.java:1521)
	at org.apache.catalina.core.DefaultInstanceManager.loadClass(DefaultInstanceManager.java:415)
	at org.apache.catalina.core.DefaultInstanceManager.loadClassMaybePrivileged(DefaultInstanceManager.java:397)
	at org.apache.catalina.core.DefaultInstanceManager.newInstance(DefaultInstanceManager.java:118)
	at org.apache.catalina.core.StandardContext.listenerStart(StandardContext.java:4660)
	at org.apache.catalina.core.StandardContext$1.call(StandardContext.java:5226)
	at org.apache.catalina.core.StandardContext$1.call(StandardContext.java:5221)
	at java.util.concurrent.FutureTask$Sync.innerRun(FutureTask.java:303)
	at java.util.concurrent.FutureTask.run(FutureTask.java:138)
	at java.util.concurrent.ThreadPoolExecutor$Worker.runTask(ThreadPoolExecutor.java:886)
	at java.util.concurrent.ThreadPoolExecutor$Worker.run(ThreadPoolExecutor.java:908)
	at java.lang.Thread.run(Thread.java:619)
16/10/2011 20:01:38 org.apache.catalina.core.StandardContext listenerStart
GRAVE: Skipped installing application listeners due to previous error(s)
16/10/2011 20:01:58 org.apache.catalina.core.StandardContext listenerStart
GRAVE: Error configuring application listener of class com.sun.faces.config.ConfigureListener
java.lang.ClassNotFoundException: com.sun.faces.config.ConfigureListener
	at org.apache.catalina.loader.WebappClassLoader.loadClass(WebappClassLoader.java:1676)
	at org.apache.catalina.loader.WebappClassLoader.loadClass(WebappClassLoader.java:1521)
	at org.apache.catalina.core.DefaultInstanceManager.loadClass(DefaultInstanceManager.java:415)
	at org.apache.catalina.core.DefaultInstanceManager.loadClassMaybePrivileged(DefaultInstanceManager.java:397)
	at org.apache.catalina.core.DefaultInstanceManager.newInstance(DefaultInstanceManager.java:118)
	at org.apache.catalina.core.StandardContext.listenerStart(StandardContext.java:4660)
	at org.apache.catalina.core.StandardContext$1.call(StandardContext.java:5226)
	at org.apache.catalina.core.StandardContext$1.call(StandardContext.java:5221)
	at java.util.concurrent.FutureTask$Sync.innerRun(FutureTask.java:303)
	at java.util.concurrent.FutureTask.run(FutureTask.java:138)
	at java.util.concurrent.ThreadPoolExecutor$Worker.runTask(ThreadPoolExecutor.java:886)
	at java.util.concurrent.ThreadPoolExecutor$Worker.run(ThreadPoolExecutor.java:908)
	at java.lang.Thread.run(Thread.java:619)
16/10/2011 20:01:58 org.apache.catalina.core.StandardContext listenerStart
GRAVE: Skipped installing application listeners due to previous error(s)
16/10/2011 20:02:01 org.apache.catalina.core.StandardContext listenerStart
GRAVE: Error configuring application listener of class com.sun.faces.config.ConfigureListener
java.lang.ClassNotFoundException: com.sun.faces.config.ConfigureListener
	at org.apache.catalina.loader.WebappClassLoader.loadClass(WebappClassLoader.java:1676)
	at org.apache.catalina.loader.WebappClassLoader.loadClass(WebappClassLoader.java:1521)
	at org.apache.catalina.core.DefaultInstanceManager.loadClass(DefaultInstanceManager.java:415)
	at org.apache.catalina.core.DefaultInstanceManager.loadClassMaybePrivileged(DefaultInstanceManager.java:397)
	at org.apache.catalina.core.DefaultInstanceManager.newInstance(DefaultInstanceManager.java:118)
	at org.apache.catalina.core.StandardContext.listenerStart(StandardContext.java:4660)
	at org.apache.catalina.core.StandardContext$1.call(StandardContext.java:5226)
	at org.apache.catalina.core.StandardContext$1.call(StandardContext.java:5221)
	at java.util.concurrent.FutureTask$Sync.innerRun(FutureTask.java:303)
	at java.util.concurrent.FutureTask.run(FutureTask.java:138)
	at java.util.concurrent.ThreadPoolExecutor$Worker.runTask(ThreadPoolExecutor.java:886)
	at java.util.concurrent.ThreadPoolExecutor$Worker.run(ThreadPoolExecutor.java:908)
	at java.lang.Thread.run(Thread.java:619)
16/10/2011 20:02:01 org.apache.catalina.core.StandardContext listenerStart
GRAVE: Skipped installing application listeners due to previous error(s)
16/10/2011 20:02:14 org.apache.catalina.core.StandardContext listenerStart
GRAVE: Error configuring application listener of class com.sun.faces.config.ConfigureListener
java.lang.ClassNotFoundException: com.sun.faces.config.ConfigureListener
	at org.apache.catalina.loader.WebappClassLoader.loadClass(WebappClassLoader.java:1676)
	at org.apache.catalina.loader.WebappClassLoader.loadClass(WebappClassLoader.java:1521)
	at org.apache.catalina.core.DefaultInstanceManager.loadClass(DefaultInstanceManager.java:415)
	at org.apache.catalina.core.DefaultInstanceManager.loadClassMaybePrivileged(DefaultInstanceManager.java:397)
	at org.apache.catalina.core.DefaultInstanceManager.newInstance(DefaultInstanceManager.java:118)
	at org.apache.catalina.core.StandardContext.listenerStart(StandardContext.java:4660)
	at org.apache.catalina.core.StandardContext$1.call(StandardContext.java:5226)
	at org.apache.catalina.core.StandardContext$1.call(StandardContext.java:5221)
	at java.util.concurrent.FutureTask$Sync.innerRun(FutureTask.java:303)
	at java.util.concurrent.FutureTask.run(FutureTask.java:138)
	at java.util.concurrent.ThreadPoolExecutor$Worker.runTask(ThreadPoolExecutor.java:886)
	at java.util.concurrent.ThreadPoolExecutor$Worker.run(ThreadPoolExecutor.java:908)
	at java.lang.Thread.run(Thread.java:619)
16/10/2011 20:02:14 org.apache.catalina.core.StandardContext listenerStart
GRAVE: Skipped installing application listeners due to previous error(s)
16/10/2011 20:02:30 org.apache.catalina.core.ApplicationContext log
INFO: SessionListener: contextDestroyed()
16/10/2011 20:02:30 org.apache.catalina.core.ApplicationContext log
INFO: ContextListener: contextDestroyed()
16/10/2011 20:02:54 org.apache.catalina.core.StandardContext listenerStart
GRAVE: Error configuring application listener of class com.sun.faces.config.ConfigureListener
java.lang.ClassNotFoundException: com.sun.faces.config.ConfigureListener
	at org.apache.catalina.loader.WebappClassLoader.loadClass(WebappClassLoader.java:1676)
	at org.apache.catalina.loader.WebappClassLoader.loadClass(WebappClassLoader.java:1521)
	at org.apache.catalina.core.DefaultInstanceManager.loadClass(DefaultInstanceManager.java:415)
	at org.apache.catalina.core.DefaultInstanceManager.loadClassMaybePrivileged(DefaultInstanceManager.java:397)
	at org.apache.catalina.core.DefaultInstanceManager.newInstance(DefaultInstanceManager.java:118)
	at org.apache.catalina.core.StandardContext.listenerStart(StandardContext.java:4660)
	at org.apache.catalina.core.StandardContext$1.call(StandardContext.java:5226)
	at org.apache.catalina.core.StandardContext$1.call(StandardContext.java:5221)
	at java.util.concurrent.FutureTask$Sync.innerRun(FutureTask.java:303)
	at java.util.concurrent.FutureTask.run(FutureTask.java:138)
	at java.util.concurrent.ThreadPoolExecutor$Worker.runTask(ThreadPoolExecutor.java:886)
	at java.util.concurrent.ThreadPoolExecutor$Worker.run(ThreadPoolExecutor.java:908)
	at java.lang.Thread.run(Thread.java:619)
16/10/2011 20:02:54 org.apache.catalina.core.StandardContext listenerStart
GRAVE: Skipped installing application listeners due to previous error(s)
16/10/2011 20:02:55 org.apache.catalina.core.ApplicationContext log
INFO: ContextListener: contextInitialized()
16/10/2011 20:02:55 org.apache.catalina.core.ApplicationContext log
INFO: SessionListener: contextInitialized()
16/10/2011 20:02:55 org.apache.catalina.core.ApplicationContext log
INFO: ContextListener: attributeAdded('org.apache.jasper.compiler.TldLocationsCache', 'org.apache.jasper.compiler.TldLocationsCache@125d855f')
16/10/2011 20:02:58 org.apache.catalina.core.StandardContext listenerStart
GRAVE: Error configuring application listener of class com.sun.faces.config.ConfigureListener
java.lang.ClassNotFoundException: com.sun.faces.config.ConfigureListener
	at org.apache.catalina.loader.WebappClassLoader.loadClass(WebappClassLoader.java:1676)
	at org.apache.catalina.loader.WebappClassLoader.loadClass(WebappClassLoader.java:1521)
	at org.apache.catalina.core.DefaultInstanceManager.loadClass(DefaultInstanceManager.java:415)
	at org.apache.catalina.core.DefaultInstanceManager.loadClassMaybePrivileged(DefaultInstanceManager.java:397)
	at org.apache.catalina.core.DefaultInstanceManager.newInstance(DefaultInstanceManager.java:118)
	at org.apache.catalina.core.StandardContext.listenerStart(StandardContext.java:4660)
	at org.apache.catalina.core.StandardContext$1.call(StandardContext.java:5226)
	at org.apache.catalina.core.StandardContext$1.call(StandardContext.java:5221)
	at java.util.concurrent.FutureTask$Sync.innerRun(FutureTask.java:303)
	at java.util.concurrent.FutureTask.run(FutureTask.java:138)
	at java.util.concurrent.ThreadPoolExecutor$Worker.runTask(ThreadPoolExecutor.java:886)
	at java.util.concurrent.ThreadPoolExecutor$Worker.run(ThreadPoolExecutor.java:908)
	at java.lang.Thread.run(Thread.java:619)
16/10/2011 20:02:58 org.apache.catalina.core.StandardContext listenerStart
GRAVE: Skipped installing application listeners due to previous error(s)
16/10/2011 20:05:43 org.apache.catalina.core.ApplicationContext log
INFO: SessionListener: contextDestroyed()
16/10/2011 20:05:43 org.apache.catalina.core.ApplicationContext log
INFO: ContextListener: contextDestroyed()
16/10/2011 20:06:23 org.apache.catalina.core.StandardContext listenerStart
GRAVE: Error configuring application listener of class com.sun.faces.config.ConfigureListener
java.lang.ClassNotFoundException: com.sun.faces.config.ConfigureListener
	at org.apache.catalina.loader.WebappClassLoader.loadClass(WebappClassLoader.java:1676)
	at org.apache.catalina.loader.WebappClassLoader.loadClass(WebappClassLoader.java:1521)
	at org.apache.catalina.core.DefaultInstanceManager.loadClass(DefaultInstanceManager.java:415)
	at org.apache.catalina.core.DefaultInstanceManager.loadClassMaybePrivileged(DefaultInstanceManager.java:397)
	at org.apache.catalina.core.DefaultInstanceManager.newInstance(DefaultInstanceManager.java:118)
	at org.apache.catalina.core.StandardContext.listenerStart(StandardContext.java:4660)
	at org.apache.catalina.core.StandardContext$1.call(StandardContext.java:5226)
	at org.apache.catalina.core.StandardContext$1.call(StandardContext.java:5221)
	at java.util.concurrent.FutureTask$Sync.innerRun(FutureTask.java:303)
	at java.util.concurrent.FutureTask.run(FutureTask.java:138)
	at java.util.concurrent.ThreadPoolExecutor$Worker.runTask(ThreadPoolExecutor.java:886)
	at java.util.concurrent.ThreadPoolExecutor$Worker.run(ThreadPoolExecutor.java:908)
	at java.lang.Thread.run(Thread.java:619)
16/10/2011 20:06:23 org.apache.catalina.core.StandardContext listenerStart
GRAVE: Skipped installing application listeners due to previous error(s)
16/10/2011 20:06:24 org.apache.catalina.core.ApplicationContext log
INFO: ContextListener: contextInitialized()
16/10/2011 20:06:24 org.apache.catalina.core.ApplicationContext log
INFO: SessionListener: contextInitialized()
16/10/2011 20:06:24 org.apache.catalina.core.ApplicationContext log
INFO: ContextListener: attributeAdded('org.apache.jasper.compiler.TldLocationsCache', 'org.apache.jasper.compiler.TldLocationsCache@fc8fb4b')
16/10/2011 20:06:27 org.apache.catalina.core.StandardContext listenerStart
GRAVE: Error configuring application listener of class com.sun.faces.config.ConfigureListener
java.lang.ClassNotFoundException: com.sun.faces.config.ConfigureListener
	at org.apache.catalina.loader.WebappClassLoader.loadClass(WebappClassLoader.java:1676)
	at org.apache.catalina.loader.WebappClassLoader.loadClass(WebappClassLoader.java:1521)
	at org.apache.catalina.core.DefaultInstanceManager.loadClass(DefaultInstanceManager.java:415)
	at org.apache.catalina.core.DefaultInstanceManager.loadClassMaybePrivileged(DefaultInstanceManager.java:397)
	at org.apache.catalina.core.DefaultInstanceManager.newInstance(DefaultInstanceManager.java:118)
	at org.apache.catalina.core.StandardContext.listenerStart(StandardContext.java:4660)
	at org.apache.catalina.core.StandardContext$1.call(StandardContext.java:5226)
	at org.apache.catalina.core.StandardContext$1.call(StandardContext.java:5221)
	at java.util.concurrent.FutureTask$Sync.innerRun(FutureTask.java:303)
	at java.util.concurrent.FutureTask.run(FutureTask.java:138)
	at java.util.concurrent.ThreadPoolExecutor$Worker.runTask(ThreadPoolExecutor.java:886)
	at java.util.concurrent.ThreadPoolExecutor$Worker.run(ThreadPoolExecutor.java:908)
	at java.lang.Thread.run(Thread.java:619)
16/10/2011 20:06:27 org.apache.catalina.core.StandardContext listenerStart
GRAVE: Skipped installing application listeners due to previous error(s)
16/10/2011 20:06:34 org.apache.catalina.core.StandardContext listenerStart
GRAVE: Error configuring application listener of class com.sun.faces.config.ConfigureListener
java.lang.ClassNotFoundException: com.sun.faces.config.ConfigureListener
	at org.apache.catalina.loader.WebappClassLoader.loadClass(WebappClassLoader.java:1676)
	at org.apache.catalina.loader.WebappClassLoader.loadClass(WebappClassLoader.java:1521)
	at org.apache.catalina.core.DefaultInstanceManager.loadClass(DefaultInstanceManager.java:415)
	at org.apache.catalina.core.DefaultInstanceManager.loadClassMaybePrivileged(DefaultInstanceManager.java:397)
	at org.apache.catalina.core.DefaultInstanceManager.newInstance(DefaultInstanceManager.java:118)
	at org.apache.catalina.core.StandardContext.listenerStart(StandardContext.java:4660)
	at org.apache.catalina.core.StandardContext$1.call(StandardContext.java:5226)
	at org.apache.catalina.core.StandardContext$1.call(StandardContext.java:5221)
	at java.util.concurrent.FutureTask$Sync.innerRun(FutureTask.java:303)
	at java.util.concurrent.FutureTask.run(FutureTask.java:138)
	at java.util.concurrent.ThreadPoolExecutor$Worker.runTask(ThreadPoolExecutor.java:886)
	at java.util.concurrent.ThreadPoolExecutor$Worker.run(ThreadPoolExecutor.java:908)
	at java.lang.Thread.run(Thread.java:619)
16/10/2011 20:06:34 org.apache.catalina.core.StandardContext listenerStart
GRAVE: Skipped installing application listeners due to previous error(s)
16/10/2011 20:08:19 org.apache.catalina.core.StandardContext listenerStart
GRAVE: Error configuring application listener of class com.sun.faces.config.ConfigureListener
java.lang.ClassNotFoundException: com.sun.faces.config.ConfigureListener
	at org.apache.catalina.loader.WebappClassLoader.loadClass(WebappClassLoader.java:1676)
	at org.apache.catalina.loader.WebappClassLoader.loadClass(WebappClassLoader.java:1521)
	at org.apache.catalina.core.DefaultInstanceManager.loadClass(DefaultInstanceManager.java:415)
	at org.apache.catalina.core.DefaultInstanceManager.loadClassMaybePrivileged(DefaultInstanceManager.java:397)
	at org.apache.catalina.core.DefaultInstanceManager.newInstance(DefaultInstanceManager.java:118)
	at org.apache.catalina.core.StandardContext.listenerStart(StandardContext.java:4660)
	at org.apache.catalina.core.StandardContext$1.call(StandardContext.java:5226)
	at org.apache.catalina.core.StandardContext$1.call(StandardContext.java:5221)
	at java.util.concurrent.FutureTask$Sync.innerRun(FutureTask.java:303)
	at java.util.concurrent.FutureTask.run(FutureTask.java:138)
	at java.util.concurrent.ThreadPoolExecutor$Worker.runTask(ThreadPoolExecutor.java:886)
	at java.util.concurrent.ThreadPoolExecutor$Worker.run(ThreadPoolExecutor.java:908)
	at java.lang.Thread.run(Thread.java:619)
16/10/2011 20:08:19 org.apache.catalina.core.StandardContext listenerStart
GRAVE: Skipped installing application listeners due to previous error(s)
Out 16, 2011 9:11:53 PM org.apache.catalina.core.ApplicationContext log
Informações: ContextListener: contextInitialized()
Out 16, 2011 9:11:53 PM org.apache.catalina.core.ApplicationContext log
Informações: SessionListener: contextInitialized()
Out 16, 2011 9:11:53 PM org.apache.catalina.core.ApplicationContext log
Informações: ContextListener: attributeAdded('org.apache.jasper.compiler.TldLocationsCache', 'org.apache.jasper.compiler.TldLocationsCache@356844')
Out 16, 2011 9:12:02 PM org.apache.catalina.core.ApplicationContext log
Informações: Marking servlet Controller as unavailable
Out 16, 2011 9:12:02 PM org.apache.catalina.core.ApplicationDispatcher invoke
Grave: Allocate exception for servlet Controller
java.lang.ClassNotFoundException: controller.IsLoggedController
	at org.apache.catalina.loader.WebappClassLoader.loadClass(WebappClassLoader.java:1676)
	at org.apache.catalina.loader.WebappClassLoader.loadClass(WebappClassLoader.java:1521)
	at org.apache.catalina.core.DefaultInstanceManager.loadClass(DefaultInstanceManager.java:415)
	at org.apache.catalina.core.DefaultInstanceManager.loadClassMaybePrivileged(DefaultInstanceManager.java:397)
	at org.apache.catalina.core.DefaultInstanceManager.newInstance(DefaultInstanceManager.java:118)
	at org.apache.catalina.core.StandardWrapper.loadServlet(StandardWrapper.java:1073)
	at org.apache.catalina.core.StandardWrapper.allocate(StandardWrapper.java:824)
	at org.apache.catalina.core.ApplicationDispatcher.invoke(ApplicationDispatcher.java:657)
	at org.apache.catalina.core.ApplicationDispatcher.doInclude(ApplicationDispatcher.java:593)
	at org.apache.catalina.core.ApplicationDispatcher.include(ApplicationDispatcher.java:530)
	at org.apache.jsp.index_jsp._jspService(index_jsp.java:65)
	at org.apache.jasper.runtime.HttpJspBase.service(HttpJspBase.java:70)
	at javax.servlet.http.HttpServlet.service(HttpServlet.java:722)
	at org.apache.jasper.servlet.JspServletWrapper.service(JspServletWrapper.java:419)
	at org.apache.jasper.servlet.JspServlet.serviceJspFile(JspServlet.java:389)
	at org.apache.jasper.servlet.JspServlet.service(JspServlet.java:333)
	at javax.servlet.http.HttpServlet.service(HttpServlet.java:722)
	at org.apache.catalina.core.ApplicationFilterChain.internalDoFilter(ApplicationFilterChain.java:304)
	at org.apache.catalina.core.ApplicationFilterChain.doFilter(ApplicationFilterChain.java:210)
	at org.apache.catalina.core.StandardWrapperValve.invoke(StandardWrapperValve.java:240)
	at org.apache.catalina.core.StandardContextValve.invoke(StandardContextValve.java:164)
	at org.apache.catalina.authenticator.AuthenticatorBase.invoke(AuthenticatorBase.java:462)
	at org.apache.catalina.core.StandardHostValve.invoke(StandardHostValve.java:164)
	at org.apache.catalina.valves.ErrorReportValve.invoke(ErrorReportValve.java:100)
	at org.apache.catalina.valves.AccessLogValve.invoke(AccessLogValve.java:563)
	at org.apache.catalina.core.StandardEngineValve.invoke(StandardEngineValve.java:118)
	at org.apache.catalina.connector.CoyoteAdapter.service(CoyoteAdapter.java:403)
	at org.apache.coyote.http11.Http11AprProcessor.process(Http11AprProcessor.java:286)
	at org.apache.coyote.http11.Http11AprProtocol$Http11ConnectionHandler.process(Http11AprProtocol.java:272)
	at org.apache.tomcat.util.net.AprEndpoint$SocketProcessor.run(AprEndpoint.java:1730)
	at java.util.concurrent.ThreadPoolExecutor.runWorker(ThreadPoolExecutor.java:1110)
	at java.util.concurrent.ThreadPoolExecutor$Worker.run(ThreadPoolExecutor.java:603)
	at java.lang.Thread.run(Thread.java:722)

Out 16, 2011 9:12:02 PM org.apache.catalina.core.StandardWrapperValve invoke
Grave: Servlet.service() for servlet [jsp] in context with path [/Exame] threw exception [An exception occurred processing JSP page /index.jsp at line 11

8: <!DOCTYPE html>
9: <% 
10:         RequestDispatcher dispatcher = getServletContext().getRequestDispatcher("/IsLoggedController"); 
11:         dispatcher.include(request,response); 
12: %> 
13: <html>
14:     <head>


Stacktrace:] with root cause
java.lang.ClassNotFoundException: controller.IsLoggedController
	at org.apache.catalina.loader.WebappClassLoader.loadClass(WebappClassLoader.java:1676)
	at org.apache.catalina.loader.WebappClassLoader.loadClass(WebappClassLoader.java:1521)
	at org.apache.catalina.core.DefaultInstanceManager.loadClass(DefaultInstanceManager.java:415)
	at org.apache.catalina.core.DefaultInstanceManager.loadClassMaybePrivileged(DefaultInstanceManager.java:397)
	at org.apache.catalina.core.DefaultInstanceManager.newInstance(DefaultInstanceManager.java:118)
	at org.apache.catalina.core.StandardWrapper.loadServlet(StandardWrapper.java:1073)
	at org.apache.catalina.core.StandardWrapper.allocate(StandardWrapper.java:824)
	at org.apache.catalina.core.ApplicationDispatcher.invoke(ApplicationDispatcher.java:657)
	at org.apache.catalina.core.ApplicationDispatcher.doInclude(ApplicationDispatcher.java:593)
	at org.apache.catalina.core.ApplicationDispatcher.include(ApplicationDispatcher.java:530)
	at org.apache.jsp.index_jsp._jspService(index_jsp.java:65)
	at org.apache.jasper.runtime.HttpJspBase.service(HttpJspBase.java:70)
	at javax.servlet.http.HttpServlet.service(HttpServlet.java:722)
	at org.apache.jasper.servlet.JspServletWrapper.service(JspServletWrapper.java:419)
	at org.apache.jasper.servlet.JspServlet.serviceJspFile(JspServlet.java:389)
	at org.apache.jasper.servlet.JspServlet.service(JspServlet.java:333)
	at javax.servlet.http.HttpServlet.service(HttpServlet.java:722)
	at org.apache.catalina.core.ApplicationFilterChain.internalDoFilter(ApplicationFilterChain.java:304)
	at org.apache.catalina.core.ApplicationFilterChain.doFilter(ApplicationFilterChain.java:210)
	at org.apache.catalina.core.StandardWrapperValve.invoke(StandardWrapperValve.java:240)
	at org.apache.catalina.core.StandardContextValve.invoke(StandardContextValve.java:164)
	at org.apache.catalina.authenticator.AuthenticatorBase.invoke(AuthenticatorBase.java:462)
	at org.apache.catalina.core.StandardHostValve.invoke(StandardHostValve.java:164)
	at org.apache.catalina.valves.ErrorReportValve.invoke(ErrorReportValve.java:100)
	at org.apache.catalina.valves.AccessLogValve.invoke(AccessLogValve.java:563)
	at org.apache.catalina.core.StandardEngineValve.invoke(StandardEngineValve.java:118)
	at org.apache.catalina.connector.CoyoteAdapter.service(CoyoteAdapter.java:403)
	at org.apache.coyote.http11.Http11AprProcessor.process(Http11AprProcessor.java:286)
	at org.apache.coyote.http11.Http11AprProtocol$Http11ConnectionHandler.process(Http11AprProtocol.java:272)
	at org.apache.tomcat.util.net.AprEndpoint$SocketProcessor.run(AprEndpoint.java:1730)
	at java.util.concurrent.ThreadPoolExecutor.runWorker(ThreadPoolExecutor.java:1110)
	at java.util.concurrent.ThreadPoolExecutor$Worker.run(ThreadPoolExecutor.java:603)
	at java.lang.Thread.run(Thread.java:722)

Out 16, 2011 9:18:12 PM org.apache.catalina.core.ApplicationContext log
Informações: SessionListener: contextDestroyed()
Out 16, 2011 9:18:12 PM org.apache.catalina.core.ApplicationContext log
Informações: ContextListener: contextDestroyed()
Out 16, 2011 9:20:22 PM org.apache.catalina.core.ApplicationContext log
Informações: ContextListener: contextInitialized()
Out 16, 2011 9:20:22 PM org.apache.catalina.core.ApplicationContext log
Informações: SessionListener: contextInitialized()
Out 16, 2011 9:20:22 PM org.apache.catalina.core.ApplicationContext log
Informações: ContextListener: attributeAdded('org.apache.jasper.compiler.TldLocationsCache', 'org.apache.jasper.compiler.TldLocationsCache@c9e408')
Out 16, 2011 9:22:17 PM org.apache.catalina.core.StandardWrapperValve invoke
Grave: Servlet.service() for servlet [LoginController] in context with path [/Exame] threw exception
javax.persistence.PersistenceException: Exception [EclipseLink-4002] (Eclipse Persistence Services - 2.2.0.v20110202-r8913): org.eclipse.persistence.exceptions.DatabaseException
Internal Exception: org.postgresql.util.PSQLException: A tentativa de conexão falhou.
Error Code: 0
	at org.eclipse.persistence.internal.jpa.EntityManagerSetupImpl.deploy(EntityManagerSetupImpl.java:422)
	at org.eclipse.persistence.internal.jpa.EntityManagerFactoryImpl.getServerSession(EntityManagerFactoryImpl.java:185)
	at org.eclipse.persistence.internal.jpa.EntityManagerFactoryImpl.createEntityManagerImpl(EntityManagerFactoryImpl.java:242)
	at org.eclipse.persistence.internal.jpa.EntityManagerFactoryImpl.createEntityManager(EntityManagerFactoryImpl.java:230)
	at util.JPAUtil.getEntityManager(JPAUtil.java:20)
	at entities.UserDAOJPA.findByUsername(UserDAOJPA.java:39)
	at controller.LoginController.processRequest(LoginController.java:46)
	at controller.LoginController.doGet(LoginController.java:95)
	at javax.servlet.http.HttpServlet.service(HttpServlet.java:621)
	at javax.servlet.http.HttpServlet.service(HttpServlet.java:722)
	at org.apache.catalina.core.ApplicationFilterChain.internalDoFilter(ApplicationFilterChain.java:304)
	at org.apache.catalina.core.ApplicationFilterChain.doFilter(ApplicationFilterChain.java:210)
	at org.apache.catalina.core.StandardWrapperValve.invoke(StandardWrapperValve.java:240)
	at org.apache.catalina.core.StandardContextValve.invoke(StandardContextValve.java:164)
	at org.apache.catalina.authenticator.AuthenticatorBase.invoke(AuthenticatorBase.java:462)
	at org.apache.catalina.core.StandardHostValve.invoke(StandardHostValve.java:164)
	at org.apache.catalina.valves.ErrorReportValve.invoke(ErrorReportValve.java:100)
	at org.apache.catalina.valves.AccessLogValve.invoke(AccessLogValve.java:563)
	at org.apache.catalina.core.StandardEngineValve.invoke(StandardEngineValve.java:118)
	at org.apache.catalina.connector.CoyoteAdapter.service(CoyoteAdapter.java:403)
	at org.apache.coyote.http11.Http11AprProcessor.process(Http11AprProcessor.java:286)
	at org.apache.coyote.http11.Http11AprProtocol$Http11ConnectionHandler.process(Http11AprProtocol.java:272)
	at org.apache.tomcat.util.net.AprEndpoint$SocketProcessor.run(AprEndpoint.java:1730)
	at java.util.concurrent.ThreadPoolExecutor.runWorker(ThreadPoolExecutor.java:1110)
	at java.util.concurrent.ThreadPoolExecutor$Worker.run(ThreadPoolExecutor.java:603)
	at java.lang.Thread.run(Thread.java:722)
Caused by: Exception [EclipseLink-4002] (Eclipse Persistence Services - 2.2.0.v20110202-r8913): org.eclipse.persistence.exceptions.DatabaseException
Internal Exception: org.postgresql.util.PSQLException: A tentativa de conexão falhou.
Error Code: 0
	at org.eclipse.persistence.exceptions.DatabaseException.sqlException(DatabaseException.java:324)
	at org.eclipse.persistence.exceptions.DatabaseException.sqlException(DatabaseException.java:319)
	at org.eclipse.persistence.sessions.DefaultConnector.connect(DefaultConnector.java:138)
	at org.eclipse.persistence.sessions.DatasourceLogin.connectToDatasource(DatasourceLogin.java:162)
	at org.eclipse.persistence.internal.sessions.DatabaseSessionImpl.loginAndDetectDatasource(DatabaseSessionImpl.java:592)
	at org.eclipse.persistence.internal.jpa.EntityManagerFactoryProvider.login(EntityManagerFactoryProvider.java:233)
	at org.eclipse.persistence.internal.jpa.EntityManagerSetupImpl.deploy(EntityManagerSetupImpl.java:394)
	... 25 more
Caused by: org.postgresql.util.PSQLException: A tentativa de conexão falhou.
	at org.postgresql.core.v3.ConnectionFactoryImpl.openConnectionImpl(ConnectionFactoryImpl.java:150)
	at org.postgresql.core.ConnectionFactory.openConnection(ConnectionFactory.java:66)
	at org.postgresql.jdbc2.AbstractJdbc2Connection.<init>(AbstractJdbc2Connection.java:125)
	at org.postgresql.jdbc3.AbstractJdbc3Connection.<init>(AbstractJdbc3Connection.java:30)
	at org.postgresql.jdbc3g.AbstractJdbc3gConnection.<init>(AbstractJdbc3gConnection.java:22)
	at org.postgresql.jdbc4.AbstractJdbc4Connection.<init>(AbstractJdbc4Connection.java:30)
	at org.postgresql.jdbc4.Jdbc4Connection.<init>(Jdbc4Connection.java:24)
	at org.postgresql.Driver.makeConnection(Driver.java:393)
	at org.postgresql.Driver.connect(Driver.java:267)
	at java.sql.DriverManager.getConnection(DriverManager.java:579)
	at java.sql.DriverManager.getConnection(DriverManager.java:190)
	at org.eclipse.persistence.sessions.DefaultConnector.connect(DefaultConnector.java:98)
	... 29 more
Caused by: java.net.UnknownHostException: comp13.server
	at java.net.AbstractPlainSocketImpl.connect(AbstractPlainSocketImpl.java:176)
	at java.net.PlainSocketImpl.connect(PlainSocketImpl.java:157)
	at java.net.SocksSocketImpl.connect(SocksSocketImpl.java:391)
	at java.net.Socket.connect(Socket.java:579)
	at java.net.Socket.connect(Socket.java:528)
	at java.net.Socket.<init>(Socket.java:425)
	at java.net.Socket.<init>(Socket.java:208)
	at org.postgresql.core.PGStream.<init>(PGStream.java:62)
	at org.postgresql.core.v3.ConnectionFactoryImpl.openConnectionImpl(ConnectionFactoryImpl.java:76)
	... 40 more

Out 16, 2011 11:23:06 PM org.apache.catalina.session.StandardSession writeObject
Advertência: Cannot serialize session attribute categorias for session 1CAE3D9B7D14FBB7D5C33D9C09D7E541
java.io.NotSerializableException: entities.Category
	at java.io.ObjectOutputStream.writeObject0(ObjectOutputStream.java:1180)
	at java.io.ObjectOutputStream.writeArray(ObjectOutputStream.java:1362)
	at java.io.ObjectOutputStream.writeObject0(ObjectOutputStream.java:1170)
	at java.io.ObjectOutputStream.access$300(ObjectOutputStream.java:161)
	at java.io.ObjectOutputStream$PutFieldImpl.writeFields(ObjectOutputStream.java:1687)
	at java.io.ObjectOutputStream.writeFields(ObjectOutputStream.java:478)
	at java.util.Vector.writeObject(Vector.java:1073)
	at sun.reflect.NativeMethodAccessorImpl.invoke0(Native Method)
	at sun.reflect.NativeMethodAccessorImpl.invoke(NativeMethodAccessorImpl.java:57)
	at sun.reflect.DelegatingMethodAccessorImpl.invoke(DelegatingMethodAccessorImpl.java:43)
	at java.lang.reflect.Method.invoke(Method.java:601)
	at java.io.ObjectStreamClass.invokeWriteObject(ObjectStreamClass.java:962)
	at java.io.ObjectOutputStream.writeSerialData(ObjectOutputStream.java:1480)
	at java.io.ObjectOutputStream.writeOrdinaryObject(ObjectOutputStream.java:1416)
	at java.io.ObjectOutputStream.writeObject0(ObjectOutputStream.java:1174)
	at java.io.ObjectOutputStream.writeObject(ObjectOutputStream.java:346)
	at org.apache.catalina.session.StandardSession.writeObject(StandardSession.java:1676)
	at org.apache.catalina.session.StandardSession.writeObjectData(StandardSession.java:1090)
	at org.apache.catalina.session.StandardManager.doUnload(StandardManager.java:411)
	at org.apache.catalina.session.StandardManager.unload(StandardManager.java:353)
	at org.apache.catalina.session.StandardManager.stopInternal(StandardManager.java:497)
	at org.apache.catalina.util.LifecycleBase.stop(LifecycleBase.java:225)
	at org.apache.catalina.core.StandardContext$4.run(StandardContext.java:5464)
	at java.lang.Thread.run(Thread.java:722)
	at org.apache.catalina.core.StandardContext.stopInternal(StandardContext.java:5481)
	at org.apache.catalina.util.LifecycleBase.stop(LifecycleBase.java:225)
	at org.apache.catalina.core.StandardContext.reload(StandardContext.java:3847)
	at org.apache.catalina.manager.ManagerServlet.reload(ManagerServlet.java:949)
	at org.apache.catalina.manager.ManagerServlet.doGet(ManagerServlet.java:360)
	at javax.servlet.http.HttpServlet.service(HttpServlet.java:621)
	at javax.servlet.http.HttpServlet.service(HttpServlet.java:722)
	at org.apache.catalina.core.ApplicationFilterChain.internalDoFilter(ApplicationFilterChain.java:304)
	at org.apache.catalina.core.ApplicationFilterChain.doFilter(ApplicationFilterChain.java:210)
	at org.apache.catalina.core.StandardWrapperValve.invoke(StandardWrapperValve.java:240)
	at org.apache.catalina.core.StandardContextValve.invoke(StandardContextValve.java:164)
	at org.apache.catalina.authenticator.AuthenticatorBase.invoke(AuthenticatorBase.java:572)
	at org.apache.catalina.core.StandardHostValve.invoke(StandardHostValve.java:164)
	at org.apache.catalina.valves.ErrorReportValve.invoke(ErrorReportValve.java:100)
	at org.apache.catalina.valves.AccessLogValve.invoke(AccessLogValve.java:563)
	at org.apache.catalina.core.StandardEngineValve.invoke(StandardEngineValve.java:118)
	at org.apache.catalina.connector.CoyoteAdapter.service(CoyoteAdapter.java:403)
	at org.apache.coyote.http11.Http11AprProcessor.process(Http11AprProcessor.java:286)
	at org.apache.coyote.http11.Http11AprProtocol$Http11ConnectionHandler.process(Http11AprProtocol.java:272)
	at org.apache.tomcat.util.net.AprEndpoint$SocketProcessor.run(AprEndpoint.java:1730)
	at java.util.concurrent.ThreadPoolExecutor.runWorker(ThreadPoolExecutor.java:1110)
	at java.util.concurrent.ThreadPoolExecutor$Worker.run(ThreadPoolExecutor.java:603)
	at java.lang.Thread.run(Thread.java:722)

Out 16, 2011 11:23:06 PM org.apache.catalina.session.StandardSession writeObject
Advertência: Cannot serialize session attribute categorias for session 6DEEB379069FD5A9FDEB74423BF16B2C
java.io.NotSerializableException: entities.Category
	at java.io.ObjectOutputStream.writeObject0(ObjectOutputStream.java:1180)
	at java.io.ObjectOutputStream.writeArray(ObjectOutputStream.java:1362)
	at java.io.ObjectOutputStream.writeObject0(ObjectOutputStream.java:1170)
	at java.io.ObjectOutputStream.access$300(ObjectOutputStream.java:161)
	at java.io.ObjectOutputStream$PutFieldImpl.writeFields(ObjectOutputStream.java:1687)
	at java.io.ObjectOutputStream.writeFields(ObjectOutputStream.java:478)
	at java.util.Vector.writeObject(Vector.java:1073)
	at sun.reflect.NativeMethodAccessorImpl.invoke0(Native Method)
	at sun.reflect.NativeMethodAccessorImpl.invoke(NativeMethodAccessorImpl.java:57)
	at sun.reflect.DelegatingMethodAccessorImpl.invoke(DelegatingMethodAccessorImpl.java:43)
	at java.lang.reflect.Method.invoke(Method.java:601)
	at java.io.ObjectStreamClass.invokeWriteObject(ObjectStreamClass.java:962)
	at java.io.ObjectOutputStream.writeSerialData(ObjectOutputStream.java:1480)
	at java.io.ObjectOutputStream.writeOrdinaryObject(ObjectOutputStream.java:1416)
	at java.io.ObjectOutputStream.writeObject0(ObjectOutputStream.java:1174)
	at java.io.ObjectOutputStream.writeObject(ObjectOutputStream.java:346)
	at org.apache.catalina.session.StandardSession.writeObject(StandardSession.java:1676)
	at org.apache.catalina.session.StandardSession.writeObjectData(StandardSession.java:1090)
	at org.apache.catalina.session.StandardManager.doUnload(StandardManager.java:411)
	at org.apache.catalina.session.StandardManager.unload(StandardManager.java:353)
	at org.apache.catalina.session.StandardManager.stopInternal(StandardManager.java:497)
	at org.apache.catalina.util.LifecycleBase.stop(LifecycleBase.java:225)
	at org.apache.catalina.core.StandardContext$4.run(StandardContext.java:5464)
	at java.lang.Thread.run(Thread.java:722)
	at org.apache.catalina.core.StandardContext.stopInternal(StandardContext.java:5481)
	at org.apache.catalina.util.LifecycleBase.stop(LifecycleBase.java:225)
	at org.apache.catalina.core.StandardContext.reload(StandardContext.java:3847)
	at org.apache.catalina.manager.ManagerServlet.reload(ManagerServlet.java:949)
	at org.apache.catalina.manager.ManagerServlet.doGet(ManagerServlet.java:360)
	at javax.servlet.http.HttpServlet.service(HttpServlet.java:621)
	at javax.servlet.http.HttpServlet.service(HttpServlet.java:722)
	at org.apache.catalina.core.ApplicationFilterChain.internalDoFilter(ApplicationFilterChain.java:304)
	at org.apache.catalina.core.ApplicationFilterChain.doFilter(ApplicationFilterChain.java:210)
	at org.apache.catalina.core.StandardWrapperValve.invoke(StandardWrapperValve.java:240)
	at org.apache.catalina.core.StandardContextValve.invoke(StandardContextValve.java:164)
	at org.apache.catalina.authenticator.AuthenticatorBase.invoke(AuthenticatorBase.java:572)
	at org.apache.catalina.core.StandardHostValve.invoke(StandardHostValve.java:164)
	at org.apache.catalina.valves.ErrorReportValve.invoke(ErrorReportValve.java:100)
	at org.apache.catalina.valves.AccessLogValve.invoke(AccessLogValve.java:563)
	at org.apache.catalina.core.StandardEngineValve.invoke(StandardEngineValve.java:118)
	at org.apache.catalina.connector.CoyoteAdapter.service(CoyoteAdapter.java:403)
	at org.apache.coyote.http11.Http11AprProcessor.process(Http11AprProcessor.java:286)
	at org.apache.coyote.http11.Http11AprProtocol$Http11ConnectionHandler.process(Http11AprProtocol.java:272)
	at org.apache.tomcat.util.net.AprEndpoint$SocketProcessor.run(AprEndpoint.java:1730)
	at java.util.concurrent.ThreadPoolExecutor.runWorker(ThreadPoolExecutor.java:1110)
	at java.util.concurrent.ThreadPoolExecutor$Worker.run(ThreadPoolExecutor.java:603)
	at java.lang.Thread.run(Thread.java:722)

Out 16, 2011 11:25:41 PM org.apache.catalina.session.StandardSession writeObject
Advertência: Cannot serialize session attribute categorias for session BB939CDE7169D7AD18DE8FBD42FFC103
java.io.NotSerializableException: entities.Category
	at java.io.ObjectOutputStream.writeObject0(ObjectOutputStream.java:1180)
	at java.io.ObjectOutputStream.writeArray(ObjectOutputStream.java:1362)
	at java.io.ObjectOutputStream.writeObject0(ObjectOutputStream.java:1170)
	at java.io.ObjectOutputStream.access$300(ObjectOutputStream.java:161)
	at java.io.ObjectOutputStream$PutFieldImpl.writeFields(ObjectOutputStream.java:1687)
	at java.io.ObjectOutputStream.writeFields(ObjectOutputStream.java:478)
	at java.util.Vector.writeObject(Vector.java:1073)
	at sun.reflect.NativeMethodAccessorImpl.invoke0(Native Method)
	at sun.reflect.NativeMethodAccessorImpl.invoke(NativeMethodAccessorImpl.java:57)
	at sun.reflect.DelegatingMethodAccessorImpl.invoke(DelegatingMethodAccessorImpl.java:43)
	at java.lang.reflect.Method.invoke(Method.java:601)
	at java.io.ObjectStreamClass.invokeWriteObject(ObjectStreamClass.java:962)
	at java.io.ObjectOutputStream.writeSerialData(ObjectOutputStream.java:1480)
	at java.io.ObjectOutputStream.writeOrdinaryObject(ObjectOutputStream.java:1416)
	at java.io.ObjectOutputStream.writeObject0(ObjectOutputStream.java:1174)
	at java.io.ObjectOutputStream.writeObject(ObjectOutputStream.java:346)
	at org.apache.catalina.session.StandardSession.writeObject(StandardSession.java:1676)
	at org.apache.catalina.session.StandardSession.writeObjectData(StandardSession.java:1090)
	at org.apache.catalina.session.StandardManager.doUnload(StandardManager.java:411)
	at org.apache.catalina.session.StandardManager.unload(StandardManager.java:353)
	at org.apache.catalina.session.StandardManager.stopInternal(StandardManager.java:497)
	at org.apache.catalina.util.LifecycleBase.stop(LifecycleBase.java:225)
	at org.apache.catalina.core.StandardContext$4.run(StandardContext.java:5464)
	at java.lang.Thread.run(Thread.java:722)
	at org.apache.catalina.core.StandardContext.stopInternal(StandardContext.java:5481)
	at org.apache.catalina.util.LifecycleBase.stop(LifecycleBase.java:225)
	at org.apache.catalina.core.StandardContext.reload(StandardContext.java:3847)
	at org.apache.catalina.manager.ManagerServlet.reload(ManagerServlet.java:949)
	at org.apache.catalina.manager.ManagerServlet.doGet(ManagerServlet.java:360)
	at javax.servlet.http.HttpServlet.service(HttpServlet.java:621)
	at javax.servlet.http.HttpServlet.service(HttpServlet.java:722)
	at org.apache.catalina.core.ApplicationFilterChain.internalDoFilter(ApplicationFilterChain.java:304)
	at org.apache.catalina.core.ApplicationFilterChain.doFilter(ApplicationFilterChain.java:210)
	at org.apache.catalina.core.StandardWrapperValve.invoke(StandardWrapperValve.java:240)
	at org.apache.catalina.core.StandardContextValve.invoke(StandardContextValve.java:164)
	at org.apache.catalina.authenticator.AuthenticatorBase.invoke(AuthenticatorBase.java:572)
	at org.apache.catalina.core.StandardHostValve.invoke(StandardHostValve.java:164)
	at org.apache.catalina.valves.ErrorReportValve.invoke(ErrorReportValve.java:100)
	at org.apache.catalina.valves.AccessLogValve.invoke(AccessLogValve.java:563)
	at org.apache.catalina.core.StandardEngineValve.invoke(StandardEngineValve.java:118)
	at org.apache.catalina.connector.CoyoteAdapter.service(CoyoteAdapter.java:403)
	at org.apache.coyote.http11.Http11AprProcessor.process(Http11AprProcessor.java:286)
	at org.apache.coyote.http11.Http11AprProtocol$Http11ConnectionHandler.process(Http11AprProtocol.java:272)
	at org.apache.tomcat.util.net.AprEndpoint$SocketProcessor.run(AprEndpoint.java:1730)
	at java.util.concurrent.ThreadPoolExecutor.runWorker(ThreadPoolExecutor.java:1110)
	at java.util.concurrent.ThreadPoolExecutor$Worker.run(ThreadPoolExecutor.java:603)
	at java.lang.Thread.run(Thread.java:722)

Out 16, 2011 11:58:54 PM org.apache.catalina.core.StandardWrapperValve invoke
Grave: Servlet.service() for servlet [SaveCategoriesPreferences] in context with path [/Exame] threw exception
java.lang.IllegalArgumentException: An exception occurred while creating a query in EntityManager: 
Exception Description: Error compiling the query [SELECT c FROM Category c WHERE c.id=:id], line 1, column 33: unknown state or association field [id] of class [entities.Category].
	at org.eclipse.persistence.internal.jpa.EntityManagerImpl.createQuery(EntityManagerImpl.java:1378)
	at entities.CategoryDAOJPA.getCategoryById(CategoryDAOJPA.java:76)
	at controller.SaveCategoriesPreferences.processRequest(SaveCategoriesPreferences.java:45)
	at controller.SaveCategoriesPreferences.doPost(SaveCategoriesPreferences.java:80)
	at javax.servlet.http.HttpServlet.service(HttpServlet.java:641)
	at javax.servlet.http.HttpServlet.service(HttpServlet.java:722)
	at org.apache.catalina.core.ApplicationFilterChain.internalDoFilter(ApplicationFilterChain.java:304)
	at org.apache.catalina.core.ApplicationFilterChain.doFilter(ApplicationFilterChain.java:210)
	at org.apache.catalina.core.StandardWrapperValve.invoke(StandardWrapperValve.java:240)
	at org.apache.catalina.core.StandardContextValve.invoke(StandardContextValve.java:164)
	at org.apache.catalina.authenticator.AuthenticatorBase.invoke(AuthenticatorBase.java:462)
	at org.apache.catalina.core.StandardHostValve.invoke(StandardHostValve.java:164)
	at org.apache.catalina.valves.ErrorReportValve.invoke(ErrorReportValve.java:100)
	at org.apache.catalina.valves.AccessLogValve.invoke(AccessLogValve.java:563)
	at org.apache.catalina.core.StandardEngineValve.invoke(StandardEngineValve.java:118)
	at org.apache.catalina.connector.CoyoteAdapter.service(CoyoteAdapter.java:403)
	at org.apache.coyote.http11.Http11AprProcessor.process(Http11AprProcessor.java:286)
	at org.apache.coyote.http11.Http11AprProtocol$Http11ConnectionHandler.process(Http11AprProtocol.java:272)
	at org.apache.tomcat.util.net.AprEndpoint$SocketProcessor.run(AprEndpoint.java:1730)
	at java.util.concurrent.ThreadPoolExecutor.runWorker(ThreadPoolExecutor.java:1110)
	at java.util.concurrent.ThreadPoolExecutor$Worker.run(ThreadPoolExecutor.java:603)
	at java.lang.Thread.run(Thread.java:722)
Caused by: Exception [EclipseLink-8030] (Eclipse Persistence Services - 2.2.0.v20110202-r8913): org.eclipse.persistence.exceptions.JPQLException
Exception Description: Error compiling the query [SELECT c FROM Category c WHERE c.id=:id], line 1, column 33: unknown state or association field [id] of class [entities.Category].
	at org.eclipse.persistence.exceptions.JPQLException.unknownAttribute(JPQLException.java:457)
	at org.eclipse.persistence.internal.jpa.parsing.DotNode.validate(DotNode.java:88)
	at org.eclipse.persistence.internal.jpa.parsing.Node.validate(Node.java:91)
	at org.eclipse.persistence.internal.jpa.parsing.BinaryOperatorNode.validate(BinaryOperatorNode.java:34)
	at org.eclipse.persistence.internal.jpa.parsing.EqualsNode.validate(EqualsNode.java:41)
	at org.eclipse.persistence.internal.jpa.parsing.WhereNode.validate(WhereNode.java:34)
	at org.eclipse.persistence.internal.jpa.parsing.ParseTree.validate(ParseTree.java:207)
	at org.eclipse.persistence.internal.jpa.parsing.ParseTree.validate(ParseTree.java:183)
	at org.eclipse.persistence.internal.jpa.parsing.ParseTree.validate(ParseTree.java:173)
	at org.eclipse.persistence.internal.jpa.parsing.JPQLParseTree.populateReadQueryInternal(JPQLParseTree.java:110)
	at org.eclipse.persistence.internal.jpa.parsing.JPQLParseTree.populateQuery(JPQLParseTree.java:84)
	at org.eclipse.persistence.internal.jpa.EJBQueryImpl.buildEJBQLDatabaseQuery(EJBQueryImpl.java:216)
	at org.eclipse.persistence.internal.jpa.EJBQueryImpl.buildEJBQLDatabaseQuery(EJBQueryImpl.java:187)
	at org.eclipse.persistence.internal.jpa.EJBQueryImpl.<init>(EJBQueryImpl.java:139)
	at org.eclipse.persistence.internal.jpa.EJBQueryImpl.<init>(EJBQueryImpl.java:123)
	at org.eclipse.persistence.internal.jpa.EntityManagerImpl.createQuery(EntityManagerImpl.java:1376)
	... 21 more

