14/10/2011 00:39:55 org.apache.catalina.core.ApplicationContext log
INFO: Manager: init: Associated with Deployer 'Catalina:type=Deployer,host=localhost'
14/10/2011 00:39:55 org.apache.catalina.core.ApplicationContext log
INFO: Manager: init: Global resources are available
14/10/2011 00:39:55 org.apache.catalina.core.ApplicationContext log
INFO: Manager: list: Listing contexts for virtual host 'localhost'
14/10/2011 00:39:55 org.apache.catalina.core.ApplicationContext log
INFO: Manager: list: Listing contexts for virtual host 'localhost'
14/10/2011 00:39:55 org.apache.catalina.core.ApplicationContext log
INFO: Manager: install: Installing context configuration at 'file:/C:/Users/Victor/AppData/Local/Temp/context425654539052550268.xml'
14/10/2011 00:39:59 org.apache.catalina.core.ApplicationContext log
INFO: Manager: start: Starting web application '/Exame'
14/10/2011 00:40:55 org.apache.catalina.core.ApplicationContext log
INFO: Manager: list: Listing contexts for virtual host 'localhost'
14/10/2011 00:40:55 org.apache.catalina.core.ApplicationContext log
INFO: Manager: restart: Reloading web application '/Exame'
14/10/2011 00:41:56 org.apache.catalina.core.ApplicationContext log
INFO: Manager: list: Listing contexts for virtual host 'localhost'
14/10/2011 00:41:56 org.apache.catalina.core.ApplicationContext log
INFO: Manager: list: Listing contexts for virtual host 'localhost'
14/10/2011 00:42:19 org.apache.catalina.core.ApplicationContext log
INFO: Manager: list: Listing contexts for virtual host 'localhost'
14/10/2011 00:42:25 org.apache.catalina.core.ApplicationContext log
INFO: Manager: list: Listing contexts for virtual host 'localhost'
14/10/2011 00:43:24 org.apache.catalina.core.ApplicationContext log
INFO: Manager: list: Listing contexts for virtual host 'localhost'
14/10/2011 00:47:10 org.apache.catalina.core.ApplicationContext log
INFO: Manager: list: Listing contexts for virtual host 'localhost'
14/10/2011 00:47:10 org.apache.catalina.core.ApplicationContext log
INFO: Manager: restart: Reloading web application '/Exame'
14/10/2011 00:48:44 org.apache.catalina.core.ApplicationContext log
INFO: Manager: list: Listing contexts for virtual host 'localhost'
14/10/2011 00:50:51 org.apache.catalina.core.ApplicationContext log
INFO: Manager: list: Listing contexts for virtual host 'localhost'
14/10/2011 00:54:28 org.apache.catalina.core.ApplicationContext log
INFO: Manager: list: Listing contexts for virtual host 'localhost'
14/10/2011 00:54:28 org.apache.catalina.core.ApplicationContext log
INFO: Manager: restart: Reloading web application '/Exame'
14/10/2011 00:54:34 org.apache.catalina.core.ApplicationContext log
INFO: Manager: list: Listing contexts for virtual host 'localhost'
14/10/2011 00:54:34 org.apache.catalina.core.ApplicationContext log
INFO: Manager: restart: Reloading web application '/Exame'
14/10/2011 00:54:37 org.apache.catalina.core.ApplicationContext log
INFO: Manager: list: Listing contexts for virtual host 'localhost'
14/10/2011 00:54:37 org.apache.catalina.core.ApplicationContext log
INFO: Manager: restart: Reloading web application '/Exame'
14/10/2011 00:54:40 org.apache.catalina.core.ApplicationContext log
INFO: Manager: list: Listing contexts for virtual host 'localhost'
14/10/2011 00:54:40 org.apache.catalina.core.ApplicationContext log
INFO: Manager: restart: Reloading web application '/Exame'
14/10/2011 00:54:48 org.apache.catalina.core.ApplicationContext log
INFO: Manager: list: Listing contexts for virtual host 'localhost'
14/10/2011 00:54:48 org.apache.catalina.core.ApplicationContext log
INFO: Manager: restart: Reloading web application '/Exame'
14/10/2011 00:54:51 org.apache.catalina.core.ApplicationContext log
INFO: Manager: list: Listing contexts for virtual host 'localhost'
14/10/2011 00:54:51 org.apache.catalina.core.ApplicationContext log
INFO: Manager: restart: Reloading web application '/Exame'
14/10/2011 00:55:00 org.apache.catalina.core.ApplicationContext log
INFO: Manager: list: Listing contexts for virtual host 'localhost'
14/10/2011 00:55:00 org.apache.catalina.core.ApplicationContext log
INFO: Manager: restart: Reloading web application '/Exame'
14/10/2011 00:55:10 org.apache.catalina.core.ApplicationContext log
INFO: Manager: list: Listing contexts for virtual host 'localhost'
14/10/2011 00:55:10 org.apache.catalina.core.ApplicationContext log
INFO: Manager: restart: Reloading web application '/Exame'
14/10/2011 00:55:14 org.apache.catalina.core.ApplicationContext log
INFO: Manager: list: Listing contexts for virtual host 'localhost'
14/10/2011 00:55:14 org.apache.catalina.core.ApplicationContext log
INFO: Manager: restart: Reloading web application '/Exame'
14/10/2011 00:55:23 org.apache.catalina.core.ApplicationContext log
INFO: Manager: list: Listing contexts for virtual host 'localhost'
14/10/2011 00:55:23 org.apache.catalina.core.ApplicationContext log
INFO: Manager: restart: Reloading web application '/Exame'
14/10/2011 00:59:39 org.apache.catalina.core.ApplicationContext log
INFO: Manager: list: Listing contexts for virtual host 'localhost'
14/10/2011 00:59:39 org.apache.catalina.core.ApplicationContext log
INFO: Manager: restart: Reloading web application '/Exame'
14/10/2011 01:00:03 org.apache.catalina.core.ApplicationContext log
INFO: Manager: list: Listing contexts for virtual host 'localhost'
14/10/2011 01:00:03 org.apache.catalina.core.ApplicationContext log
INFO: Manager: restart: Reloading web application '/Exame'
14/10/2011 01:00:06 org.apache.catalina.core.ApplicationContext log
INFO: Manager: list: Listing contexts for virtual host 'localhost'
14/10/2011 01:00:06 org.apache.catalina.core.ApplicationContext log
INFO: Manager: restart: Reloading web application '/Exame'
14/10/2011 01:00:22 org.apache.catalina.core.ApplicationContext log
INFO: Manager: list: Listing contexts for virtual host 'localhost'
14/10/2011 01:00:22 org.apache.catalina.core.ApplicationContext log
INFO: Manager: restart: Reloading web application '/Exame'
14/10/2011 01:00:25 org.apache.catalina.core.ApplicationContext log
INFO: Manager: list: Listing contexts for virtual host 'localhost'
14/10/2011 01:00:34 org.apache.catalina.core.ApplicationContext log
INFO: Manager: list: Listing contexts for virtual host 'localhost'
14/10/2011 01:00:34 org.apache.catalina.core.ApplicationContext log
INFO: Manager: restart: Reloading web application '/Exame'
14/10/2011 01:01:22 org.apache.catalina.core.ApplicationContext log
INFO: Manager: list: Listing contexts for virtual host 'localhost'
14/10/2011 01:02:24 org.apache.catalina.core.ApplicationContext log
INFO: Manager: list: Listing contexts for virtual host 'localhost'
14/10/2011 01:03:55 org.apache.catalina.core.ApplicationContext log
INFO: Manager: list: Listing contexts for virtual host 'localhost'
14/10/2011 01:03:55 org.apache.catalina.core.ApplicationContext log
INFO: Manager: restart: Reloading web application '/Exame'
14/10/2011 01:03:58 org.apache.catalina.core.ApplicationContext log
INFO: Manager: list: Listing contexts for virtual host 'localhost'
14/10/2011 01:03:58 org.apache.catalina.core.ApplicationContext log
INFO: Manager: restart: Reloading web application '/Exame'
14/10/2011 01:04:08 org.apache.catalina.core.ApplicationContext log
INFO: Manager: list: Listing contexts for virtual host 'localhost'
14/10/2011 01:04:08 org.apache.catalina.core.ApplicationContext log
INFO: Manager: restart: Reloading web application '/Exame'
14/10/2011 01:05:59 org.apache.catalina.core.ApplicationContext log
INFO: Manager: list: Listing contexts for virtual host 'localhost'
14/10/2011 01:05:59 org.apache.catalina.core.ApplicationContext log
INFO: Manager: restart: Reloading web application '/Exame'
14/10/2011 01:07:23 org.apache.catalina.core.ApplicationContext log
INFO: Manager: list: Listing contexts for virtual host 'localhost'
14/10/2011 01:07:23 org.apache.catalina.core.ApplicationContext log
INFO: Manager: restart: Reloading web application '/Exame'
14/10/2011 01:08:11 org.apache.catalina.core.ApplicationContext log
INFO: Manager: list: Listing contexts for virtual host 'localhost'
14/10/2011 01:08:11 org.apache.catalina.core.ApplicationContext log
INFO: Manager: restart: Reloading web application '/Exame'
14/10/2011 01:09:57 org.apache.catalina.core.ApplicationContext log
INFO: Manager: list: Listing contexts for virtual host 'localhost'
14/10/2011 01:09:57 org.apache.catalina.core.ApplicationContext log
INFO: Manager: restart: Reloading web application '/Exame'
14/10/2011 01:14:26 org.apache.catalina.core.ApplicationContext log
INFO: Manager: list: Listing contexts for virtual host 'localhost'
14/10/2011 01:14:26 org.apache.catalina.core.ApplicationContext log
INFO: Manager: restart: Reloading web application '/Exame'
14/10/2011 01:16:01 org.apache.catalina.core.ApplicationContext log
INFO: Manager: list: Listing contexts for virtual host 'localhost'
14/10/2011 01:16:01 org.apache.catalina.core.ApplicationContext log
INFO: Manager: restart: Reloading web application '/Exame'
