15/10/2011 17:16:17 org.apache.catalina.core.ApplicationContext log
INFO: Manager: init: Associated with Deployer 'Catalina:type=Deployer,host=localhost'
15/10/2011 17:16:17 org.apache.catalina.core.ApplicationContext log
INFO: Manager: init: Global resources are available
15/10/2011 17:16:17 org.apache.catalina.core.ApplicationContext log
INFO: Manager: list: Listing contexts for virtual host 'localhost'
15/10/2011 17:16:17 org.apache.catalina.core.ApplicationContext log
INFO: Manager: list: Listing contexts for virtual host 'localhost'
15/10/2011 17:16:17 org.apache.catalina.core.ApplicationContext log
INFO: Manager: stop: Stopping web application '/Exame'
15/10/2011 17:16:18 org.apache.catalina.core.ApplicationContext log
INFO: Manager: start: Starting web application '/Exame'
15/10/2011 17:18:15 org.apache.catalina.core.ApplicationContext log
INFO: Manager: init: Associated with Deployer 'Catalina:type=Deployer,host=localhost'
15/10/2011 17:18:15 org.apache.catalina.core.ApplicationContext log
INFO: Manager: init: Global resources are available
15/10/2011 17:18:15 org.apache.catalina.core.ApplicationContext log
INFO: Manager: list: Listing contexts for virtual host 'localhost'
15/10/2011 17:18:15 org.apache.catalina.core.ApplicationContext log
INFO: Manager: list: Listing contexts for virtual host 'localhost'
15/10/2011 17:18:15 org.apache.catalina.core.ApplicationContext log
INFO: Manager: undeploy: Undeploying web application at '/Exame'
15/10/2011 17:18:17 org.apache.catalina.core.ApplicationContext log
INFO: Manager: install: Installing context configuration at 'file:/C:/Users/Victor/AppData/Local/Temp/context7978003943545429895.xml'
15/10/2011 17:18:19 org.apache.catalina.core.ApplicationContext log
INFO: Manager: start: Starting web application '/Exame'
15/10/2011 17:18:41 org.apache.catalina.core.ApplicationContext log
INFO: Manager: list: Listing contexts for virtual host 'localhost'
15/10/2011 17:18:41 org.apache.catalina.core.ApplicationContext log
INFO: Manager: restart: Reloading web application '/Exame'
15/10/2011 17:19:23 org.apache.catalina.core.ApplicationContext log
INFO: Manager: list: Listing contexts for virtual host 'localhost'
15/10/2011 17:19:23 org.apache.catalina.core.ApplicationContext log
INFO: Manager: restart: Reloading web application '/Exame'
15/10/2011 17:21:50 org.apache.catalina.core.ApplicationContext log
INFO: Manager: init: Associated with Deployer 'Catalina:type=Deployer,host=localhost'
15/10/2011 17:21:50 org.apache.catalina.core.ApplicationContext log
INFO: Manager: init: Global resources are available
15/10/2011 17:21:50 org.apache.catalina.core.ApplicationContext log
INFO: Manager: list: Listing contexts for virtual host 'localhost'
15/10/2011 17:21:50 org.apache.catalina.core.ApplicationContext log
INFO: Manager: list: Listing contexts for virtual host 'localhost'
15/10/2011 17:21:50 org.apache.catalina.core.ApplicationContext log
INFO: Manager: restart: Reloading web application '/Exame'
15/10/2011 17:23:03 org.apache.catalina.core.ApplicationContext log
INFO: Manager: list: Listing contexts for virtual host 'localhost'
15/10/2011 17:23:03 org.apache.catalina.core.ApplicationContext log
INFO: Manager: stop: Stopping web application '/Exame'
15/10/2011 17:23:03 org.apache.catalina.core.ApplicationContext log
INFO: Manager: start: Starting web application '/Exame'
15/10/2011 17:23:08 org.apache.catalina.core.ApplicationContext log
INFO: Manager: list: Listing contexts for virtual host 'localhost'
15/10/2011 17:23:08 org.apache.catalina.core.ApplicationContext log
INFO: Manager: list: Listing contexts for virtual host 'localhost'
15/10/2011 17:23:08 org.apache.catalina.core.ApplicationContext log
INFO: Manager: stop: Stopping web application '/Exame'
15/10/2011 17:23:09 org.apache.catalina.core.ApplicationContext log
INFO: Manager: start: Starting web application '/Exame'
15/10/2011 17:24:49 org.apache.catalina.core.ApplicationContext log
INFO: Manager: list: Listing contexts for virtual host 'localhost'
15/10/2011 17:24:49 org.apache.catalina.core.ApplicationContext log
INFO: Manager: stop: Stopping web application '/Exame'
15/10/2011 17:24:50 org.apache.catalina.core.ApplicationContext log
INFO: Manager: start: Starting web application '/Exame'
15/10/2011 17:24:52 org.apache.catalina.core.ApplicationContext log
INFO: Manager: list: Listing contexts for virtual host 'localhost'
15/10/2011 17:24:52 org.apache.catalina.core.ApplicationContext log
INFO: Manager: restart: Reloading web application '/Exame'
15/10/2011 17:25:21 org.apache.catalina.core.ApplicationContext log
INFO: Manager: list: Listing contexts for virtual host 'localhost'
15/10/2011 17:25:21 org.apache.catalina.core.ApplicationContext log
INFO: Manager: restart: Reloading web application '/Exame'
15/10/2011 17:25:29 org.apache.catalina.core.ApplicationContext log
INFO: Manager: list: Listing contexts for virtual host 'localhost'
15/10/2011 17:29:34 org.apache.catalina.core.ApplicationContext log
INFO: Manager: list: Listing contexts for virtual host 'localhost'
15/10/2011 17:29:34 org.apache.catalina.core.ApplicationContext log
INFO: Manager: restart: Reloading web application '/Exame'
15/10/2011 17:32:13 org.apache.catalina.core.ApplicationContext log
INFO: Manager: list: Listing contexts for virtual host 'localhost'
15/10/2011 17:32:13 org.apache.catalina.core.ApplicationContext log
INFO: Manager: restart: Reloading web application '/Exame'
15/10/2011 17:32:18 org.apache.catalina.core.ApplicationContext log
INFO: Manager: list: Listing contexts for virtual host 'localhost'
15/10/2011 17:32:18 org.apache.catalina.core.ApplicationContext log
INFO: Manager: restart: Reloading web application '/Exame'
15/10/2011 17:32:59 org.apache.catalina.core.ApplicationContext log
INFO: Manager: list: Listing contexts for virtual host 'localhost'
15/10/2011 17:32:59 org.apache.catalina.core.ApplicationContext log
INFO: Manager: restart: Reloading web application '/Exame'
15/10/2011 17:33:02 org.apache.catalina.core.ApplicationContext log
INFO: Manager: list: Listing contexts for virtual host 'localhost'
15/10/2011 17:33:02 org.apache.catalina.core.ApplicationContext log
INFO: Manager: restart: Reloading web application '/Exame'
15/10/2011 17:33:29 org.apache.catalina.core.ApplicationContext log
INFO: Manager: list: Listing contexts for virtual host 'localhost'
15/10/2011 17:33:29 org.apache.catalina.core.ApplicationContext log
INFO: Manager: restart: Reloading web application '/Exame'
15/10/2011 17:34:29 org.apache.catalina.core.ApplicationContext log
INFO: Manager: list: Listing contexts for virtual host 'localhost'
15/10/2011 17:34:29 org.apache.catalina.core.ApplicationContext log
INFO: Manager: restart: Reloading web application '/Exame'
15/10/2011 17:34:55 org.apache.catalina.core.ApplicationContext log
INFO: Manager: list: Listing contexts for virtual host 'localhost'
15/10/2011 17:34:55 org.apache.catalina.core.ApplicationContext log
INFO: Manager: restart: Reloading web application '/Exame'
15/10/2011 17:35:19 org.apache.catalina.core.ApplicationContext log
INFO: Manager: list: Listing contexts for virtual host 'localhost'
15/10/2011 17:35:19 org.apache.catalina.core.ApplicationContext log
INFO: Manager: restart: Reloading web application '/Exame'
15/10/2011 17:35:42 org.apache.catalina.core.ApplicationContext log
INFO: Manager: list: Listing contexts for virtual host 'localhost'
15/10/2011 17:35:42 org.apache.catalina.core.ApplicationContext log
INFO: Manager: restart: Reloading web application '/Exame'
15/10/2011 17:36:13 org.apache.catalina.core.ApplicationContext log
INFO: Manager: list: Listing contexts for virtual host 'localhost'
15/10/2011 17:36:13 org.apache.catalina.core.ApplicationContext log
INFO: Manager: list: Listing contexts for virtual host 'localhost'
15/10/2011 17:36:13 org.apache.catalina.core.ApplicationContext log
INFO: Manager: stop: Stopping web application '/Exame'
15/10/2011 17:36:14 org.apache.catalina.core.ApplicationContext log
INFO: Manager: start: Starting web application '/Exame'
15/10/2011 18:15:53 org.apache.catalina.core.ApplicationContext log
INFO: Manager: list: Listing contexts for virtual host 'localhost'
15/10/2011 18:15:53 org.apache.catalina.core.ApplicationContext log
INFO: Manager: restart: Reloading web application '/Exame'
15/10/2011 18:16:16 org.apache.catalina.core.ApplicationContext log
INFO: Manager: list: Listing contexts for virtual host 'localhost'
15/10/2011 18:16:16 org.apache.catalina.core.ApplicationContext log
INFO: Manager: restart: Reloading web application '/Exame'
15/10/2011 18:16:18 org.apache.catalina.core.ApplicationContext log
INFO: Manager: list: Listing contexts for virtual host 'localhost'
15/10/2011 18:16:18 org.apache.catalina.core.ApplicationContext log
INFO: Manager: restart: Reloading web application '/Exame'
15/10/2011 18:16:21 org.apache.catalina.core.ApplicationContext log
INFO: Manager: list: Listing contexts for virtual host 'localhost'
15/10/2011 18:16:21 org.apache.catalina.core.ApplicationContext log
INFO: Manager: restart: Reloading web application '/Exame'
15/10/2011 18:16:25 org.apache.catalina.core.ApplicationContext log
INFO: Manager: list: Listing contexts for virtual host 'localhost'
15/10/2011 18:16:25 org.apache.catalina.core.ApplicationContext log
INFO: Manager: list: Listing contexts for virtual host 'localhost'
15/10/2011 18:16:25 org.apache.catalina.core.ApplicationContext log
INFO: Manager: restart: Reloading web application '/Exame'
15/10/2011 18:18:11 org.apache.catalina.core.ApplicationContext log
INFO: Manager: list: Listing contexts for virtual host 'localhost'
15/10/2011 18:18:11 org.apache.catalina.core.ApplicationContext log
INFO: Manager: restart: Reloading web application '/Exame'
15/10/2011 18:20:17 org.apache.catalina.core.ApplicationContext log
INFO: Manager: list: Listing contexts for virtual host 'localhost'
15/10/2011 18:20:17 org.apache.catalina.core.ApplicationContext log
INFO: Manager: restart: Reloading web application '/Exame'
15/10/2011 18:20:19 org.apache.catalina.core.ApplicationContext log
INFO: Manager: list: Listing contexts for virtual host 'localhost'
15/10/2011 18:20:19 org.apache.catalina.core.ApplicationContext log
INFO: Manager: list: Listing contexts for virtual host 'localhost'
15/10/2011 18:20:20 org.apache.catalina.core.ApplicationContext log
INFO: Manager: restart: Reloading web application '/Exame'
15/10/2011 18:21:41 org.apache.catalina.core.ApplicationContext log
INFO: Manager: list: Listing contexts for virtual host 'localhost'
15/10/2011 18:21:41 org.apache.catalina.core.ApplicationContext log
INFO: Manager: restart: Reloading web application '/Exame'
15/10/2011 18:21:56 org.apache.catalina.core.ApplicationContext log
INFO: Manager: list: Listing contexts for virtual host 'localhost'
15/10/2011 18:21:56 org.apache.catalina.core.ApplicationContext log
INFO: Manager: restart: Reloading web application '/Exame'
15/10/2011 18:21:59 org.apache.catalina.core.ApplicationContext log
INFO: Manager: list: Listing contexts for virtual host 'localhost'
15/10/2011 18:21:59 org.apache.catalina.core.ApplicationContext log
INFO: Manager: restart: Reloading web application '/Exame'
15/10/2011 18:22:05 org.apache.catalina.core.ApplicationContext log
INFO: Manager: list: Listing contexts for virtual host 'localhost'
15/10/2011 18:22:05 org.apache.catalina.core.ApplicationContext log
INFO: Manager: list: Listing contexts for virtual host 'localhost'
15/10/2011 18:22:05 org.apache.catalina.core.ApplicationContext log
INFO: Manager: restart: Reloading web application '/Exame'
15/10/2011 18:22:32 org.apache.catalina.core.ApplicationContext log
INFO: Manager: list: Listing contexts for virtual host 'localhost'
15/10/2011 18:22:32 org.apache.catalina.core.ApplicationContext log
INFO: Manager: restart: Reloading web application '/Exame'
15/10/2011 18:23:26 org.apache.catalina.core.ApplicationContext log
INFO: Manager: list: Listing contexts for virtual host 'localhost'
15/10/2011 18:23:26 org.apache.catalina.core.ApplicationContext log
INFO: Manager: restart: Reloading web application '/Exame'
15/10/2011 18:23:32 org.apache.catalina.core.ApplicationContext log
INFO: Manager: list: Listing contexts for virtual host 'localhost'
15/10/2011 18:23:32 org.apache.catalina.core.ApplicationContext log
INFO: Manager: list: Listing contexts for virtual host 'localhost'
15/10/2011 18:23:32 org.apache.catalina.core.ApplicationContext log
INFO: Manager: restart: Reloading web application '/Exame'
15/10/2011 18:27:35 org.apache.catalina.core.ApplicationContext log
INFO: Manager: init: Associated with Deployer 'Catalina:type=Deployer,host=localhost'
15/10/2011 18:27:35 org.apache.catalina.core.ApplicationContext log
INFO: Manager: init: Global resources are available
15/10/2011 18:27:35 org.apache.catalina.core.ApplicationContext log
INFO: Manager: list: Listing contexts for virtual host 'localhost'
15/10/2011 18:27:35 org.apache.catalina.core.ApplicationContext log
INFO: Manager: list: Listing contexts for virtual host 'localhost'
15/10/2011 18:27:35 org.apache.catalina.core.ApplicationContext log
INFO: Manager: undeploy: Undeploying web application at '/Exame'
15/10/2011 18:27:36 org.apache.catalina.core.ApplicationContext log
INFO: Manager: install: Installing context configuration at 'file:/C:/Users/Victor/AppData/Local/Temp/context3014356878485272919.xml'
15/10/2011 18:27:38 org.apache.catalina.core.ApplicationContext log
INFO: Manager: start: Starting web application '/Exame'
15/10/2011 18:29:42 org.apache.catalina.core.ApplicationContext log
INFO: Manager: list: Listing contexts for virtual host 'localhost'
15/10/2011 18:29:42 org.apache.catalina.core.ApplicationContext log
INFO: Manager: restart: Reloading web application '/Exame'
15/10/2011 18:29:46 org.apache.catalina.core.ApplicationContext log
INFO: Manager: list: Listing contexts for virtual host 'localhost'
15/10/2011 18:29:46 org.apache.catalina.core.ApplicationContext log
INFO: Manager: list: Listing contexts for virtual host 'localhost'
15/10/2011 18:29:49 org.apache.catalina.core.ApplicationContext log
INFO: Manager: restart: Reloading web application '/Exame'
15/10/2011 18:30:37 org.apache.catalina.core.ApplicationContext log
INFO: Manager: list: Listing contexts for virtual host 'localhost'
15/10/2011 18:30:37 org.apache.catalina.core.ApplicationContext log
INFO: Manager: restart: Reloading web application '/Exame'
15/10/2011 18:36:13 org.apache.catalina.core.ApplicationContext log
INFO: Manager: list: Listing contexts for virtual host 'localhost'
15/10/2011 18:36:23 org.apache.catalina.core.ApplicationContext log
INFO: Manager: list: Listing contexts for virtual host 'localhost'
15/10/2011 18:36:37 org.apache.catalina.core.ApplicationContext log
INFO: Manager: list: Listing contexts for virtual host 'localhost'
15/10/2011 18:37:09 org.apache.catalina.core.ApplicationContext log
INFO: Manager: list: Listing contexts for virtual host 'localhost'
15/10/2011 18:37:09 org.apache.catalina.core.ApplicationContext log
INFO: Manager: stop: Stopping web application '/Exame'
15/10/2011 18:37:10 org.apache.catalina.core.ApplicationContext log
INFO: Manager: start: Starting web application '/Exame'
15/10/2011 18:37:12 org.apache.catalina.core.ApplicationContext log
INFO: Manager: list: Listing contexts for virtual host 'localhost'
15/10/2011 18:37:12 org.apache.catalina.core.ApplicationContext log
INFO: Manager: restart: Reloading web application '/Exame'
15/10/2011 18:37:27 org.apache.catalina.core.ApplicationContext log
INFO: Manager: list: Listing contexts for virtual host 'localhost'
15/10/2011 18:37:27 org.apache.catalina.core.ApplicationContext log
INFO: Manager: restart: Reloading web application '/Exame'
15/10/2011 18:39:06 org.apache.catalina.core.ApplicationContext log
INFO: Manager: list: Listing contexts for virtual host 'localhost'
15/10/2011 18:39:06 org.apache.catalina.core.ApplicationContext log
INFO: Manager: restart: Reloading web application '/Exame'
15/10/2011 18:39:40 org.apache.catalina.core.ApplicationContext log
INFO: Manager: list: Listing contexts for virtual host 'localhost'
15/10/2011 18:39:40 org.apache.catalina.core.ApplicationContext log
INFO: Manager: restart: Reloading web application '/Exame'
15/10/2011 18:39:53 org.apache.catalina.core.ApplicationContext log
INFO: Manager: list: Listing contexts for virtual host 'localhost'
15/10/2011 18:39:53 org.apache.catalina.core.ApplicationContext log
INFO: Manager: restart: Reloading web application '/Exame'
15/10/2011 18:40:46 org.apache.catalina.core.ApplicationContext log
INFO: Manager: list: Listing contexts for virtual host 'localhost'
15/10/2011 18:40:46 org.apache.catalina.core.ApplicationContext log
INFO: Manager: restart: Reloading web application '/Exame'
15/10/2011 18:41:08 org.apache.catalina.core.ApplicationContext log
INFO: Manager: list: Listing contexts for virtual host 'localhost'
15/10/2011 18:41:08 org.apache.catalina.core.ApplicationContext log
INFO: Manager: restart: Reloading web application '/Exame'
15/10/2011 18:42:25 org.apache.catalina.core.ApplicationContext log
INFO: Manager: list: Listing contexts for virtual host 'localhost'
15/10/2011 18:42:25 org.apache.catalina.core.ApplicationContext log
INFO: Manager: list: Listing contexts for virtual host 'localhost'
15/10/2011 18:42:25 org.apache.catalina.core.ApplicationContext log
INFO: Manager: stop: Stopping web application '/Exame'
15/10/2011 18:42:26 org.apache.catalina.core.ApplicationContext log
INFO: Manager: start: Starting web application '/Exame'
15/10/2011 18:45:24 org.apache.catalina.core.ApplicationContext log
INFO: Manager: list: Listing contexts for virtual host 'localhost'
15/10/2011 18:45:24 org.apache.catalina.core.ApplicationContext log
INFO: Manager: stop: Stopping web application '/Exame'
15/10/2011 18:45:24 org.apache.catalina.core.ApplicationContext log
INFO: Manager: start: Starting web application '/Exame'
15/10/2011 18:45:30 org.apache.catalina.core.ApplicationContext log
INFO: Manager: list: Listing contexts for virtual host 'localhost'
15/10/2011 18:45:30 org.apache.catalina.core.ApplicationContext log
INFO: Manager: list: Listing contexts for virtual host 'localhost'
15/10/2011 18:45:30 org.apache.catalina.core.ApplicationContext log
INFO: Manager: stop: Stopping web application '/Exame'
15/10/2011 18:45:31 org.apache.catalina.core.ApplicationContext log
INFO: Manager: start: Starting web application '/Exame'
15/10/2011 18:48:48 org.apache.catalina.core.ApplicationContext log
INFO: Manager: list: Listing contexts for virtual host 'localhost'
15/10/2011 18:48:57 org.apache.catalina.core.ApplicationContext log
INFO: Manager: list: Listing contexts for virtual host 'localhost'
15/10/2011 18:48:57 org.apache.catalina.core.ApplicationContext log
INFO: Manager: list: Listing contexts for virtual host 'localhost'
15/10/2011 18:51:23 org.apache.catalina.core.ApplicationContext log
INFO: Manager: list: Listing contexts for virtual host 'localhost'
15/10/2011 18:51:23 org.apache.catalina.core.ApplicationContext log
INFO: Manager: restart: Reloading web application '/Exame'
15/10/2011 18:53:04 org.apache.catalina.core.ApplicationContext log
INFO: Manager: list: Listing contexts for virtual host 'localhost'
15/10/2011 18:53:04 org.apache.catalina.core.ApplicationContext log
INFO: Manager: restart: Reloading web application '/Exame'
15/10/2011 18:53:29 org.apache.catalina.core.ApplicationContext log
INFO: Manager: list: Listing contexts for virtual host 'localhost'
15/10/2011 18:53:29 org.apache.catalina.core.ApplicationContext log
INFO: Manager: restart: Reloading web application '/Exame'
15/10/2011 18:54:50 org.apache.catalina.core.ApplicationContext log
INFO: Manager: list: Listing contexts for virtual host 'localhost'
15/10/2011 18:54:50 org.apache.catalina.core.ApplicationContext log
INFO: Manager: restart: Reloading web application '/Exame'
15/10/2011 18:55:09 org.apache.catalina.core.ApplicationContext log
INFO: Manager: list: Listing contexts for virtual host 'localhost'
15/10/2011 18:55:09 org.apache.catalina.core.ApplicationContext log
INFO: Manager: restart: Reloading web application '/Exame'
15/10/2011 18:56:11 org.apache.catalina.core.ApplicationContext log
INFO: Manager: list: Listing contexts for virtual host 'localhost'
15/10/2011 18:56:30 org.apache.catalina.core.ApplicationContext log
INFO: Manager: list: Listing contexts for virtual host 'localhost'
15/10/2011 19:00:22 org.apache.catalina.core.ApplicationContext log
INFO: Manager: list: Listing contexts for virtual host 'localhost'
15/10/2011 19:00:22 org.apache.catalina.core.ApplicationContext log
INFO: Manager: restart: Reloading web application '/Exame'
15/10/2011 19:00:34 org.apache.catalina.core.ApplicationContext log
INFO: Manager: list: Listing contexts for virtual host 'localhost'
15/10/2011 19:00:34 org.apache.catalina.core.ApplicationContext log
INFO: Manager: restart: Reloading web application '/Exame'
15/10/2011 19:02:34 org.apache.catalina.core.ApplicationContext log
INFO: Manager: list: Listing contexts for virtual host 'localhost'
15/10/2011 19:02:34 org.apache.catalina.core.ApplicationContext log
INFO: Manager: restart: Reloading web application '/Exame'
15/10/2011 19:03:16 org.apache.catalina.core.ApplicationContext log
INFO: Manager: list: Listing contexts for virtual host 'localhost'
15/10/2011 19:03:16 org.apache.catalina.core.ApplicationContext log
INFO: Manager: restart: Reloading web application '/Exame'
15/10/2011 19:03:41 org.apache.catalina.core.ApplicationContext log
INFO: Manager: list: Listing contexts for virtual host 'localhost'
15/10/2011 19:03:41 org.apache.catalina.core.ApplicationContext log
INFO: Manager: list: Listing contexts for virtual host 'localhost'
15/10/2011 19:03:42 org.apache.catalina.core.ApplicationContext log
INFO: Manager: restart: Reloading web application '/Exame'
15/10/2011 19:04:49 org.apache.catalina.core.ApplicationContext log
INFO: Manager: list: Listing contexts for virtual host 'localhost'
15/10/2011 19:04:58 org.apache.catalina.core.ApplicationContext log
INFO: Manager: list: Listing contexts for virtual host 'localhost'
15/10/2011 19:04:58 org.apache.catalina.core.ApplicationContext log
INFO: Manager: list: Listing contexts for virtual host 'localhost'
15/10/2011 19:07:26 org.apache.catalina.core.ApplicationContext log
INFO: Manager: list: Listing contexts for virtual host 'localhost'
15/10/2011 19:07:37 org.apache.catalina.core.ApplicationContext log
INFO: Manager: list: Listing contexts for virtual host 'localhost'
15/10/2011 19:07:37 org.apache.catalina.core.ApplicationContext log
INFO: Manager: restart: Reloading web application '/Exame'
15/10/2011 19:11:15 org.apache.catalina.core.ApplicationContext log
INFO: Manager: list: Listing contexts for virtual host 'localhost'
15/10/2011 19:11:15 org.apache.catalina.core.ApplicationContext log
INFO: Manager: restart: Reloading web application '/Exame'
15/10/2011 19:13:19 org.apache.catalina.core.ApplicationContext log
INFO: Manager: list: Listing contexts for virtual host 'localhost'
15/10/2011 19:13:19 org.apache.catalina.core.ApplicationContext log
INFO: Manager: restart: Reloading web application '/Exame'
15/10/2011 19:15:06 org.apache.catalina.core.ApplicationContext log
INFO: Manager: list: Listing contexts for virtual host 'localhost'
15/10/2011 19:15:06 org.apache.catalina.core.ApplicationContext log
INFO: Manager: restart: Reloading web application '/Exame'
15/10/2011 19:15:10 org.apache.catalina.core.ApplicationContext log
INFO: Manager: list: Listing contexts for virtual host 'localhost'
15/10/2011 19:15:10 org.apache.catalina.core.ApplicationContext log
INFO: Manager: restart: Reloading web application '/Exame'
15/10/2011 19:16:40 org.apache.catalina.core.ApplicationContext log
INFO: Manager: list: Listing contexts for virtual host 'localhost'
15/10/2011 19:16:40 org.apache.catalina.core.ApplicationContext log
INFO: Manager: restart: Reloading web application '/Exame'
15/10/2011 19:18:10 org.apache.catalina.core.ApplicationContext log
INFO: Manager: list: Listing contexts for virtual host 'localhost'
15/10/2011 19:18:10 org.apache.catalina.core.ApplicationContext log
INFO: Manager: restart: Reloading web application '/Exame'
15/10/2011 19:19:03 org.apache.catalina.core.ApplicationContext log
INFO: Manager: list: Listing contexts for virtual host 'localhost'
15/10/2011 19:19:03 org.apache.catalina.core.ApplicationContext log
INFO: Manager: restart: Reloading web application '/Exame'
15/10/2011 19:19:35 org.apache.catalina.core.ApplicationContext log
INFO: Manager: list: Listing contexts for virtual host 'localhost'
15/10/2011 19:19:35 org.apache.catalina.core.ApplicationContext log
INFO: Manager: list: Listing contexts for virtual host 'localhost'
15/10/2011 19:19:35 org.apache.catalina.core.ApplicationContext log
INFO: Manager: restart: Reloading web application '/Exame'
15/10/2011 19:20:51 org.apache.catalina.core.ApplicationContext log
INFO: Manager: list: Listing contexts for virtual host 'localhost'
15/10/2011 19:20:51 org.apache.catalina.core.ApplicationContext log
INFO: Manager: stop: Stopping web application '/Exame'
15/10/2011 19:20:52 org.apache.catalina.core.ApplicationContext log
INFO: Manager: start: Starting web application '/Exame'
15/10/2011 19:20:54 org.apache.catalina.core.ApplicationContext log
INFO: Manager: list: Listing contexts for virtual host 'localhost'
15/10/2011 19:20:54 org.apache.catalina.core.ApplicationContext log
INFO: Manager: restart: Reloading web application '/Exame'
15/10/2011 19:21:33 org.apache.catalina.core.ApplicationContext log
INFO: Manager: list: Listing contexts for virtual host 'localhost'
15/10/2011 19:21:36 org.apache.catalina.core.ApplicationContext log
INFO: Manager: list: Listing contexts for virtual host 'localhost'
15/10/2011 19:21:36 org.apache.catalina.core.ApplicationContext log
INFO: Manager: stop: Stopping web application '/Exame'
15/10/2011 19:21:37 org.apache.catalina.core.ApplicationContext log
INFO: Manager: start: Starting web application '/Exame'
15/10/2011 19:21:43 org.apache.catalina.core.ApplicationContext log
INFO: Manager: list: Listing contexts for virtual host 'localhost'
15/10/2011 19:21:43 org.apache.catalina.core.ApplicationContext log
INFO: Manager: list: Listing contexts for virtual host 'localhost'
15/10/2011 19:21:43 org.apache.catalina.core.ApplicationContext log
INFO: Manager: stop: Stopping web application '/Exame'
15/10/2011 19:21:45 org.apache.catalina.core.ApplicationContext log
INFO: Manager: start: Starting web application '/Exame'
